<?xml version="1.0" encoding="UTF-8"?>
<robot generator="Robot 5.0.1 (Python 3.9.13 on win32)" generated="20220914 10:16:40.366" rpa="true" schemaversion="3">
<suite id="s1" name="Task1" source="C:\Users\Q0041\Documents\Robots\Manapuram\Task1.robot">
<test id="s1-t1" name="Run Task" line="7">
<kw name="MAIN FLOW" library="tasks">
<kw name="Current Diectory" library="Data">
<var>${File}</var>
<msg timestamp="20220914 10:16:47.206" level="INFO">${File} = C:\Users\Q0041\Documents\Robots\Manapuram\input\Automation Test Case.xlsx</msg>
<status status="PASS" starttime="20220914 10:16:47.205" endtime="20220914 10:16:47.206"/>
</kw>
<kw name="Data Collection" library="tasks">
<kw name="Create Dict" library="Filtering">
<var>${data}</var>
<kw name="Current Diectory" library="Data">
<var>${File}</var>
<msg timestamp="20220914 10:16:47.207" level="INFO">${File} = C:\Users\Q0041\Documents\Robots\Manapuram\input\Automation Test Case.xlsx</msg>
<status status="PASS" starttime="20220914 10:16:47.207" endtime="20220914 10:16:47.207"/>
</kw>
<kw name="Open Workbook" library="RPA.Excel.Files">
<arg>${File}</arg>
<doc>Open an existing Excel workbook.</doc>
<msg timestamp="20220914 10:16:47.401" level="INFO">Opened workbook: &lt;RPA.Excel.Files.XlsxWorkbook object at 0x00000294D87AB910&gt;</msg>
<status status="PASS" starttime="20220914 10:16:47.208" endtime="20220914 10:16:47.401"/>
</kw>
<kw name="Read Worksheet As Table" library="RPA.Excel.Files">
<var>${data}</var>
<arg>Sheet2</arg>
<arg>header=${True}</arg>
<doc>Read the contents of a worksheet into a Table container. Allows
sorting/filtering/manipulating using the ``RPA.Tables`` library.</doc>
<msg timestamp="20220914 10:16:47.401" level="INFO">Created table: Table(columns=['Date', 'TEST CASE ID', 'TEST CASE NAME', 'Execute_Flag', 'Status', 'Scheduler'], rows=8)</msg>
<msg timestamp="20220914 10:16:47.401" level="INFO">${data} = Table(columns=['Date', 'TEST CASE ID', 'TEST CASE NAME', 'Execute_Flag', 'Status', 'Scheduler'], rows=8)</msg>
<status status="PASS" starttime="20220914 10:16:47.401" endtime="20220914 10:16:47.401"/>
</kw>
<kw name="Close Workbook" library="RPA.Excel.Files">
<doc>Close the active workbook.</doc>
<msg timestamp="20220914 10:16:47.401" level="INFO">Closing workbook: &lt;RPA.Excel.Files.XlsxWorkbook object at 0x00000294D87AB910&gt;</msg>
<status status="PASS" starttime="20220914 10:16:47.401" endtime="20220914 10:16:47.401"/>
</kw>
<kw name="Filter Table By Column" library="RPA.Tables">
<arg>${data}</arg>
<arg>Execute_Flag</arg>
<arg>==</arg>
<arg>YES</arg>
<doc>Remove all rows where column values don't match the
given condition.</doc>
<msg timestamp="20220914 10:16:47.401" level="INFO">Filtered 0 rows</msg>
<status status="PASS" starttime="20220914 10:16:47.401" endtime="20220914 10:16:47.401"/>
</kw>
<kw name="Create Dictionary" library="BuiltIn">
<var>&amp;{alldata}</var>
<doc>Creates and returns a dictionary based on the given ``items``.</doc>
<msg timestamp="20220914 10:16:47.401" level="INFO">&amp;{alldata} = { }</msg>
<status status="PASS" starttime="20220914 10:16:47.401" endtime="20220914 10:16:47.401"/>
</kw>
<for flavor="IN">
<var>${row}</var>
<value>@{data}</value>
<iter>
<var name="${row}">{'Date': datetime.datetime(2022, 9, 6, 0, 0), 'TEST CASE ID': 'TC_01', 'TEST CASE NAME': 'Portal Launching', 'Execute_Flag': 'YES', 'Status': 'pass', 'Scheduler': 2}</var>
<kw name="Create Dictionary" library="BuiltIn">
<var>&amp;{valuedata}</var>
<arg>TEST CASE NAME</arg>
<arg>${row}[TEST CASE NAME]</arg>
<arg>Execute_Flag</arg>
<arg>${row}[Execute_Flag]</arg>
<arg>Scheduler</arg>
<arg>${row}[Scheduler]</arg>
<doc>Creates and returns a dictionary based on the given ``items``.</doc>
<msg timestamp="20220914 10:16:47.401" level="INFO">&amp;{valuedata} = { TEST CASE NAME=Portal Launching | Execute_Flag=YES | Scheduler=2 }</msg>
<status status="PASS" starttime="20220914 10:16:47.401" endtime="20220914 10:16:47.401"/>
</kw>
<kw name="Set To Dictionary" library="Collections">
<arg>${alldata}</arg>
<arg>${row['TEST CASE ID']}</arg>
<arg>${valuedata}</arg>
<doc>Adds the given ``key_value_pairs`` and ``items`` to the ``dictionary``.</doc>
<status status="PASS" starttime="20220914 10:16:47.401" endtime="20220914 10:16:47.401"/>
</kw>
<status status="PASS" starttime="20220914 10:16:47.401" endtime="20220914 10:16:47.401"/>
</iter>
<iter>
<var name="${row}">{'Date': None, 'TEST CASE ID': 'TC_02', 'TEST CASE NAME': 'Quick Pay in Portal', 'Execute_Flag': 'YES', 'Status': 'pass', 'Scheduler': 2}</var>
<kw name="Create Dictionary" library="BuiltIn">
<var>&amp;{valuedata}</var>
<arg>TEST CASE NAME</arg>
<arg>${row}[TEST CASE NAME]</arg>
<arg>Execute_Flag</arg>
<arg>${row}[Execute_Flag]</arg>
<arg>Scheduler</arg>
<arg>${row}[Scheduler]</arg>
<doc>Creates and returns a dictionary based on the given ``items``.</doc>
<msg timestamp="20220914 10:16:47.407" level="INFO">&amp;{valuedata} = { TEST CASE NAME=Quick Pay in Portal | Execute_Flag=YES | Scheduler=2 }</msg>
<status status="PASS" starttime="20220914 10:16:47.407" endtime="20220914 10:16:47.407"/>
</kw>
<kw name="Set To Dictionary" library="Collections">
<arg>${alldata}</arg>
<arg>${row['TEST CASE ID']}</arg>
<arg>${valuedata}</arg>
<doc>Adds the given ``key_value_pairs`` and ``items`` to the ``dictionary``.</doc>
<status status="PASS" starttime="20220914 10:16:47.407" endtime="20220914 10:16:47.407"/>
</kw>
<status status="PASS" starttime="20220914 10:16:47.407" endtime="20220914 10:16:47.407"/>
</iter>
<iter>
<var name="${row}">{'Date': None, 'TEST CASE ID': 'TC_03', 'TEST CASE NAME': 'Portal Login', 'Execute_Flag': 'YES', 'Status': 'pass', 'Scheduler': None}</var>
<kw name="Create Dictionary" library="BuiltIn">
<var>&amp;{valuedata}</var>
<arg>TEST CASE NAME</arg>
<arg>${row}[TEST CASE NAME]</arg>
<arg>Execute_Flag</arg>
<arg>${row}[Execute_Flag]</arg>
<arg>Scheduler</arg>
<arg>${row}[Scheduler]</arg>
<doc>Creates and returns a dictionary based on the given ``items``.</doc>
<msg timestamp="20220914 10:16:47.407" level="INFO">&amp;{valuedata} = { TEST CASE NAME=Portal Login | Execute_Flag=YES | Scheduler=None }</msg>
<status status="PASS" starttime="20220914 10:16:47.407" endtime="20220914 10:16:47.407"/>
</kw>
<kw name="Set To Dictionary" library="Collections">
<arg>${alldata}</arg>
<arg>${row['TEST CASE ID']}</arg>
<arg>${valuedata}</arg>
<doc>Adds the given ``key_value_pairs`` and ``items`` to the ``dictionary``.</doc>
<status status="PASS" starttime="20220914 10:16:47.407" endtime="20220914 10:16:47.407"/>
</kw>
<status status="PASS" starttime="20220914 10:16:47.407" endtime="20220914 10:16:47.407"/>
</iter>
<iter>
<var name="${row}">{'Date': None, 'TEST CASE ID': 'TC_04', 'TEST CASE NAME': 'Portal Login with Email Notification', 'Execute_Flag': 'YES', 'Status': 'pass', 'Scheduler': 2}</var>
<kw name="Create Dictionary" library="BuiltIn">
<var>&amp;{valuedata}</var>
<arg>TEST CASE NAME</arg>
<arg>${row}[TEST CASE NAME]</arg>
<arg>Execute_Flag</arg>
<arg>${row}[Execute_Flag]</arg>
<arg>Scheduler</arg>
<arg>${row}[Scheduler]</arg>
<doc>Creates and returns a dictionary based on the given ``items``.</doc>
<msg timestamp="20220914 10:16:47.407" level="INFO">&amp;{valuedata} = { TEST CASE NAME=Portal Login with Email Notification | Execute_Flag=YES | Scheduler=2 }</msg>
<status status="PASS" starttime="20220914 10:16:47.407" endtime="20220914 10:16:47.407"/>
</kw>
<kw name="Set To Dictionary" library="Collections">
<arg>${alldata}</arg>
<arg>${row['TEST CASE ID']}</arg>
<arg>${valuedata}</arg>
<doc>Adds the given ``key_value_pairs`` and ``items`` to the ``dictionary``.</doc>
<status status="PASS" starttime="20220914 10:16:47.407" endtime="20220914 10:16:47.407"/>
</kw>
<status status="PASS" starttime="20220914 10:16:47.407" endtime="20220914 10:16:47.407"/>
</iter>
<iter>
<var name="${row}">{'Date': None, 'TEST CASE ID': 'TC_05', 'TEST CASE NAME': 'Portal login with menus validation', 'Execute_Flag': 'YES', 'Status': 'pass', 'Scheduler': None}</var>
<kw name="Create Dictionary" library="BuiltIn">
<var>&amp;{valuedata}</var>
<arg>TEST CASE NAME</arg>
<arg>${row}[TEST CASE NAME]</arg>
<arg>Execute_Flag</arg>
<arg>${row}[Execute_Flag]</arg>
<arg>Scheduler</arg>
<arg>${row}[Scheduler]</arg>
<doc>Creates and returns a dictionary based on the given ``items``.</doc>
<msg timestamp="20220914 10:16:47.411" level="INFO">&amp;{valuedata} = { TEST CASE NAME=Portal login with menus validation | Execute_Flag=YES | Scheduler=None }</msg>
<status status="PASS" starttime="20220914 10:16:47.407" endtime="20220914 10:16:47.411"/>
</kw>
<kw name="Set To Dictionary" library="Collections">
<arg>${alldata}</arg>
<arg>${row['TEST CASE ID']}</arg>
<arg>${valuedata}</arg>
<doc>Adds the given ``key_value_pairs`` and ``items`` to the ``dictionary``.</doc>
<status status="PASS" starttime="20220914 10:16:47.411" endtime="20220914 10:16:47.411"/>
</kw>
<status status="PASS" starttime="20220914 10:16:47.407" endtime="20220914 10:16:47.411"/>
</iter>
<iter>
<var name="${row}">{'Date': None, 'TEST CASE ID': 'TC_06', 'TEST CASE NAME': 'Portal Login with the user verification', 'Execute_Flag': 'YES', 'Status': 'pass', 'Scheduler': 2}</var>
<kw name="Create Dictionary" library="BuiltIn">
<var>&amp;{valuedata}</var>
<arg>TEST CASE NAME</arg>
<arg>${row}[TEST CASE NAME]</arg>
<arg>Execute_Flag</arg>
<arg>${row}[Execute_Flag]</arg>
<arg>Scheduler</arg>
<arg>${row}[Scheduler]</arg>
<doc>Creates and returns a dictionary based on the given ``items``.</doc>
<msg timestamp="20220914 10:16:47.411" level="INFO">&amp;{valuedata} = { TEST CASE NAME=Portal Login with the user verification | Execute_Flag=YES | Scheduler=2 }</msg>
<status status="PASS" starttime="20220914 10:16:47.411" endtime="20220914 10:16:47.411"/>
</kw>
<kw name="Set To Dictionary" library="Collections">
<arg>${alldata}</arg>
<arg>${row['TEST CASE ID']}</arg>
<arg>${valuedata}</arg>
<doc>Adds the given ``key_value_pairs`` and ``items`` to the ``dictionary``.</doc>
<status status="PASS" starttime="20220914 10:16:47.411" endtime="20220914 10:16:47.411"/>
</kw>
<status status="PASS" starttime="20220914 10:16:47.411" endtime="20220914 10:16:47.411"/>
</iter>
<iter>
<var name="${row}">{'Date': None, 'TEST CASE ID': 'TC_07', 'TEST CASE NAME': 'Portal sign out', 'Execute_Flag': 'YES', 'Status': 'pass', 'Scheduler': 2}</var>
<kw name="Create Dictionary" library="BuiltIn">
<var>&amp;{valuedata}</var>
<arg>TEST CASE NAME</arg>
<arg>${row}[TEST CASE NAME]</arg>
<arg>Execute_Flag</arg>
<arg>${row}[Execute_Flag]</arg>
<arg>Scheduler</arg>
<arg>${row}[Scheduler]</arg>
<doc>Creates and returns a dictionary based on the given ``items``.</doc>
<msg timestamp="20220914 10:16:47.411" level="INFO">&amp;{valuedata} = { TEST CASE NAME=Portal sign out | Execute_Flag=YES | Scheduler=2 }</msg>
<status status="PASS" starttime="20220914 10:16:47.411" endtime="20220914 10:16:47.411"/>
</kw>
<kw name="Set To Dictionary" library="Collections">
<arg>${alldata}</arg>
<arg>${row['TEST CASE ID']}</arg>
<arg>${valuedata}</arg>
<doc>Adds the given ``key_value_pairs`` and ``items`` to the ``dictionary``.</doc>
<status status="PASS" starttime="20220914 10:16:47.411" endtime="20220914 10:16:47.411"/>
</kw>
<status status="PASS" starttime="20220914 10:16:47.411" endtime="20220914 10:16:47.411"/>
</iter>
<iter>
<var name="${row}">{'Date': None, 'TEST CASE ID': 'TC_08', 'TEST CASE NAME': 'PayTM Login', 'Execute_Flag': 'YES', 'Status': 'pass', 'Scheduler': 2}</var>
<kw name="Create Dictionary" library="BuiltIn">
<var>&amp;{valuedata}</var>
<arg>TEST CASE NAME</arg>
<arg>${row}[TEST CASE NAME]</arg>
<arg>Execute_Flag</arg>
<arg>${row}[Execute_Flag]</arg>
<arg>Scheduler</arg>
<arg>${row}[Scheduler]</arg>
<doc>Creates and returns a dictionary based on the given ``items``.</doc>
<msg timestamp="20220914 10:16:47.411" level="INFO">&amp;{valuedata} = { TEST CASE NAME=PayTM Login | Execute_Flag=YES | Scheduler=2 }</msg>
<status status="PASS" starttime="20220914 10:16:47.411" endtime="20220914 10:16:47.411"/>
</kw>
<kw name="Set To Dictionary" library="Collections">
<arg>${alldata}</arg>
<arg>${row['TEST CASE ID']}</arg>
<arg>${valuedata}</arg>
<doc>Adds the given ``key_value_pairs`` and ``items`` to the ``dictionary``.</doc>
<status status="PASS" starttime="20220914 10:16:47.411" endtime="20220914 10:16:47.411"/>
</kw>
<status status="PASS" starttime="20220914 10:16:47.411" endtime="20220914 10:16:47.411"/>
</iter>
<status status="PASS" starttime="20220914 10:16:47.401" endtime="20220914 10:16:47.411"/>
</for>
<kw name="Open Workbook" library="RPA.Excel.Files">
<arg>${File}</arg>
<doc>Open an existing Excel workbook.</doc>
<msg timestamp="20220914 10:16:47.473" level="INFO">Opened workbook: &lt;RPA.Excel.Files.XlsxWorkbook object at 0x00000294DB32D7F0&gt;</msg>
<status status="PASS" starttime="20220914 10:16:47.411" endtime="20220914 10:16:47.473"/>
</kw>
<kw name="Read Worksheet As Table" library="RPA.Excel.Files">
<var>${data2}</var>
<arg>Sheet3</arg>
<arg>header=${True}</arg>
<doc>Read the contents of a worksheet into a Table container. Allows
sorting/filtering/manipulating using the ``RPA.Tables`` library.</doc>
<msg timestamp="20220914 10:16:47.473" level="INFO">Created table: Table(columns=['Date', 'TestCase_Id', 'TestName', 'PageLoading_Text', 'UserName', 'Password'], rows=8)</msg>
<msg timestamp="20220914 10:16:47.473" level="INFO">${data2} = Table(columns=['Date', 'TestCase_Id', 'TestName', 'PageLoading_Text', 'UserName', 'Password'], rows=8)</msg>
<status status="PASS" starttime="20220914 10:16:47.473" endtime="20220914 10:16:47.473"/>
</kw>
<kw name="Close Workbook" library="RPA.Excel.Files">
<doc>Close the active workbook.</doc>
<msg timestamp="20220914 10:16:47.473" level="INFO">Closing workbook: &lt;RPA.Excel.Files.XlsxWorkbook object at 0x00000294DB32D7F0&gt;</msg>
<status status="PASS" starttime="20220914 10:16:47.473" endtime="20220914 10:16:47.473"/>
</kw>
<kw name="Filter Table By Column" library="RPA.Tables">
<arg>${data2}</arg>
<arg>TestCase_Id</arg>
<arg>in</arg>
<arg>${alldata.keys()}</arg>
<doc>Remove all rows where column values don't match the
given condition.</doc>
<msg timestamp="20220914 10:16:47.473" level="INFO">Filtered 0 rows</msg>
<status status="PASS" starttime="20220914 10:16:47.473" endtime="20220914 10:16:47.473"/>
</kw>
<for flavor="IN">
<var>${row}</var>
<value>@{data2}</value>
<iter>
<var name="${row}">{'Date': datetime.datetime(2022, 9, 6, 0, 0), 'TestCase_Id': 'TC_01', 'TestName': 'Portal Launching', 'PageLoading_Text': 'Welcome To Manappuram Finance Limited Customer eService Portal\n', 'UserName'...</var>
<kw name="Set To Dictionary" library="Collections">
<arg>${alldata}[${row['TestCase_Id']}]</arg>
<arg>username</arg>
<arg>${row}[UserName]</arg>
<arg>password</arg>
<arg>${row}[Password]</arg>
<doc>Adds the given ``key_value_pairs`` and ``items`` to the ``dictionary``.</doc>
<status status="PASS" starttime="20220914 10:16:47.473" endtime="20220914 10:16:47.473"/>
</kw>
<status status="PASS" starttime="20220914 10:16:47.473" endtime="20220914 10:16:47.473"/>
</iter>
<iter>
<var name="${row}">{'Date': None, 'TestCase_Id': 'TC_02', 'TestName': 'Quick Pay in Portal', 'PageLoading_Text': None, 'UserName': None, 'Password': None}</var>
<kw name="Set To Dictionary" library="Collections">
<arg>${alldata}[${row['TestCase_Id']}]</arg>
<arg>username</arg>
<arg>${row}[UserName]</arg>
<arg>password</arg>
<arg>${row}[Password]</arg>
<doc>Adds the given ``key_value_pairs`` and ``items`` to the ``dictionary``.</doc>
<status status="PASS" starttime="20220914 10:16:47.473" endtime="20220914 10:16:47.473"/>
</kw>
<status status="PASS" starttime="20220914 10:16:47.473" endtime="20220914 10:16:47.473"/>
</iter>
<iter>
<var name="${row}">{'Date': None, 'TestCase_Id': 'TC_03', 'TestName': 'Portal Login', 'PageLoading_Text': None, 'UserName': 9496292627, 'Password': 'j9496292627'}</var>
<kw name="Set To Dictionary" library="Collections">
<arg>${alldata}[${row['TestCase_Id']}]</arg>
<arg>username</arg>
<arg>${row}[UserName]</arg>
<arg>password</arg>
<arg>${row}[Password]</arg>
<doc>Adds the given ``key_value_pairs`` and ``items`` to the ``dictionary``.</doc>
<status status="PASS" starttime="20220914 10:16:47.473" endtime="20220914 10:16:47.473"/>
</kw>
<status status="PASS" starttime="20220914 10:16:47.473" endtime="20220914 10:16:47.473"/>
</iter>
<iter>
<var name="${row}">{'Date': None, 'TestCase_Id': 'TC_04', 'TestName': 'Portal Login with Email Notification', 'PageLoading_Text': None, 'UserName': None, 'Password': None}</var>
<kw name="Set To Dictionary" library="Collections">
<arg>${alldata}[${row['TestCase_Id']}]</arg>
<arg>username</arg>
<arg>${row}[UserName]</arg>
<arg>password</arg>
<arg>${row}[Password]</arg>
<doc>Adds the given ``key_value_pairs`` and ``items`` to the ``dictionary``.</doc>
<status status="PASS" starttime="20220914 10:16:47.473" endtime="20220914 10:16:47.473"/>
</kw>
<status status="PASS" starttime="20220914 10:16:47.473" endtime="20220914 10:16:47.473"/>
</iter>
<iter>
<var name="${row}">{'Date': None, 'TestCase_Id': 'TC_05', 'TestName': 'Portal login with menus validation', 'PageLoading_Text': None, 'UserName': None, 'Password': None}</var>
<kw name="Set To Dictionary" library="Collections">
<arg>${alldata}[${row['TestCase_Id']}]</arg>
<arg>username</arg>
<arg>${row}[UserName]</arg>
<arg>password</arg>
<arg>${row}[Password]</arg>
<doc>Adds the given ``key_value_pairs`` and ``items`` to the ``dictionary``.</doc>
<status status="PASS" starttime="20220914 10:16:47.473" endtime="20220914 10:16:47.473"/>
</kw>
<status status="PASS" starttime="20220914 10:16:47.473" endtime="20220914 10:16:47.473"/>
</iter>
<iter>
<var name="${row}">{'Date': None, 'TestCase_Id': 'TC_06', 'TestName': 'Portal Login with the user verification', 'PageLoading_Text': None, 'UserName': 'JAYANTHI C V', 'Password': None}</var>
<kw name="Set To Dictionary" library="Collections">
<arg>${alldata}[${row['TestCase_Id']}]</arg>
<arg>username</arg>
<arg>${row}[UserName]</arg>
<arg>password</arg>
<arg>${row}[Password]</arg>
<doc>Adds the given ``key_value_pairs`` and ``items`` to the ``dictionary``.</doc>
<status status="PASS" starttime="20220914 10:16:47.473" endtime="20220914 10:16:47.473"/>
</kw>
<status status="PASS" starttime="20220914 10:16:47.473" endtime="20220914 10:16:47.473"/>
</iter>
<iter>
<var name="${row}">{'Date': None, 'TestCase_Id': 'TC_07', 'TestName': 'Portal sign out', 'PageLoading_Text': None, 'UserName': None, 'Password': None}</var>
<kw name="Set To Dictionary" library="Collections">
<arg>${alldata}[${row['TestCase_Id']}]</arg>
<arg>username</arg>
<arg>${row}[UserName]</arg>
<arg>password</arg>
<arg>${row}[Password]</arg>
<doc>Adds the given ``key_value_pairs`` and ``items`` to the ``dictionary``.</doc>
<status status="PASS" starttime="20220914 10:16:47.473" endtime="20220914 10:16:47.473"/>
</kw>
<status status="PASS" starttime="20220914 10:16:47.473" endtime="20220914 10:16:47.473"/>
</iter>
<iter>
<var name="${row}">{'Date': None, 'TestCase_Id': 'TC_08', 'TestName': 'PayTM Login', 'PageLoading_Text': None, 'UserName': None, 'Password': None}</var>
<kw name="Set To Dictionary" library="Collections">
<arg>${alldata}[${row['TestCase_Id']}]</arg>
<arg>username</arg>
<arg>${row}[UserName]</arg>
<arg>password</arg>
<arg>${row}[Password]</arg>
<doc>Adds the given ``key_value_pairs`` and ``items`` to the ``dictionary``.</doc>
<status status="PASS" starttime="20220914 10:16:47.473" endtime="20220914 10:16:47.473"/>
</kw>
<status status="PASS" starttime="20220914 10:16:47.473" endtime="20220914 10:16:47.473"/>
</iter>
<status status="PASS" starttime="20220914 10:16:47.473" endtime="20220914 10:16:47.473"/>
</for>
<kw name="Log To Console" library="BuiltIn">
<arg>${alldata}[TC_02][username]</arg>
<doc>Logs the given message to the console.</doc>
<status status="PASS" starttime="20220914 10:16:47.473" endtime="20220914 10:16:47.473"/>
</kw>
<kw name="Return From Keyword" library="BuiltIn">
<arg>${alldata}</arg>
<doc>Returns from the enclosing user keyword.</doc>
<msg timestamp="20220914 10:16:47.486" level="INFO">Returning from the enclosing user keyword.</msg>
<status status="PASS" starttime="20220914 10:16:47.473" endtime="20220914 10:16:47.487"/>
</kw>
<msg timestamp="20220914 10:16:47.487" level="INFO">${data} = {'TC_01': {'TEST CASE NAME': 'Portal Launching', 'Execute_Flag': 'YES', 'Scheduler': 2, 'username': None, 'password': None}, 'TC_02': {'TEST CASE NAME': 'Quick Pay in Portal', 'Execute_Flag': 'YES', '...</msg>
<status status="PASS" starttime="20220914 10:16:47.207" endtime="20220914 10:16:47.487"/>
</kw>
<kw name="Set Global Variable" library="BuiltIn">
<arg>${details}</arg>
<arg>${data}</arg>
<doc>Makes a variable available globally in all tests and suites.</doc>
<msg timestamp="20220914 10:16:47.487" level="INFO">${details} = {'TC_01': {'TEST CASE NAME': 'Portal Launching', 'Execute_Flag': 'YES', 'Scheduler': 2, 'username': None, 'password': None}, 'TC_02': {'TEST CASE NAME': 'Quick Pay in Portal', 'Execute_Flag': 'YES', '...</msg>
<status status="PASS" starttime="20220914 10:16:47.487" endtime="20220914 10:16:47.487"/>
</kw>
<status status="PASS" starttime="20220914 10:16:47.206" endtime="20220914 10:16:47.487"/>
</kw>
<kw name="Filtering Data" library="Filtering">
<var>${data}</var>
<kw name="Current Diectory" library="Data">
<var>${File}</var>
<msg timestamp="20220914 10:16:47.487" level="INFO">${File} = C:\Users\Q0041\Documents\Robots\Manapuram\input\Automation Test Case.xlsx</msg>
<status status="PASS" starttime="20220914 10:16:47.487" endtime="20220914 10:16:47.487"/>
</kw>
<kw name="Open Workbook" library="RPA.Excel.Files">
<arg>${File}</arg>
<doc>Open an existing Excel workbook.</doc>
<msg timestamp="20220914 10:16:47.535" level="INFO">Opened workbook: &lt;RPA.Excel.Files.XlsxWorkbook object at 0x00000294DB680820&gt;</msg>
<status status="PASS" starttime="20220914 10:16:47.487" endtime="20220914 10:16:47.535"/>
</kw>
<kw name="Read Worksheet As Table" library="RPA.Excel.Files">
<var>${data}</var>
<arg>Sheet2</arg>
<arg>header=${True}</arg>
<doc>Read the contents of a worksheet into a Table container. Allows
sorting/filtering/manipulating using the ``RPA.Tables`` library.</doc>
<msg timestamp="20220914 10:16:47.535" level="INFO">Created table: Table(columns=['Date', 'TEST CASE ID', 'TEST CASE NAME', 'Execute_Flag', 'Status', 'Scheduler'], rows=8)</msg>
<msg timestamp="20220914 10:16:47.535" level="INFO">${data} = Table(columns=['Date', 'TEST CASE ID', 'TEST CASE NAME', 'Execute_Flag', 'Status', 'Scheduler'], rows=8)</msg>
<status status="PASS" starttime="20220914 10:16:47.535" endtime="20220914 10:16:47.535"/>
</kw>
<kw name="Close Workbook" library="RPA.Excel.Files">
<doc>Close the active workbook.</doc>
<msg timestamp="20220914 10:16:47.535" level="INFO">Closing workbook: &lt;RPA.Excel.Files.XlsxWorkbook object at 0x00000294DB680820&gt;</msg>
<status status="PASS" starttime="20220914 10:16:47.535" endtime="20220914 10:16:47.535"/>
</kw>
<kw name="Filter Table By Column" library="RPA.Tables">
<arg>${data}</arg>
<arg>Execute_Flag</arg>
<arg>==</arg>
<arg>YES</arg>
<doc>Remove all rows where column values don't match the
given condition.</doc>
<msg timestamp="20220914 10:16:47.535" level="INFO">Filtered 0 rows</msg>
<status status="PASS" starttime="20220914 10:16:47.535" endtime="20220914 10:16:47.535"/>
</kw>
<kw name="Create List" library="BuiltIn">
<var>@{Menu_list}</var>
<doc>Returns a list containing given items.</doc>
<msg timestamp="20220914 10:16:47.535" level="INFO">@{Menu_list} = [ ]</msg>
<status status="PASS" starttime="20220914 10:16:47.535" endtime="20220914 10:16:47.535"/>
</kw>
<for flavor="IN">
<var>${element}</var>
<value>@{data}</value>
<iter>
<var name="${element}">{'Date': datetime.datetime(2022, 9, 6, 0, 0), 'TEST CASE ID': 'TC_01', 'TEST CASE NAME': 'Portal Launching', 'Execute_Flag': 'YES', 'Status': 'pass', 'Scheduler': 2}</var>
<kw name="Notebook Print" library="RPA.core.notebook">
<arg>${element}</arg>
<doc>Display IPython Markdown object in the notebook</doc>
<status status="PASS" starttime="20220914 10:16:47.535" endtime="20220914 10:16:47.535"/>
</kw>
<kw name="Append To List" library="Collections">
<arg>${Menu_list}</arg>
<arg>${element}[TEST CASE ID]</arg>
<doc>Adds ``values`` to the end of ``list``.</doc>
<status status="PASS" starttime="20220914 10:16:47.551" endtime="20220914 10:16:47.551"/>
</kw>
<status status="PASS" starttime="20220914 10:16:47.535" endtime="20220914 10:16:47.551"/>
</iter>
<iter>
<var name="${element}">{'Date': None, 'TEST CASE ID': 'TC_02', 'TEST CASE NAME': 'Quick Pay in Portal', 'Execute_Flag': 'YES', 'Status': 'pass', 'Scheduler': 2}</var>
<kw name="Notebook Print" library="RPA.core.notebook">
<arg>${element}</arg>
<doc>Display IPython Markdown object in the notebook</doc>
<status status="PASS" starttime="20220914 10:16:47.551" endtime="20220914 10:16:47.551"/>
</kw>
<kw name="Append To List" library="Collections">
<arg>${Menu_list}</arg>
<arg>${element}[TEST CASE ID]</arg>
<doc>Adds ``values`` to the end of ``list``.</doc>
<status status="PASS" starttime="20220914 10:16:47.551" endtime="20220914 10:16:47.551"/>
</kw>
<status status="PASS" starttime="20220914 10:16:47.551" endtime="20220914 10:16:47.551"/>
</iter>
<iter>
<var name="${element}">{'Date': None, 'TEST CASE ID': 'TC_03', 'TEST CASE NAME': 'Portal Login', 'Execute_Flag': 'YES', 'Status': 'pass', 'Scheduler': None}</var>
<kw name="Notebook Print" library="RPA.core.notebook">
<arg>${element}</arg>
<doc>Display IPython Markdown object in the notebook</doc>
<status status="PASS" starttime="20220914 10:16:47.551" endtime="20220914 10:16:47.551"/>
</kw>
<kw name="Append To List" library="Collections">
<arg>${Menu_list}</arg>
<arg>${element}[TEST CASE ID]</arg>
<doc>Adds ``values`` to the end of ``list``.</doc>
<status status="PASS" starttime="20220914 10:16:47.551" endtime="20220914 10:16:47.551"/>
</kw>
<status status="PASS" starttime="20220914 10:16:47.551" endtime="20220914 10:16:47.551"/>
</iter>
<iter>
<var name="${element}">{'Date': None, 'TEST CASE ID': 'TC_04', 'TEST CASE NAME': 'Portal Login with Email Notification', 'Execute_Flag': 'YES', 'Status': 'pass', 'Scheduler': 2}</var>
<kw name="Notebook Print" library="RPA.core.notebook">
<arg>${element}</arg>
<doc>Display IPython Markdown object in the notebook</doc>
<status status="PASS" starttime="20220914 10:16:47.551" endtime="20220914 10:16:47.551"/>
</kw>
<kw name="Append To List" library="Collections">
<arg>${Menu_list}</arg>
<arg>${element}[TEST CASE ID]</arg>
<doc>Adds ``values`` to the end of ``list``.</doc>
<status status="PASS" starttime="20220914 10:16:47.551" endtime="20220914 10:16:47.551"/>
</kw>
<status status="PASS" starttime="20220914 10:16:47.551" endtime="20220914 10:16:47.551"/>
</iter>
<iter>
<var name="${element}">{'Date': None, 'TEST CASE ID': 'TC_05', 'TEST CASE NAME': 'Portal login with menus validation', 'Execute_Flag': 'YES', 'Status': 'pass', 'Scheduler': None}</var>
<kw name="Notebook Print" library="RPA.core.notebook">
<arg>${element}</arg>
<doc>Display IPython Markdown object in the notebook</doc>
<status status="PASS" starttime="20220914 10:16:47.551" endtime="20220914 10:16:47.551"/>
</kw>
<kw name="Append To List" library="Collections">
<arg>${Menu_list}</arg>
<arg>${element}[TEST CASE ID]</arg>
<doc>Adds ``values`` to the end of ``list``.</doc>
<status status="PASS" starttime="20220914 10:16:47.551" endtime="20220914 10:16:47.551"/>
</kw>
<status status="PASS" starttime="20220914 10:16:47.551" endtime="20220914 10:16:47.551"/>
</iter>
<iter>
<var name="${element}">{'Date': None, 'TEST CASE ID': 'TC_06', 'TEST CASE NAME': 'Portal Login with the user verification', 'Execute_Flag': 'YES', 'Status': 'pass', 'Scheduler': 2}</var>
<kw name="Notebook Print" library="RPA.core.notebook">
<arg>${element}</arg>
<doc>Display IPython Markdown object in the notebook</doc>
<status status="PASS" starttime="20220914 10:16:47.551" endtime="20220914 10:16:47.551"/>
</kw>
<kw name="Append To List" library="Collections">
<arg>${Menu_list}</arg>
<arg>${element}[TEST CASE ID]</arg>
<doc>Adds ``values`` to the end of ``list``.</doc>
<status status="PASS" starttime="20220914 10:16:47.551" endtime="20220914 10:16:47.551"/>
</kw>
<status status="PASS" starttime="20220914 10:16:47.551" endtime="20220914 10:16:47.551"/>
</iter>
<iter>
<var name="${element}">{'Date': None, 'TEST CASE ID': 'TC_07', 'TEST CASE NAME': 'Portal sign out', 'Execute_Flag': 'YES', 'Status': 'pass', 'Scheduler': 2}</var>
<kw name="Notebook Print" library="RPA.core.notebook">
<arg>${element}</arg>
<doc>Display IPython Markdown object in the notebook</doc>
<status status="PASS" starttime="20220914 10:16:47.551" endtime="20220914 10:16:47.551"/>
</kw>
<kw name="Append To List" library="Collections">
<arg>${Menu_list}</arg>
<arg>${element}[TEST CASE ID]</arg>
<doc>Adds ``values`` to the end of ``list``.</doc>
<status status="PASS" starttime="20220914 10:16:47.551" endtime="20220914 10:16:47.551"/>
</kw>
<status status="PASS" starttime="20220914 10:16:47.551" endtime="20220914 10:16:47.551"/>
</iter>
<iter>
<var name="${element}">{'Date': None, 'TEST CASE ID': 'TC_08', 'TEST CASE NAME': 'PayTM Login', 'Execute_Flag': 'YES', 'Status': 'pass', 'Scheduler': 2}</var>
<kw name="Notebook Print" library="RPA.core.notebook">
<arg>${element}</arg>
<doc>Display IPython Markdown object in the notebook</doc>
<status status="PASS" starttime="20220914 10:16:47.551" endtime="20220914 10:16:47.551"/>
</kw>
<kw name="Append To List" library="Collections">
<arg>${Menu_list}</arg>
<arg>${element}[TEST CASE ID]</arg>
<doc>Adds ``values`` to the end of ``list``.</doc>
<status status="PASS" starttime="20220914 10:16:47.551" endtime="20220914 10:16:47.551"/>
</kw>
<status status="PASS" starttime="20220914 10:16:47.551" endtime="20220914 10:16:47.551"/>
</iter>
<status status="PASS" starttime="20220914 10:16:47.535" endtime="20220914 10:16:47.551"/>
</for>
<kw name="Notebook Print" library="RPA.core.notebook">
<arg>${Menu_list}</arg>
<doc>Display IPython Markdown object in the notebook</doc>
<status status="PASS" starttime="20220914 10:16:47.551" endtime="20220914 10:16:47.551"/>
</kw>
<kw name="Open Workbook" library="RPA.Excel.Files">
<arg>${File}</arg>
<doc>Open an existing Excel workbook.</doc>
<msg timestamp="20220914 10:16:47.605" level="INFO">Opened workbook: &lt;RPA.Excel.Files.XlsxWorkbook object at 0x00000294DB68AC40&gt;</msg>
<status status="PASS" starttime="20220914 10:16:47.551" endtime="20220914 10:16:47.606"/>
</kw>
<kw name="Read Worksheet As Table" library="RPA.Excel.Files">
<var>${data2}</var>
<arg>Sheet3</arg>
<arg>header=${True}</arg>
<doc>Read the contents of a worksheet into a Table container. Allows
sorting/filtering/manipulating using the ``RPA.Tables`` library.</doc>
<msg timestamp="20220914 10:16:47.606" level="INFO">Created table: Table(columns=['Date', 'TestCase_Id', 'TestName', 'PageLoading_Text', 'UserName', 'Password'], rows=8)</msg>
<msg timestamp="20220914 10:16:47.606" level="INFO">${data2} = Table(columns=['Date', 'TestCase_Id', 'TestName', 'PageLoading_Text', 'UserName', 'Password'], rows=8)</msg>
<status status="PASS" starttime="20220914 10:16:47.606" endtime="20220914 10:16:47.606"/>
</kw>
<kw name="Close Workbook" library="RPA.Excel.Files">
<doc>Close the active workbook.</doc>
<msg timestamp="20220914 10:16:47.607" level="INFO">Closing workbook: &lt;RPA.Excel.Files.XlsxWorkbook object at 0x00000294DB68AC40&gt;</msg>
<status status="PASS" starttime="20220914 10:16:47.606" endtime="20220914 10:16:47.607"/>
</kw>
<kw name="Filter Table By Column" library="RPA.Tables">
<arg>${data2}</arg>
<arg>TestCase_Id</arg>
<arg>in</arg>
<arg>${Menu_list}</arg>
<doc>Remove all rows where column values don't match the
given condition.</doc>
<msg timestamp="20220914 10:16:47.607" level="INFO">Filtered 0 rows</msg>
<status status="PASS" starttime="20220914 10:16:47.607" endtime="20220914 10:16:47.607"/>
</kw>
<kw name="Log To Console" library="BuiltIn">
<arg>${data2}</arg>
<doc>Logs the given message to the console.</doc>
<status status="PASS" starttime="20220914 10:16:47.607" endtime="20220914 10:16:47.607"/>
</kw>
<kw name="Return From Keyword" library="BuiltIn">
<arg>${data2}</arg>
<doc>Returns from the enclosing user keyword.</doc>
<msg timestamp="20220914 10:16:47.608" level="INFO">Returning from the enclosing user keyword.</msg>
<status status="PASS" starttime="20220914 10:16:47.607" endtime="20220914 10:16:47.608"/>
</kw>
<msg timestamp="20220914 10:16:47.608" level="INFO">${data} = Table(columns=['Date', 'TestCase_Id', 'TestName', 'PageLoading_Text', 'UserName', 'Password'], rows=8)</msg>
<status status="PASS" starttime="20220914 10:16:47.487" endtime="20220914 10:16:47.608"/>
</kw>
<for flavor="IN">
<var>${element}</var>
<value>@{data}</value>
<iter>
<var name="${element}">{'Date': datetime.datetime(2022, 9, 6, 0, 0), 'TestCase_Id': 'TC_01', 'TestName': 'Portal Launching', 'PageLoading_Text': 'Welcome To Manappuram Finance Limited Customer eService Portal\n', 'UserName'...</var>
<kw name="Log To Console" library="BuiltIn">
<arg>${element}[TestName]</arg>
<doc>Logs the given message to the console.</doc>
<status status="PASS" starttime="20220914 10:16:47.609" endtime="20220914 10:16:47.609"/>
</kw>
<kw name="Set Variable" library="BuiltIn">
<var>${TestCase_Id}</var>
<arg>${element}[TestCase_Id]</arg>
<doc>Returns the given values which can then be assigned to a variables.</doc>
<msg timestamp="20220914 10:16:47.610" level="INFO">${TestCase_Id} = TC_01</msg>
<status status="PASS" starttime="20220914 10:16:47.609" endtime="20220914 10:16:47.610"/>
</kw>
<kw name="Get Delay" library="Data">
<var>${Delay}</var>
<arg>${element}[TestName]</arg>
<msg timestamp="20220914 10:16:47.661" level="INFO">Portal Launching</msg>
<msg timestamp="20220914 10:16:47.661" level="INFO">${Delay} = 2.0</msg>
<status status="PASS" starttime="20220914 10:16:47.610" endtime="20220914 10:16:47.661"/>
</kw>
<kw name="Sleep" library="BuiltIn">
<arg>${Delay}</arg>
<doc>Pauses the test executed for the given time.</doc>
<msg timestamp="20220914 10:16:49.662" level="INFO">Slept 2 seconds</msg>
<status status="PASS" starttime="20220914 10:16:47.662" endtime="20220914 10:16:49.662"/>
</kw>
<kw name="Run Keyword" library="BuiltIn">
<var>${status}</var>
<arg>${element}[TestName]</arg>
<arg>${TestCase_Id}</arg>
<doc>Executes the given keyword with the given arguments.</doc>
<kw name="Portal Launching" library="tasks">
<arg>${TestCase_Id}</arg>
<kw name="Driver Diectory" library="Data">
<var>${path}</var>
<msg timestamp="20220914 10:16:49.662" level="INFO">${path} = C:\Users\Q0041\Documents\Robots\Manapuram\msedgedriver.exe</msg>
<status status="PASS" starttime="20220914 10:16:49.662" endtime="20220914 10:16:49.662"/>
</kw>
<kw name="Open Browser" library="RPA.Browser.Selenium">
<arg>${URL}</arg>
<arg>browser=Edge</arg>
<arg>executable_path=${path}</arg>
<doc>Opens a new browser instance to the optional ``url``.</doc>
<msg timestamp="20220914 10:16:49.662" level="INFO">Opening browser 'Edge' to base url 'https://online.manappuram.com/'.</msg>
<status status="PASS" starttime="20220914 10:16:49.662" endtime="20220914 10:16:53.426"/>
</kw>
<kw name="Maximize Browser Window" library="RPA.Browser.Selenium">
<doc>Maximizes current browser window.</doc>
<status status="PASS" starttime="20220914 10:16:53.431" endtime="20220914 10:16:53.572"/>
</kw>
<kw name="Sleep" library="BuiltIn">
<arg>2s</arg>
<doc>Pauses the test executed for the given time.</doc>
<msg timestamp="20220914 10:16:55.585" level="INFO">Slept 2 seconds</msg>
<status status="PASS" starttime="20220914 10:16:53.573" endtime="20220914 10:16:55.586"/>
</kw>
<kw name="Is Element Visible" library="RPA.Browser.Selenium">
<var>${Text_Vis}</var>
<arg>//div[contains(text(),"Welcome To Manappuram Finance Limited Customer eService Portal")]</arg>
<doc>Is element visible</doc>
<msg timestamp="20220914 10:16:55.633" level="INFO">Element '//div[contains(text(),"Welcome To Manappuram Finance Limited Customer eService Portal")]' is displayed.</msg>
<msg timestamp="20220914 10:16:55.633" level="INFO">${Text_Vis} = True</msg>
<status status="PASS" starttime="20220914 10:16:55.586" endtime="20220914 10:16:55.633"/>
</kw>
<if>
<branch type="IF" condition="${Text_Vis}">
<kw name="Return From Keyword" library="BuiltIn">
<arg>pass</arg>
<doc>Returns from the enclosing user keyword.</doc>
<msg timestamp="20220914 10:16:55.633" level="INFO">Returning from the enclosing user keyword.</msg>
<status status="PASS" starttime="20220914 10:16:55.633" endtime="20220914 10:16:55.633"/>
</kw>
<status status="PASS" starttime="20220914 10:16:55.633" endtime="20220914 10:16:55.633"/>
</branch>
<branch type="ELSE">
<kw name="Return From Keyword" library="BuiltIn">
<arg>fail</arg>
<doc>Returns from the enclosing user keyword.</doc>
<status status="NOT RUN" starttime="20220914 10:16:55.633" endtime="20220914 10:16:55.633"/>
</kw>
<status status="NOT RUN" starttime="20220914 10:16:55.633" endtime="20220914 10:16:55.633"/>
</branch>
<status status="PASS" starttime="20220914 10:16:55.633" endtime="20220914 10:16:55.633"/>
</if>
<status status="PASS" starttime="20220914 10:16:49.662" endtime="20220914 10:16:55.633"/>
</kw>
<msg timestamp="20220914 10:16:55.633" level="INFO">${status} = pass</msg>
<status status="PASS" starttime="20220914 10:16:49.662" endtime="20220914 10:16:55.633"/>
</kw>
<kw name="Notebook Print" library="RPA.core.notebook">
<arg>${TestCase_Id}</arg>
<doc>Display IPython Markdown object in the notebook</doc>
<status status="PASS" starttime="20220914 10:16:55.633" endtime="20220914 10:16:55.633"/>
</kw>
<kw name="Update Excel Value" library="MyLibrary">
<arg>${File}</arg>
<arg>TEST CASE ID</arg>
<arg>${TestCase_Id}</arg>
<arg>Status</arg>
<arg>${status}</arg>
<doc>Updates the excel file with the given values.</doc>
<status status="PASS" starttime="20220914 10:16:55.633" endtime="20220914 10:16:55.828"/>
</kw>
<status status="PASS" starttime="20220914 10:16:47.608" endtime="20220914 10:16:55.828"/>
</iter>
<iter>
<var name="${element}">{'Date': None, 'TestCase_Id': 'TC_02', 'TestName': 'Quick Pay in Portal', 'PageLoading_Text': None, 'UserName': None, 'Password': None}</var>
<kw name="Log To Console" library="BuiltIn">
<arg>${element}[TestName]</arg>
<doc>Logs the given message to the console.</doc>
<status status="PASS" starttime="20220914 10:16:55.828" endtime="20220914 10:16:55.830"/>
</kw>
<kw name="Set Variable" library="BuiltIn">
<var>${TestCase_Id}</var>
<arg>${element}[TestCase_Id]</arg>
<doc>Returns the given values which can then be assigned to a variables.</doc>
<msg timestamp="20220914 10:16:55.832" level="INFO">${TestCase_Id} = TC_02</msg>
<status status="PASS" starttime="20220914 10:16:55.831" endtime="20220914 10:16:55.833"/>
</kw>
<kw name="Get Delay" library="Data">
<var>${Delay}</var>
<arg>${element}[TestName]</arg>
<msg timestamp="20220914 10:16:56.130" level="INFO">Portal Launching
Quick Pay in Portal</msg>
<msg timestamp="20220914 10:16:56.131" level="INFO">${Delay} = 2.0</msg>
<status status="PASS" starttime="20220914 10:16:55.833" endtime="20220914 10:16:56.131"/>
</kw>
<kw name="Sleep" library="BuiltIn">
<arg>${Delay}</arg>
<doc>Pauses the test executed for the given time.</doc>
<msg timestamp="20220914 10:16:58.140" level="INFO">Slept 2 seconds</msg>
<status status="PASS" starttime="20220914 10:16:56.132" endtime="20220914 10:16:58.140"/>
</kw>
<kw name="Run Keyword" library="BuiltIn">
<var>${status}</var>
<arg>${element}[TestName]</arg>
<arg>${TestCase_Id}</arg>
<doc>Executes the given keyword with the given arguments.</doc>
<kw name="Quick Pay in Portal" library="tasks">
<arg>${TestCase_Id}</arg>
<kw name="Is Element Visible" library="RPA.Browser.Selenium">
<var>${Bttn_Vis}</var>
<arg>//*[@id="expresspay"]</arg>
<doc>Is element visible</doc>
<msg timestamp="20220914 10:16:58.181" level="INFO">Element '//*[@id="expresspay"]' is displayed.</msg>
<msg timestamp="20220914 10:16:58.181" level="INFO">${Bttn_Vis} = True</msg>
<status status="PASS" starttime="20220914 10:16:58.140" endtime="20220914 10:16:58.181"/>
</kw>
<if>
<branch type="IF" condition="${Bttn_Vis}">
<kw name="Return From Keyword" library="BuiltIn">
<arg>pass</arg>
<doc>Returns from the enclosing user keyword.</doc>
<msg timestamp="20220914 10:16:58.181" level="INFO">Returning from the enclosing user keyword.</msg>
<status status="PASS" starttime="20220914 10:16:58.181" endtime="20220914 10:16:58.181"/>
</kw>
<status status="PASS" starttime="20220914 10:16:58.181" endtime="20220914 10:16:58.181"/>
</branch>
<status status="PASS" starttime="20220914 10:16:58.181" endtime="20220914 10:16:58.181"/>
</if>
<status status="PASS" starttime="20220914 10:16:58.140" endtime="20220914 10:16:58.181"/>
</kw>
<msg timestamp="20220914 10:16:58.181" level="INFO">${status} = pass</msg>
<status status="PASS" starttime="20220914 10:16:58.140" endtime="20220914 10:16:58.181"/>
</kw>
<kw name="Notebook Print" library="RPA.core.notebook">
<arg>${TestCase_Id}</arg>
<doc>Display IPython Markdown object in the notebook</doc>
<status status="PASS" starttime="20220914 10:16:58.181" endtime="20220914 10:16:58.181"/>
</kw>
<kw name="Update Excel Value" library="MyLibrary">
<arg>${File}</arg>
<arg>TEST CASE ID</arg>
<arg>${TestCase_Id}</arg>
<arg>Status</arg>
<arg>${status}</arg>
<doc>Updates the excel file with the given values.</doc>
<status status="PASS" starttime="20220914 10:16:58.181" endtime="20220914 10:16:58.451"/>
</kw>
<status status="PASS" starttime="20220914 10:16:55.828" endtime="20220914 10:16:58.451"/>
</iter>
<iter>
<var name="${element}">{'Date': None, 'TestCase_Id': 'TC_03', 'TestName': 'Portal Login', 'PageLoading_Text': None, 'UserName': 9496292627, 'Password': 'j9496292627'}</var>
<kw name="Log To Console" library="BuiltIn">
<arg>${element}[TestName]</arg>
<doc>Logs the given message to the console.</doc>
<status status="PASS" starttime="20220914 10:16:58.451" endtime="20220914 10:16:58.451"/>
</kw>
<kw name="Set Variable" library="BuiltIn">
<var>${TestCase_Id}</var>
<arg>${element}[TestCase_Id]</arg>
<doc>Returns the given values which can then be assigned to a variables.</doc>
<msg timestamp="20220914 10:16:58.451" level="INFO">${TestCase_Id} = TC_03</msg>
<status status="PASS" starttime="20220914 10:16:58.451" endtime="20220914 10:16:58.451"/>
</kw>
<kw name="Get Delay" library="Data">
<var>${Delay}</var>
<arg>${element}[TestName]</arg>
<msg timestamp="20220914 10:16:58.698" level="INFO">Portal Launching
Quick Pay in Portal
Portal Login</msg>
<msg timestamp="20220914 10:16:58.698" level="INFO">${Delay} = 0</msg>
<status status="PASS" starttime="20220914 10:16:58.451" endtime="20220914 10:16:58.698"/>
</kw>
<kw name="Sleep" library="BuiltIn">
<arg>${Delay}</arg>
<doc>Pauses the test executed for the given time.</doc>
<msg timestamp="20220914 10:16:58.698" level="INFO">Slept 0 seconds</msg>
<status status="PASS" starttime="20220914 10:16:58.698" endtime="20220914 10:16:58.698"/>
</kw>
<kw name="Run Keyword" library="BuiltIn">
<var>${status}</var>
<arg>${element}[TestName]</arg>
<arg>${TestCase_Id}</arg>
<doc>Executes the given keyword with the given arguments.</doc>
<kw name="Portal Login" library="tasks">
<arg>${TestCase_Id}</arg>
<kw name="Set Variable" library="BuiltIn">
<var>${UserName}</var>
<arg>${details}[${TestCase_Id}][username]</arg>
<doc>Returns the given values which can then be assigned to a variables.</doc>
<msg timestamp="20220914 10:16:58.698" level="INFO">${UserName} = 9496292627</msg>
<status status="PASS" starttime="20220914 10:16:58.698" endtime="20220914 10:16:58.698"/>
</kw>
<kw name="Set Variable" library="BuiltIn">
<var>${Password}</var>
<arg>${details}[${TestCase_Id}][password]</arg>
<doc>Returns the given values which can then be assigned to a variables.</doc>
<msg timestamp="20220914 10:16:58.698" level="INFO">${Password} = j9496292627</msg>
<status status="PASS" starttime="20220914 10:16:58.698" endtime="20220914 10:16:58.698"/>
</kw>
<kw name="Wait Until Keyword Succeeds" library="BuiltIn">
<arg>3x</arg>
<arg>5</arg>
<arg>Wait Until Element Is Visible</arg>
<arg>//*[@id="username"]</arg>
<doc>Runs the specified keyword and retries if it fails.</doc>
<kw name="Wait Until Element Is Visible" library="RPA.Browser.Selenium">
<arg>//*[@id="username"]</arg>
<doc>Waits until the element ``locator`` is visible.</doc>
<status status="PASS" starttime="20220914 10:16:58.707" endtime="20220914 10:16:58.738"/>
</kw>
<status status="PASS" starttime="20220914 10:16:58.698" endtime="20220914 10:16:58.738"/>
</kw>
<kw name="Input Text" library="RPA.Browser.Selenium">
<arg>//*[@id="username"]</arg>
<arg>${UserName}</arg>
<doc>Types the given ``text`` into the text field identified by ``locator``.</doc>
<msg timestamp="20220914 10:16:58.748" level="INFO">Typing text '9496292627' into text field '//*[@id="username"]'.</msg>
<status status="PASS" starttime="20220914 10:16:58.738" endtime="20220914 10:16:58.915"/>
</kw>
<kw name="Wait Until Keyword Succeeds" library="BuiltIn">
<arg>3x</arg>
<arg>5</arg>
<arg>Wait Until Element Is Visible</arg>
<arg>//*[@id="password"]</arg>
<doc>Runs the specified keyword and retries if it fails.</doc>
<kw name="Wait Until Element Is Visible" library="RPA.Browser.Selenium">
<arg>//*[@id="password"]</arg>
<doc>Waits until the element ``locator`` is visible.</doc>
<status status="PASS" starttime="20220914 10:16:58.915" endtime="20220914 10:16:58.962"/>
</kw>
<status status="PASS" starttime="20220914 10:16:58.915" endtime="20220914 10:16:58.962"/>
</kw>
<kw name="Input Password" library="RPA.Browser.Selenium">
<arg>//*[@id="password"]</arg>
<arg>${Password}</arg>
<doc>Types the given password into the text field identified by ``locator``.</doc>
<msg timestamp="20220914 10:16:58.962" level="INFO">Typing password into text field '//*[@id="password"]'.</msg>
<msg timestamp="20220914 10:16:59.014" level="INFO">Temporally setting log level to: NONE</msg>
<msg timestamp="20220914 10:16:59.090" level="INFO">Log level changed from NONE to INFO.</msg>
<status status="PASS" starttime="20220914 10:16:58.962" endtime="20220914 10:16:59.090"/>
</kw>
<kw name="Click Element If Visible" library="RPA.Browser.Selenium">
<arg>//*[@id="txt_login"]</arg>
<doc>Click element if it is visible</doc>
<msg timestamp="20220914 10:16:59.138" level="INFO">Element '//*[@id="txt_login"]' is displayed.</msg>
<msg timestamp="20220914 10:16:59.138" level="INFO">Clicking element '//*[@id="txt_login"]'.</msg>
<status status="PASS" starttime="20220914 10:16:59.090" endtime="20220914 10:17:00.228"/>
</kw>
<kw name="Sleep" library="BuiltIn">
<arg>2s</arg>
<doc>Pauses the test executed for the given time.</doc>
<msg timestamp="20220914 10:17:02.235" level="INFO">Slept 2 seconds</msg>
<status status="PASS" starttime="20220914 10:17:00.228" endtime="20220914 10:17:02.235"/>
</kw>
<kw name="Is Element Visible" library="RPA.Browser.Selenium">
<var>${Login_err}</var>
<arg>//*[contains(text(),"Sorry! you have tried to enter invalid credentials")]</arg>
<doc>Is element visible</doc>
<msg timestamp="20220914 10:17:02.897" level="INFO" html="true">Ran with keyword &lt;b&gt;Element Should Be Visible&lt;/b&gt; which returned error: &lt;i&gt;Element with locator '//*[contains(text(),"Sorry! you have tried to enter invalid credentials")]' not found.&lt;/i&gt;</msg>
<msg timestamp="20220914 10:17:02.897" level="INFO">${Login_err} = False</msg>
<status status="PASS" starttime="20220914 10:17:02.235" endtime="20220914 10:17:02.897"/>
</kw>
<if>
<branch type="IF" condition="${Login_err}">
<kw name="Return From Keyword" library="BuiltIn">
<arg>fail</arg>
<doc>Returns from the enclosing user keyword.</doc>
<status status="NOT RUN" starttime="20220914 10:17:02.897" endtime="20220914 10:17:02.897"/>
</kw>
<status status="NOT RUN" starttime="20220914 10:17:02.897" endtime="20220914 10:17:02.897"/>
</branch>
<branch type="ELSE">
<kw name="Return From Keyword" library="BuiltIn">
<arg>pass</arg>
<doc>Returns from the enclosing user keyword.</doc>
<msg timestamp="20220914 10:17:02.897" level="INFO">Returning from the enclosing user keyword.</msg>
<status status="PASS" starttime="20220914 10:17:02.897" endtime="20220914 10:17:02.897"/>
</kw>
<status status="PASS" starttime="20220914 10:17:02.897" endtime="20220914 10:17:02.897"/>
</branch>
<status status="PASS" starttime="20220914 10:17:02.897" endtime="20220914 10:17:02.897"/>
</if>
<status status="PASS" starttime="20220914 10:16:58.698" endtime="20220914 10:17:02.897"/>
</kw>
<msg timestamp="20220914 10:17:02.897" level="INFO">${status} = pass</msg>
<status status="PASS" starttime="20220914 10:16:58.698" endtime="20220914 10:17:02.897"/>
</kw>
<kw name="Notebook Print" library="RPA.core.notebook">
<arg>${TestCase_Id}</arg>
<doc>Display IPython Markdown object in the notebook</doc>
<status status="PASS" starttime="20220914 10:17:02.897" endtime="20220914 10:17:02.897"/>
</kw>
<kw name="Update Excel Value" library="MyLibrary">
<arg>${File}</arg>
<arg>TEST CASE ID</arg>
<arg>${TestCase_Id}</arg>
<arg>Status</arg>
<arg>${status}</arg>
<doc>Updates the excel file with the given values.</doc>
<status status="PASS" starttime="20220914 10:17:02.897" endtime="20220914 10:17:03.198"/>
</kw>
<status status="PASS" starttime="20220914 10:16:58.451" endtime="20220914 10:17:03.198"/>
</iter>
<iter>
<var name="${element}">{'Date': None, 'TestCase_Id': 'TC_04', 'TestName': 'Portal Login with Email Notification', 'PageLoading_Text': None, 'UserName': None, 'Password': None}</var>
<kw name="Log To Console" library="BuiltIn">
<arg>${element}[TestName]</arg>
<doc>Logs the given message to the console.</doc>
<status status="PASS" starttime="20220914 10:17:03.198" endtime="20220914 10:17:03.198"/>
</kw>
<kw name="Set Variable" library="BuiltIn">
<var>${TestCase_Id}</var>
<arg>${element}[TestCase_Id]</arg>
<doc>Returns the given values which can then be assigned to a variables.</doc>
<msg timestamp="20220914 10:17:03.201" level="INFO">${TestCase_Id} = TC_04</msg>
<status status="PASS" starttime="20220914 10:17:03.200" endtime="20220914 10:17:03.201"/>
</kw>
<kw name="Get Delay" library="Data">
<var>${Delay}</var>
<arg>${element}[TestName]</arg>
<msg timestamp="20220914 10:17:03.474" level="INFO">Portal Launching
Quick Pay in Portal
Portal Login
Portal Login with Email Notification</msg>
<msg timestamp="20220914 10:17:03.474" level="INFO">${Delay} = 2.0</msg>
<status status="PASS" starttime="20220914 10:17:03.201" endtime="20220914 10:17:03.474"/>
</kw>
<kw name="Sleep" library="BuiltIn">
<arg>${Delay}</arg>
<doc>Pauses the test executed for the given time.</doc>
<msg timestamp="20220914 10:17:05.490" level="INFO">Slept 2 seconds</msg>
<status status="PASS" starttime="20220914 10:17:03.475" endtime="20220914 10:17:05.490"/>
</kw>
<kw name="Run Keyword" library="BuiltIn">
<var>${status}</var>
<arg>${element}[TestName]</arg>
<arg>${TestCase_Id}</arg>
<doc>Executes the given keyword with the given arguments.</doc>
<kw name="Portal Login with Email Notification" library="tasks">
<arg>${TestCase_Id}</arg>
<kw name="Is Element Visible" library="RPA.Browser.Selenium">
<var>${Email_Vis}</var>
<arg>//*[@id="modal"]//*[@id="Img1"]</arg>
<doc>Is element visible</doc>
<msg timestamp="20220914 10:17:05.537" level="INFO">Element '//*[@id="modal"]//*[@id="Img1"]' is displayed.</msg>
<msg timestamp="20220914 10:17:05.537" level="INFO">${Email_Vis} = True</msg>
<status status="PASS" starttime="20220914 10:17:05.490" endtime="20220914 10:17:05.537"/>
</kw>
<if>
<branch type="IF" condition="${Email_Vis}">
<kw name="Click Element When Visible" library="RPA.Browser.Selenium">
<arg>//*[@id="modal"]//*[@id="Img1"]</arg>
<doc>Click element identified by ``locator``, once it becomes visible.</doc>
<msg timestamp="20220914 10:17:05.574" level="INFO">Clicking element '//*[@id="modal"]//*[@id="Img1"]'.</msg>
<status status="PASS" starttime="20220914 10:17:05.537" endtime="20220914 10:17:05.804"/>
</kw>
<kw name="Return From Keyword" library="BuiltIn">
<arg>pass</arg>
<doc>Returns from the enclosing user keyword.</doc>
<msg timestamp="20220914 10:17:05.804" level="INFO">Returning from the enclosing user keyword.</msg>
<status status="PASS" starttime="20220914 10:17:05.804" endtime="20220914 10:17:05.804"/>
</kw>
<status status="PASS" starttime="20220914 10:17:05.537" endtime="20220914 10:17:05.804"/>
</branch>
<status status="PASS" starttime="20220914 10:17:05.537" endtime="20220914 10:17:05.804"/>
</if>
<status status="PASS" starttime="20220914 10:17:05.490" endtime="20220914 10:17:05.804"/>
</kw>
<msg timestamp="20220914 10:17:05.804" level="INFO">${status} = pass</msg>
<status status="PASS" starttime="20220914 10:17:05.490" endtime="20220914 10:17:05.804"/>
</kw>
<kw name="Notebook Print" library="RPA.core.notebook">
<arg>${TestCase_Id}</arg>
<doc>Display IPython Markdown object in the notebook</doc>
<status status="PASS" starttime="20220914 10:17:05.812" endtime="20220914 10:17:05.813"/>
</kw>
<kw name="Update Excel Value" library="MyLibrary">
<arg>${File}</arg>
<arg>TEST CASE ID</arg>
<arg>${TestCase_Id}</arg>
<arg>Status</arg>
<arg>${status}</arg>
<doc>Updates the excel file with the given values.</doc>
<status status="PASS" starttime="20220914 10:17:05.813" endtime="20220914 10:17:06.084"/>
</kw>
<status status="PASS" starttime="20220914 10:17:03.198" endtime="20220914 10:17:06.084"/>
</iter>
<iter>
<var name="${element}">{'Date': None, 'TestCase_Id': 'TC_05', 'TestName': 'Portal login with menus validation', 'PageLoading_Text': None, 'UserName': None, 'Password': None}</var>
<kw name="Log To Console" library="BuiltIn">
<arg>${element}[TestName]</arg>
<doc>Logs the given message to the console.</doc>
<status status="PASS" starttime="20220914 10:17:06.084" endtime="20220914 10:17:06.084"/>
</kw>
<kw name="Set Variable" library="BuiltIn">
<var>${TestCase_Id}</var>
<arg>${element}[TestCase_Id]</arg>
<doc>Returns the given values which can then be assigned to a variables.</doc>
<msg timestamp="20220914 10:17:06.090" level="INFO">${TestCase_Id} = TC_05</msg>
<status status="PASS" starttime="20220914 10:17:06.090" endtime="20220914 10:17:06.090"/>
</kw>
<kw name="Get Delay" library="Data">
<var>${Delay}</var>
<arg>${element}[TestName]</arg>
<msg timestamp="20220914 10:17:06.425" level="INFO">Portal Launching
Quick Pay in Portal
Portal Login
Portal Login with Email Notification
Portal login with menus validation</msg>
<msg timestamp="20220914 10:17:06.425" level="INFO">${Delay} = 0</msg>
<status status="PASS" starttime="20220914 10:17:06.090" endtime="20220914 10:17:06.425"/>
</kw>
<kw name="Sleep" library="BuiltIn">
<arg>${Delay}</arg>
<doc>Pauses the test executed for the given time.</doc>
<msg timestamp="20220914 10:17:06.435" level="INFO">Slept 0 seconds</msg>
<status status="PASS" starttime="20220914 10:17:06.425" endtime="20220914 10:17:06.435"/>
</kw>
<kw name="Run Keyword" library="BuiltIn">
<var>${status}</var>
<arg>${element}[TestName]</arg>
<arg>${TestCase_Id}</arg>
<doc>Executes the given keyword with the given arguments.</doc>
<kw name="Portal login with menus validation" library="tasks">
<arg>${TestCase_Id}</arg>
<kw name="Create List" library="BuiltIn">
<var>@{Menu_list}</var>
<arg>Make Payment</arg>
<arg>Customer Profile</arg>
<arg>Online Gold Loan Disbursal</arg>
<arg>Support</arg>
<arg>Download Pawn Ticket</arg>
<doc>Returns a list containing given items.</doc>
<msg timestamp="20220914 10:17:06.436" level="INFO">@{Menu_list} = [ Make Payment | Customer Profile | Online Gold Loan Disbursal | Support | Download Pawn Ticket ]</msg>
<status status="PASS" starttime="20220914 10:17:06.436" endtime="20220914 10:17:06.436"/>
</kw>
<for flavor="IN">
<var>${element}</var>
<value>@{Menu_list}</value>
<iter>
<var name="${element}">Make Payment</var>
<kw name="Is Element Visible" library="RPA.Browser.Selenium">
<var>${Menu_Vis}</var>
<arg>//*[contains(text(),"${element}")]</arg>
<doc>Is element visible</doc>
<msg timestamp="20220914 10:17:06.485" level="INFO">Element '//*[contains(text(),"Make Payment")]' is displayed.</msg>
<msg timestamp="20220914 10:17:06.495" level="INFO">${Menu_Vis} = True</msg>
<status status="PASS" starttime="20220914 10:17:06.436" endtime="20220914 10:17:06.495"/>
</kw>
<if>
<branch type="IF" condition="${Menu_Vis}">
<kw name="Set Variable" library="BuiltIn">
<var>${status}</var>
<arg>pass</arg>
<doc>Returns the given values which can then be assigned to a variables.</doc>
<msg timestamp="20220914 10:17:06.496" level="INFO">${status} = pass</msg>
<status status="PASS" starttime="20220914 10:17:06.496" endtime="20220914 10:17:06.496"/>
</kw>
<status status="PASS" starttime="20220914 10:17:06.495" endtime="20220914 10:17:06.496"/>
</branch>
<branch type="ELSE">
<kw name="Return From Keyword" library="BuiltIn">
<arg>fail</arg>
<doc>Returns from the enclosing user keyword.</doc>
<status status="NOT RUN" starttime="20220914 10:17:06.496" endtime="20220914 10:17:06.496"/>
</kw>
<status status="NOT RUN" starttime="20220914 10:17:06.496" endtime="20220914 10:17:06.496"/>
</branch>
<status status="PASS" starttime="20220914 10:17:06.495" endtime="20220914 10:17:06.496"/>
</if>
<status status="PASS" starttime="20220914 10:17:06.436" endtime="20220914 10:17:06.496"/>
</iter>
<iter>
<var name="${element}">Customer Profile</var>
<kw name="Is Element Visible" library="RPA.Browser.Selenium">
<var>${Menu_Vis}</var>
<arg>//*[contains(text(),"${element}")]</arg>
<doc>Is element visible</doc>
<msg timestamp="20220914 10:17:06.533" level="INFO">Element '//*[contains(text(),"Customer Profile")]' is displayed.</msg>
<msg timestamp="20220914 10:17:06.533" level="INFO">${Menu_Vis} = True</msg>
<status status="PASS" starttime="20220914 10:17:06.496" endtime="20220914 10:17:06.533"/>
</kw>
<if>
<branch type="IF" condition="${Menu_Vis}">
<kw name="Set Variable" library="BuiltIn">
<var>${status}</var>
<arg>pass</arg>
<doc>Returns the given values which can then be assigned to a variables.</doc>
<msg timestamp="20220914 10:17:06.542" level="INFO">${status} = pass</msg>
<status status="PASS" starttime="20220914 10:17:06.533" endtime="20220914 10:17:06.542"/>
</kw>
<status status="PASS" starttime="20220914 10:17:06.533" endtime="20220914 10:17:06.542"/>
</branch>
<branch type="ELSE">
<kw name="Return From Keyword" library="BuiltIn">
<arg>fail</arg>
<doc>Returns from the enclosing user keyword.</doc>
<status status="NOT RUN" starttime="20220914 10:17:06.542" endtime="20220914 10:17:06.542"/>
</kw>
<status status="NOT RUN" starttime="20220914 10:17:06.542" endtime="20220914 10:17:06.542"/>
</branch>
<status status="PASS" starttime="20220914 10:17:06.533" endtime="20220914 10:17:06.542"/>
</if>
<status status="PASS" starttime="20220914 10:17:06.496" endtime="20220914 10:17:06.542"/>
</iter>
<iter>
<var name="${element}">Online Gold Loan Disbursal</var>
<kw name="Is Element Visible" library="RPA.Browser.Selenium">
<var>${Menu_Vis}</var>
<arg>//*[contains(text(),"${element}")]</arg>
<doc>Is element visible</doc>
<msg timestamp="20220914 10:17:06.581" level="INFO">Element '//*[contains(text(),"Online Gold Loan Disbursal")]' is displayed.</msg>
<msg timestamp="20220914 10:17:06.581" level="INFO">${Menu_Vis} = True</msg>
<status status="PASS" starttime="20220914 10:17:06.543" endtime="20220914 10:17:06.581"/>
</kw>
<if>
<branch type="IF" condition="${Menu_Vis}">
<kw name="Set Variable" library="BuiltIn">
<var>${status}</var>
<arg>pass</arg>
<doc>Returns the given values which can then be assigned to a variables.</doc>
<msg timestamp="20220914 10:17:06.584" level="INFO">${status} = pass</msg>
<status status="PASS" starttime="20220914 10:17:06.584" endtime="20220914 10:17:06.584"/>
</kw>
<status status="PASS" starttime="20220914 10:17:06.581" endtime="20220914 10:17:06.584"/>
</branch>
<branch type="ELSE">
<kw name="Return From Keyword" library="BuiltIn">
<arg>fail</arg>
<doc>Returns from the enclosing user keyword.</doc>
<status status="NOT RUN" starttime="20220914 10:17:06.584" endtime="20220914 10:17:06.584"/>
</kw>
<status status="NOT RUN" starttime="20220914 10:17:06.584" endtime="20220914 10:17:06.584"/>
</branch>
<status status="PASS" starttime="20220914 10:17:06.581" endtime="20220914 10:17:06.584"/>
</if>
<status status="PASS" starttime="20220914 10:17:06.543" endtime="20220914 10:17:06.584"/>
</iter>
<iter>
<var name="${element}">Support</var>
<kw name="Is Element Visible" library="RPA.Browser.Selenium">
<var>${Menu_Vis}</var>
<arg>//*[contains(text(),"${element}")]</arg>
<doc>Is element visible</doc>
<msg timestamp="20220914 10:17:06.629" level="INFO">Element '//*[contains(text(),"Support")]' is displayed.</msg>
<msg timestamp="20220914 10:17:06.629" level="INFO">${Menu_Vis} = True</msg>
<status status="PASS" starttime="20220914 10:17:06.584" endtime="20220914 10:17:06.629"/>
</kw>
<if>
<branch type="IF" condition="${Menu_Vis}">
<kw name="Set Variable" library="BuiltIn">
<var>${status}</var>
<arg>pass</arg>
<doc>Returns the given values which can then be assigned to a variables.</doc>
<msg timestamp="20220914 10:17:06.629" level="INFO">${status} = pass</msg>
<status status="PASS" starttime="20220914 10:17:06.629" endtime="20220914 10:17:06.629"/>
</kw>
<status status="PASS" starttime="20220914 10:17:06.629" endtime="20220914 10:17:06.629"/>
</branch>
<branch type="ELSE">
<kw name="Return From Keyword" library="BuiltIn">
<arg>fail</arg>
<doc>Returns from the enclosing user keyword.</doc>
<status status="NOT RUN" starttime="20220914 10:17:06.629" endtime="20220914 10:17:06.629"/>
</kw>
<status status="NOT RUN" starttime="20220914 10:17:06.629" endtime="20220914 10:17:06.629"/>
</branch>
<status status="PASS" starttime="20220914 10:17:06.629" endtime="20220914 10:17:06.629"/>
</if>
<status status="PASS" starttime="20220914 10:17:06.584" endtime="20220914 10:17:06.629"/>
</iter>
<iter>
<var name="${element}">Download Pawn Ticket</var>
<kw name="Is Element Visible" library="RPA.Browser.Selenium">
<var>${Menu_Vis}</var>
<arg>//*[contains(text(),"${element}")]</arg>
<doc>Is element visible</doc>
<msg timestamp="20220914 10:17:06.681" level="INFO">Element '//*[contains(text(),"Download Pawn Ticket")]' is displayed.</msg>
<msg timestamp="20220914 10:17:06.681" level="INFO">${Menu_Vis} = True</msg>
<status status="PASS" starttime="20220914 10:17:06.629" endtime="20220914 10:17:06.681"/>
</kw>
<if>
<branch type="IF" condition="${Menu_Vis}">
<kw name="Set Variable" library="BuiltIn">
<var>${status}</var>
<arg>pass</arg>
<doc>Returns the given values which can then be assigned to a variables.</doc>
<msg timestamp="20220914 10:17:06.681" level="INFO">${status} = pass</msg>
<status status="PASS" starttime="20220914 10:17:06.681" endtime="20220914 10:17:06.681"/>
</kw>
<status status="PASS" starttime="20220914 10:17:06.681" endtime="20220914 10:17:06.681"/>
</branch>
<branch type="ELSE">
<kw name="Return From Keyword" library="BuiltIn">
<arg>fail</arg>
<doc>Returns from the enclosing user keyword.</doc>
<status status="NOT RUN" starttime="20220914 10:17:06.681" endtime="20220914 10:17:06.681"/>
</kw>
<status status="NOT RUN" starttime="20220914 10:17:06.681" endtime="20220914 10:17:06.681"/>
</branch>
<status status="PASS" starttime="20220914 10:17:06.681" endtime="20220914 10:17:06.681"/>
</if>
<status status="PASS" starttime="20220914 10:17:06.629" endtime="20220914 10:17:06.681"/>
</iter>
<status status="PASS" starttime="20220914 10:17:06.436" endtime="20220914 10:17:06.681"/>
</for>
<kw name="Return From Keyword" library="BuiltIn">
<arg>${status}</arg>
<doc>Returns from the enclosing user keyword.</doc>
<msg timestamp="20220914 10:17:06.681" level="INFO">Returning from the enclosing user keyword.</msg>
<status status="PASS" starttime="20220914 10:17:06.681" endtime="20220914 10:17:06.681"/>
</kw>
<status status="PASS" starttime="20220914 10:17:06.436" endtime="20220914 10:17:06.681"/>
</kw>
<msg timestamp="20220914 10:17:06.681" level="INFO">${status} = pass</msg>
<status status="PASS" starttime="20220914 10:17:06.436" endtime="20220914 10:17:06.681"/>
</kw>
<kw name="Notebook Print" library="RPA.core.notebook">
<arg>${TestCase_Id}</arg>
<doc>Display IPython Markdown object in the notebook</doc>
<status status="PASS" starttime="20220914 10:17:06.681" endtime="20220914 10:17:06.681"/>
</kw>
<kw name="Update Excel Value" library="MyLibrary">
<arg>${File}</arg>
<arg>TEST CASE ID</arg>
<arg>${TestCase_Id}</arg>
<arg>Status</arg>
<arg>${status}</arg>
<doc>Updates the excel file with the given values.</doc>
<status status="PASS" starttime="20220914 10:17:06.681" endtime="20220914 10:17:06.975"/>
</kw>
<status status="PASS" starttime="20220914 10:17:06.084" endtime="20220914 10:17:06.975"/>
</iter>
<iter>
<var name="${element}">{'Date': None, 'TestCase_Id': 'TC_06', 'TestName': 'Portal Login with the user verification', 'PageLoading_Text': None, 'UserName': 'JAYANTHI C V', 'Password': None}</var>
<kw name="Log To Console" library="BuiltIn">
<arg>${element}[TestName]</arg>
<doc>Logs the given message to the console.</doc>
<status status="PASS" starttime="20220914 10:17:06.975" endtime="20220914 10:17:06.975"/>
</kw>
<kw name="Set Variable" library="BuiltIn">
<var>${TestCase_Id}</var>
<arg>${element}[TestCase_Id]</arg>
<doc>Returns the given values which can then be assigned to a variables.</doc>
<msg timestamp="20220914 10:17:06.975" level="INFO">${TestCase_Id} = TC_06</msg>
<status status="PASS" starttime="20220914 10:17:06.975" endtime="20220914 10:17:06.975"/>
</kw>
<kw name="Get Delay" library="Data">
<var>${Delay}</var>
<arg>${element}[TestName]</arg>
<msg timestamp="20220914 10:17:07.220" level="INFO">Portal Launching
Quick Pay in Portal
Portal Login
Portal Login with Email Notification
Portal login with menus validation
Portal Login with the user verification</msg>
<msg timestamp="20220914 10:17:07.220" level="INFO">${Delay} = 2.0</msg>
<status status="PASS" starttime="20220914 10:17:06.975" endtime="20220914 10:17:07.220"/>
</kw>
<kw name="Sleep" library="BuiltIn">
<arg>${Delay}</arg>
<doc>Pauses the test executed for the given time.</doc>
<msg timestamp="20220914 10:17:09.244" level="INFO">Slept 2 seconds</msg>
<status status="PASS" starttime="20220914 10:17:07.230" endtime="20220914 10:17:09.244"/>
</kw>
<kw name="Run Keyword" library="BuiltIn">
<var>${status}</var>
<arg>${element}[TestName]</arg>
<arg>${TestCase_Id}</arg>
<doc>Executes the given keyword with the given arguments.</doc>
<kw name="Portal Login with the user verification" library="tasks">
<arg>${TestCase_Id}</arg>
<kw name="Set Variable" library="BuiltIn">
<var>${User}</var>
<arg>${details}[${TestCase_Id}][username]</arg>
<doc>Returns the given values which can then be assigned to a variables.</doc>
<msg timestamp="20220914 10:17:09.246" level="INFO">${User} = JAYANTHI C V</msg>
<status status="PASS" starttime="20220914 10:17:09.246" endtime="20220914 10:17:09.246"/>
</kw>
<kw name="Wait Until Element Is Visible" library="RPA.Browser.Selenium">
<arg>//*[@id="lbl_user_id"]</arg>
<doc>Waits until the element ``locator`` is visible.</doc>
<status status="PASS" starttime="20220914 10:17:09.246" endtime="20220914 10:17:09.295"/>
</kw>
<kw name="Get Text" library="RPA.Browser.Selenium">
<var>${User_name}</var>
<arg>//*[@id="lbl_user_id"]</arg>
<doc>Returns the text value of the element identified by ``locator``.</doc>
<msg timestamp="20220914 10:17:09.339" level="INFO">${User_name} = JAYANTHI C V</msg>
<status status="PASS" starttime="20220914 10:17:09.296" endtime="20220914 10:17:09.339"/>
</kw>
<if>
<branch type="IF" condition="'${User_name}' == '${User}'">
<kw name="Return From Keyword" library="BuiltIn">
<arg>pass</arg>
<doc>Returns from the enclosing user keyword.</doc>
<msg timestamp="20220914 10:17:09.339" level="INFO">Returning from the enclosing user keyword.</msg>
<status status="PASS" starttime="20220914 10:17:09.339" endtime="20220914 10:17:09.339"/>
</kw>
<status status="PASS" starttime="20220914 10:17:09.339" endtime="20220914 10:17:09.339"/>
</branch>
<branch type="ELSE">
<kw name="Return From Keyword" library="BuiltIn">
<arg>fail</arg>
<doc>Returns from the enclosing user keyword.</doc>
<status status="NOT RUN" starttime="20220914 10:17:09.339" endtime="20220914 10:17:09.339"/>
</kw>
<status status="NOT RUN" starttime="20220914 10:17:09.339" endtime="20220914 10:17:09.339"/>
</branch>
<status status="PASS" starttime="20220914 10:17:09.339" endtime="20220914 10:17:09.346"/>
</if>
<status status="PASS" starttime="20220914 10:17:09.244" endtime="20220914 10:17:09.346"/>
</kw>
<msg timestamp="20220914 10:17:09.346" level="INFO">${status} = pass</msg>
<status status="PASS" starttime="20220914 10:17:09.244" endtime="20220914 10:17:09.346"/>
</kw>
<kw name="Notebook Print" library="RPA.core.notebook">
<arg>${TestCase_Id}</arg>
<doc>Display IPython Markdown object in the notebook</doc>
<status status="PASS" starttime="20220914 10:17:09.346" endtime="20220914 10:17:09.346"/>
</kw>
<kw name="Update Excel Value" library="MyLibrary">
<arg>${File}</arg>
<arg>TEST CASE ID</arg>
<arg>${TestCase_Id}</arg>
<arg>Status</arg>
<arg>${status}</arg>
<doc>Updates the excel file with the given values.</doc>
<status status="PASS" starttime="20220914 10:17:09.346" endtime="20220914 10:17:09.617"/>
</kw>
<status status="PASS" starttime="20220914 10:17:06.975" endtime="20220914 10:17:09.617"/>
</iter>
<iter>
<var name="${element}">{'Date': None, 'TestCase_Id': 'TC_07', 'TestName': 'Portal sign out', 'PageLoading_Text': None, 'UserName': None, 'Password': None}</var>
<kw name="Log To Console" library="BuiltIn">
<arg>${element}[TestName]</arg>
<doc>Logs the given message to the console.</doc>
<status status="PASS" starttime="20220914 10:17:09.617" endtime="20220914 10:17:09.617"/>
</kw>
<kw name="Set Variable" library="BuiltIn">
<var>${TestCase_Id}</var>
<arg>${element}[TestCase_Id]</arg>
<doc>Returns the given values which can then be assigned to a variables.</doc>
<msg timestamp="20220914 10:17:09.617" level="INFO">${TestCase_Id} = TC_07</msg>
<status status="PASS" starttime="20220914 10:17:09.617" endtime="20220914 10:17:09.617"/>
</kw>
<kw name="Get Delay" library="Data">
<var>${Delay}</var>
<arg>${element}[TestName]</arg>
<msg timestamp="20220914 10:17:09.853" level="INFO">Portal Launching
Quick Pay in Portal
Portal Login
Portal Login with Email Notification
Portal login with menus validation
Portal Login with the user verification
Portal sign out</msg>
<msg timestamp="20220914 10:17:09.853" level="INFO">${Delay} = 2.0</msg>
<status status="PASS" starttime="20220914 10:17:09.617" endtime="20220914 10:17:09.853"/>
</kw>
<kw name="Sleep" library="BuiltIn">
<arg>${Delay}</arg>
<doc>Pauses the test executed for the given time.</doc>
<msg timestamp="20220914 10:17:11.867" level="INFO">Slept 2 seconds</msg>
<status status="PASS" starttime="20220914 10:17:09.859" endtime="20220914 10:17:11.867"/>
</kw>
<kw name="Run Keyword" library="BuiltIn">
<var>${status}</var>
<arg>${element}[TestName]</arg>
<arg>${TestCase_Id}</arg>
<doc>Executes the given keyword with the given arguments.</doc>
<kw name="Portal sign out" library="tasks">
<arg>${TestCase_Id}</arg>
<kw name="Wait Until Page Contains Element" library="RPA.Browser.Selenium">
<arg>//*[@class="top-links"]//*[contains(text(),"Sign Out")]</arg>
<doc>Waits until the element ``locator`` appears on the current page.</doc>
<status status="PASS" starttime="20220914 10:17:11.868" endtime="20220914 10:17:11.889"/>
</kw>
<kw name="Click Element" library="RPA.Browser.Selenium">
<arg>//*[@class="top-links"]//*[contains(text(),"Sign Out")]</arg>
<doc>Click the element identified by ``locator``.</doc>
<msg timestamp="20220914 10:17:11.889" level="INFO">Clicking element '//*[@class="top-links"]//*[contains(text(),"Sign Out")]'.</msg>
<status status="PASS" starttime="20220914 10:17:11.889" endtime="20220914 10:17:12.060"/>
</kw>
<kw name="Return From Keyword" library="BuiltIn">
<arg>pass</arg>
<doc>Returns from the enclosing user keyword.</doc>
<msg timestamp="20220914 10:17:12.062" level="INFO">Returning from the enclosing user keyword.</msg>
<status status="PASS" starttime="20220914 10:17:12.061" endtime="20220914 10:17:12.064"/>
</kw>
<status status="PASS" starttime="20220914 10:17:11.868" endtime="20220914 10:17:12.065"/>
</kw>
<msg timestamp="20220914 10:17:12.065" level="INFO">${status} = pass</msg>
<status status="PASS" starttime="20220914 10:17:11.868" endtime="20220914 10:17:12.065"/>
</kw>
<kw name="Notebook Print" library="RPA.core.notebook">
<arg>${TestCase_Id}</arg>
<doc>Display IPython Markdown object in the notebook</doc>
<status status="PASS" starttime="20220914 10:17:12.065" endtime="20220914 10:17:12.066"/>
</kw>
<kw name="Update Excel Value" library="MyLibrary">
<arg>${File}</arg>
<arg>TEST CASE ID</arg>
<arg>${TestCase_Id}</arg>
<arg>Status</arg>
<arg>${status}</arg>
<doc>Updates the excel file with the given values.</doc>
<status status="PASS" starttime="20220914 10:17:12.067" endtime="20220914 10:17:12.526"/>
</kw>
<status status="PASS" starttime="20220914 10:17:09.617" endtime="20220914 10:17:12.526"/>
</iter>
<iter>
<var name="${element}">{'Date': None, 'TestCase_Id': 'TC_08', 'TestName': 'PayTM Login', 'PageLoading_Text': None, 'UserName': None, 'Password': None}</var>
<kw name="Log To Console" library="BuiltIn">
<arg>${element}[TestName]</arg>
<doc>Logs the given message to the console.</doc>
<status status="PASS" starttime="20220914 10:17:12.526" endtime="20220914 10:17:12.534"/>
</kw>
<kw name="Set Variable" library="BuiltIn">
<var>${TestCase_Id}</var>
<arg>${element}[TestCase_Id]</arg>
<doc>Returns the given values which can then be assigned to a variables.</doc>
<msg timestamp="20220914 10:17:12.542" level="INFO">${TestCase_Id} = TC_08</msg>
<status status="PASS" starttime="20220914 10:17:12.539" endtime="20220914 10:17:12.542"/>
</kw>
<kw name="Get Delay" library="Data">
<var>${Delay}</var>
<arg>${element}[TestName]</arg>
<msg timestamp="20220914 10:17:12.905" level="INFO">Portal Launching
Quick Pay in Portal
Portal Login
Portal Login with Email Notification
Portal login with menus validation
Portal Login with the user verification
Portal sign out
PayTM Login</msg>
<msg timestamp="20220914 10:17:12.905" level="INFO">${Delay} = 2.0</msg>
<status status="PASS" starttime="20220914 10:17:12.542" endtime="20220914 10:17:12.905"/>
</kw>
<kw name="Sleep" library="BuiltIn">
<arg>${Delay}</arg>
<doc>Pauses the test executed for the given time.</doc>
<msg timestamp="20220914 10:17:14.926" level="INFO">Slept 2 seconds</msg>
<status status="PASS" starttime="20220914 10:17:12.905" endtime="20220914 10:17:14.926"/>
</kw>
<kw name="Run Keyword" library="BuiltIn">
<var>${status}</var>
<arg>${element}[TestName]</arg>
<arg>${TestCase_Id}</arg>
<doc>Executes the given keyword with the given arguments.</doc>
<kw name="PayTM Login" library="tasks">
<arg>${TestCase_Id}</arg>
<kw name="Wait Until Keyword Succeeds" library="BuiltIn">
<arg>3x</arg>
<arg>5</arg>
<arg>Wait Until Page contains Element</arg>
<arg>//*[@class="form-block-3 w-clearfix w-form"]//*[@class="image-2 paytmbtn "]</arg>
<doc>Runs the specified keyword and retries if it fails.</doc>
<kw name="Wait Until Page Contains Element" library="RPA.Browser.Selenium">
<arg>//*[@class="form-block-3 w-clearfix w-form"]//*[@class="image-2 paytmbtn "]</arg>
<doc>Waits until the element ``locator`` appears on the current page.</doc>
<status status="PASS" starttime="20220914 10:17:14.928" endtime="20220914 10:17:15.902"/>
</kw>
<status status="PASS" starttime="20220914 10:17:14.928" endtime="20220914 10:17:15.902"/>
</kw>
<kw name="Click Element" library="RPA.Browser.Selenium">
<arg>//*[@class="form-block-3 w-clearfix w-form"]//*[@class="image-2 paytmbtn "]</arg>
<doc>Click the element identified by ``locator``.</doc>
<msg timestamp="20220914 10:17:15.902" level="INFO">Clicking element '//*[@class="form-block-3 w-clearfix w-form"]//*[@class="image-2 paytmbtn "]'.</msg>
<status status="PASS" starttime="20220914 10:17:15.902" endtime="20220914 10:17:16.072"/>
</kw>
<kw name="Return From Keyword" library="BuiltIn">
<arg>pass</arg>
<doc>Returns from the enclosing user keyword.</doc>
<msg timestamp="20220914 10:17:16.072" level="INFO">Returning from the enclosing user keyword.</msg>
<status status="PASS" starttime="20220914 10:17:16.072" endtime="20220914 10:17:16.076"/>
</kw>
<status status="PASS" starttime="20220914 10:17:14.928" endtime="20220914 10:17:16.076"/>
</kw>
<msg timestamp="20220914 10:17:16.076" level="INFO">${status} = pass</msg>
<status status="PASS" starttime="20220914 10:17:14.926" endtime="20220914 10:17:16.076"/>
</kw>
<kw name="Notebook Print" library="RPA.core.notebook">
<arg>${TestCase_Id}</arg>
<doc>Display IPython Markdown object in the notebook</doc>
<status status="PASS" starttime="20220914 10:17:16.079" endtime="20220914 10:17:16.080"/>
</kw>
<kw name="Update Excel Value" library="MyLibrary">
<arg>${File}</arg>
<arg>TEST CASE ID</arg>
<arg>${TestCase_Id}</arg>
<arg>Status</arg>
<arg>${status}</arg>
<doc>Updates the excel file with the given values.</doc>
<status status="PASS" starttime="20220914 10:17:16.081" endtime="20220914 10:17:16.388"/>
</kw>
<status status="PASS" starttime="20220914 10:17:12.526" endtime="20220914 10:17:16.394"/>
</iter>
<status status="PASS" starttime="20220914 10:16:47.608" endtime="20220914 10:17:16.394"/>
</for>
<kw name="Sleep" library="BuiltIn">
<arg>2s</arg>
<doc>Pauses the test executed for the given time.</doc>
<msg timestamp="20220914 10:17:18.400" level="INFO">Slept 2 seconds</msg>
<status status="PASS" starttime="20220914 10:17:16.394" endtime="20220914 10:17:18.400"/>
</kw>
<kw name="Close All Browsers" library="RPA.Browser.Selenium">
<doc>Closes all open browsers and resets the browser cache.</doc>
<status status="PASS" starttime="20220914 10:17:18.400" endtime="20220914 10:17:20.665"/>
</kw>
<status status="PASS" starttime="20220914 10:16:47.205" endtime="20220914 10:17:20.665"/>
</kw>
<status status="PASS" starttime="20220914 10:16:47.204" endtime="20220914 10:17:20.665"/>
</test>
<status status="PASS" starttime="20220914 10:16:40.369" endtime="20220914 10:17:20.665"/>
</suite>
<statistics>
<total>
<stat pass="1" fail="0" skip="0">All Tasks</stat>
</total>
<tag>
</tag>
<suite>
<stat pass="1" fail="0" skip="0" id="s1" name="Task1">Task1</stat>
</suite>
</statistics>
<errors>
</errors>
</robot>
