<?xml version="1.0" encoding="UTF-8"?>
<robot generator="Robot 5.0.1 (Python 3.9.13 on win32)" generated="20220913 23:35:45.698" rpa="true" schemaversion="3">
<suite id="s1" name="Task1" source="C:\Users\Q0041\Documents\Robots\Manapuram\Task1.robot">
<test id="s1-t1" name="Run Task" line="7">
<kw name="MAIN FLOW" library="tasks">
<kw name="Current Diectory" library="Data">
<var>${File}</var>
<msg timestamp="20220913 23:35:52.670" level="INFO">${File} = C:\Users\Q0041\Documents\Robots\Manapuram\input\Automation Test Case.xlsx</msg>
<status status="PASS" starttime="20220913 23:35:52.670" endtime="20220913 23:35:52.670"/>
</kw>
<kw name="Data Collection" library="tasks">
<kw name="Create Dict" library="Filtering">
<var>${data}</var>
<kw name="Current Diectory" library="Data">
<var>${File}</var>
<msg timestamp="20220913 23:35:52.671" level="INFO">${File} = C:\Users\Q0041\Documents\Robots\Manapuram\input\Automation Test Case.xlsx</msg>
<status status="PASS" starttime="20220913 23:35:52.671" endtime="20220913 23:35:52.671"/>
</kw>
<kw name="Open Workbook" library="RPA.Excel.Files">
<arg>${File}</arg>
<doc>Open an existing Excel workbook.</doc>
<msg timestamp="20220913 23:35:55.185" level="INFO">Opened workbook: &lt;RPA.Excel.Files.XlsxWorkbook object at 0x0000018665A5F3D0&gt;</msg>
<status status="PASS" starttime="20220913 23:35:52.671" endtime="20220913 23:35:55.185"/>
</kw>
<kw name="Read Worksheet As Table" library="RPA.Excel.Files">
<var>${data}</var>
<arg>Sheet2</arg>
<arg>header=${True}</arg>
<doc>Read the contents of a worksheet into a Table container. Allows
sorting/filtering/manipulating using the ``RPA.Tables`` library.</doc>
<msg timestamp="20220913 23:35:55.185" level="INFO">Created table: Table(columns=['Date', 'TEST CASE ID', 'TEST CASE NAME', 'Execute_Flag', 'Status', 'Scheduler'], rows=8)</msg>
<msg timestamp="20220913 23:35:55.185" level="INFO">${data} = Table(columns=['Date', 'TEST CASE ID', 'TEST CASE NAME', 'Execute_Flag', 'Status', 'Scheduler'], rows=8)</msg>
<status status="PASS" starttime="20220913 23:35:55.185" endtime="20220913 23:35:55.185"/>
</kw>
<kw name="Close Workbook" library="RPA.Excel.Files">
<doc>Close the active workbook.</doc>
<msg timestamp="20220913 23:35:55.185" level="INFO">Closing workbook: &lt;RPA.Excel.Files.XlsxWorkbook object at 0x0000018665A5F3D0&gt;</msg>
<status status="PASS" starttime="20220913 23:35:55.185" endtime="20220913 23:35:55.185"/>
</kw>
<kw name="Filter Table By Column" library="RPA.Tables">
<arg>${data}</arg>
<arg>Execute_Flag</arg>
<arg>==</arg>
<arg>YES</arg>
<doc>Remove all rows where column values don't match the
given condition.</doc>
<msg timestamp="20220913 23:35:55.185" level="INFO">Filtered 0 rows</msg>
<status status="PASS" starttime="20220913 23:35:55.185" endtime="20220913 23:35:55.185"/>
</kw>
<kw name="Create Dictionary" library="BuiltIn">
<var>&amp;{alldata}</var>
<doc>Creates and returns a dictionary based on the given ``items``.</doc>
<msg timestamp="20220913 23:35:55.185" level="INFO">&amp;{alldata} = { }</msg>
<status status="PASS" starttime="20220913 23:35:55.185" endtime="20220913 23:35:55.185"/>
</kw>
<for flavor="IN">
<var>${row}</var>
<value>@{data}</value>
<iter>
<var name="${row}">{'Date': datetime.datetime(2022, 9, 6, 0, 0), 'TEST CASE ID': 'TC_01', 'TEST CASE NAME': 'Portal Launching', 'Execute_Flag': 'YES', 'Status': 'pass', 'Scheduler': 2}</var>
<kw name="Create Dictionary" library="BuiltIn">
<var>&amp;{valuedata}</var>
<arg>TEST CASE NAME</arg>
<arg>${row}[TEST CASE NAME]</arg>
<arg>Execute_Flag</arg>
<arg>${row}[Execute_Flag]</arg>
<arg>Scheduler</arg>
<arg>${row}[Scheduler]</arg>
<doc>Creates and returns a dictionary based on the given ``items``.</doc>
<msg timestamp="20220913 23:35:55.185" level="INFO">&amp;{valuedata} = { TEST CASE NAME=Portal Launching | Execute_Flag=YES | Scheduler=2 }</msg>
<status status="PASS" starttime="20220913 23:35:55.185" endtime="20220913 23:35:55.185"/>
</kw>
<kw name="Set To Dictionary" library="Collections">
<arg>${alldata}</arg>
<arg>${row['TEST CASE ID']}</arg>
<arg>${valuedata}</arg>
<doc>Adds the given ``key_value_pairs`` and ``items`` to the ``dictionary``.</doc>
<status status="PASS" starttime="20220913 23:35:55.185" endtime="20220913 23:35:55.185"/>
</kw>
<status status="PASS" starttime="20220913 23:35:55.185" endtime="20220913 23:35:55.185"/>
</iter>
<iter>
<var name="${row}">{'Date': None, 'TEST CASE ID': 'TC_02', 'TEST CASE NAME': 'Quick Pay in Portal', 'Execute_Flag': 'YES', 'Status': 'pass', 'Scheduler': 2}</var>
<kw name="Create Dictionary" library="BuiltIn">
<var>&amp;{valuedata}</var>
<arg>TEST CASE NAME</arg>
<arg>${row}[TEST CASE NAME]</arg>
<arg>Execute_Flag</arg>
<arg>${row}[Execute_Flag]</arg>
<arg>Scheduler</arg>
<arg>${row}[Scheduler]</arg>
<doc>Creates and returns a dictionary based on the given ``items``.</doc>
<msg timestamp="20220913 23:35:55.185" level="INFO">&amp;{valuedata} = { TEST CASE NAME=Quick Pay in Portal | Execute_Flag=YES | Scheduler=2 }</msg>
<status status="PASS" starttime="20220913 23:35:55.185" endtime="20220913 23:35:55.185"/>
</kw>
<kw name="Set To Dictionary" library="Collections">
<arg>${alldata}</arg>
<arg>${row['TEST CASE ID']}</arg>
<arg>${valuedata}</arg>
<doc>Adds the given ``key_value_pairs`` and ``items`` to the ``dictionary``.</doc>
<status status="PASS" starttime="20220913 23:35:55.185" endtime="20220913 23:35:55.185"/>
</kw>
<status status="PASS" starttime="20220913 23:35:55.185" endtime="20220913 23:35:55.185"/>
</iter>
<iter>
<var name="${row}">{'Date': None, 'TEST CASE ID': 'TC_03', 'TEST CASE NAME': 'Portal Login', 'Execute_Flag': 'YES', 'Status': 'pass', 'Scheduler': None}</var>
<kw name="Create Dictionary" library="BuiltIn">
<var>&amp;{valuedata}</var>
<arg>TEST CASE NAME</arg>
<arg>${row}[TEST CASE NAME]</arg>
<arg>Execute_Flag</arg>
<arg>${row}[Execute_Flag]</arg>
<arg>Scheduler</arg>
<arg>${row}[Scheduler]</arg>
<doc>Creates and returns a dictionary based on the given ``items``.</doc>
<msg timestamp="20220913 23:35:55.185" level="INFO">&amp;{valuedata} = { TEST CASE NAME=Portal Login | Execute_Flag=YES | Scheduler=None }</msg>
<status status="PASS" starttime="20220913 23:35:55.185" endtime="20220913 23:35:55.185"/>
</kw>
<kw name="Set To Dictionary" library="Collections">
<arg>${alldata}</arg>
<arg>${row['TEST CASE ID']}</arg>
<arg>${valuedata}</arg>
<doc>Adds the given ``key_value_pairs`` and ``items`` to the ``dictionary``.</doc>
<status status="PASS" starttime="20220913 23:35:55.185" endtime="20220913 23:35:55.185"/>
</kw>
<status status="PASS" starttime="20220913 23:35:55.185" endtime="20220913 23:35:55.185"/>
</iter>
<iter>
<var name="${row}">{'Date': None, 'TEST CASE ID': 'TC_04', 'TEST CASE NAME': 'Portal Login with Email Notification', 'Execute_Flag': 'YES', 'Status': 'pass', 'Scheduler': 2}</var>
<kw name="Create Dictionary" library="BuiltIn">
<var>&amp;{valuedata}</var>
<arg>TEST CASE NAME</arg>
<arg>${row}[TEST CASE NAME]</arg>
<arg>Execute_Flag</arg>
<arg>${row}[Execute_Flag]</arg>
<arg>Scheduler</arg>
<arg>${row}[Scheduler]</arg>
<doc>Creates and returns a dictionary based on the given ``items``.</doc>
<msg timestamp="20220913 23:35:55.185" level="INFO">&amp;{valuedata} = { TEST CASE NAME=Portal Login with Email Notification | Execute_Flag=YES | Scheduler=2 }</msg>
<status status="PASS" starttime="20220913 23:35:55.185" endtime="20220913 23:35:55.185"/>
</kw>
<kw name="Set To Dictionary" library="Collections">
<arg>${alldata}</arg>
<arg>${row['TEST CASE ID']}</arg>
<arg>${valuedata}</arg>
<doc>Adds the given ``key_value_pairs`` and ``items`` to the ``dictionary``.</doc>
<status status="PASS" starttime="20220913 23:35:55.185" endtime="20220913 23:35:55.185"/>
</kw>
<status status="PASS" starttime="20220913 23:35:55.185" endtime="20220913 23:35:55.185"/>
</iter>
<iter>
<var name="${row}">{'Date': None, 'TEST CASE ID': 'TC_05', 'TEST CASE NAME': 'Portal login with menus validation', 'Execute_Flag': 'YES', 'Status': 'pass', 'Scheduler': None}</var>
<kw name="Create Dictionary" library="BuiltIn">
<var>&amp;{valuedata}</var>
<arg>TEST CASE NAME</arg>
<arg>${row}[TEST CASE NAME]</arg>
<arg>Execute_Flag</arg>
<arg>${row}[Execute_Flag]</arg>
<arg>Scheduler</arg>
<arg>${row}[Scheduler]</arg>
<doc>Creates and returns a dictionary based on the given ``items``.</doc>
<msg timestamp="20220913 23:35:55.185" level="INFO">&amp;{valuedata} = { TEST CASE NAME=Portal login with menus validation | Execute_Flag=YES | Scheduler=None }</msg>
<status status="PASS" starttime="20220913 23:35:55.185" endtime="20220913 23:35:55.185"/>
</kw>
<kw name="Set To Dictionary" library="Collections">
<arg>${alldata}</arg>
<arg>${row['TEST CASE ID']}</arg>
<arg>${valuedata}</arg>
<doc>Adds the given ``key_value_pairs`` and ``items`` to the ``dictionary``.</doc>
<status status="PASS" starttime="20220913 23:35:55.185" endtime="20220913 23:35:55.195"/>
</kw>
<status status="PASS" starttime="20220913 23:35:55.185" endtime="20220913 23:35:55.195"/>
</iter>
<iter>
<var name="${row}">{'Date': None, 'TEST CASE ID': 'TC_06', 'TEST CASE NAME': 'Portal Login with the user verification', 'Execute_Flag': 'YES', 'Status': 'pass', 'Scheduler': 2}</var>
<kw name="Create Dictionary" library="BuiltIn">
<var>&amp;{valuedata}</var>
<arg>TEST CASE NAME</arg>
<arg>${row}[TEST CASE NAME]</arg>
<arg>Execute_Flag</arg>
<arg>${row}[Execute_Flag]</arg>
<arg>Scheduler</arg>
<arg>${row}[Scheduler]</arg>
<doc>Creates and returns a dictionary based on the given ``items``.</doc>
<msg timestamp="20220913 23:35:55.195" level="INFO">&amp;{valuedata} = { TEST CASE NAME=Portal Login with the user verification | Execute_Flag=YES | Scheduler=2 }</msg>
<status status="PASS" starttime="20220913 23:35:55.195" endtime="20220913 23:35:55.195"/>
</kw>
<kw name="Set To Dictionary" library="Collections">
<arg>${alldata}</arg>
<arg>${row['TEST CASE ID']}</arg>
<arg>${valuedata}</arg>
<doc>Adds the given ``key_value_pairs`` and ``items`` to the ``dictionary``.</doc>
<status status="PASS" starttime="20220913 23:35:55.195" endtime="20220913 23:35:55.195"/>
</kw>
<status status="PASS" starttime="20220913 23:35:55.195" endtime="20220913 23:35:55.195"/>
</iter>
<iter>
<var name="${row}">{'Date': None, 'TEST CASE ID': 'TC_07', 'TEST CASE NAME': 'Portal sign out', 'Execute_Flag': 'YES', 'Status': 'pass', 'Scheduler': 2}</var>
<kw name="Create Dictionary" library="BuiltIn">
<var>&amp;{valuedata}</var>
<arg>TEST CASE NAME</arg>
<arg>${row}[TEST CASE NAME]</arg>
<arg>Execute_Flag</arg>
<arg>${row}[Execute_Flag]</arg>
<arg>Scheduler</arg>
<arg>${row}[Scheduler]</arg>
<doc>Creates and returns a dictionary based on the given ``items``.</doc>
<msg timestamp="20220913 23:35:55.195" level="INFO">&amp;{valuedata} = { TEST CASE NAME=Portal sign out | Execute_Flag=YES | Scheduler=2 }</msg>
<status status="PASS" starttime="20220913 23:35:55.195" endtime="20220913 23:35:55.195"/>
</kw>
<kw name="Set To Dictionary" library="Collections">
<arg>${alldata}</arg>
<arg>${row['TEST CASE ID']}</arg>
<arg>${valuedata}</arg>
<doc>Adds the given ``key_value_pairs`` and ``items`` to the ``dictionary``.</doc>
<status status="PASS" starttime="20220913 23:35:55.195" endtime="20220913 23:35:55.195"/>
</kw>
<status status="PASS" starttime="20220913 23:35:55.195" endtime="20220913 23:35:55.195"/>
</iter>
<iter>
<var name="${row}">{'Date': None, 'TEST CASE ID': 'TC_08', 'TEST CASE NAME': 'PayTM Login', 'Execute_Flag': 'YES', 'Status': 'pass', 'Scheduler': 2}</var>
<kw name="Create Dictionary" library="BuiltIn">
<var>&amp;{valuedata}</var>
<arg>TEST CASE NAME</arg>
<arg>${row}[TEST CASE NAME]</arg>
<arg>Execute_Flag</arg>
<arg>${row}[Execute_Flag]</arg>
<arg>Scheduler</arg>
<arg>${row}[Scheduler]</arg>
<doc>Creates and returns a dictionary based on the given ``items``.</doc>
<msg timestamp="20220913 23:35:55.195" level="INFO">&amp;{valuedata} = { TEST CASE NAME=PayTM Login | Execute_Flag=YES | Scheduler=2 }</msg>
<status status="PASS" starttime="20220913 23:35:55.195" endtime="20220913 23:35:55.195"/>
</kw>
<kw name="Set To Dictionary" library="Collections">
<arg>${alldata}</arg>
<arg>${row['TEST CASE ID']}</arg>
<arg>${valuedata}</arg>
<doc>Adds the given ``key_value_pairs`` and ``items`` to the ``dictionary``.</doc>
<status status="PASS" starttime="20220913 23:35:55.195" endtime="20220913 23:35:55.195"/>
</kw>
<status status="PASS" starttime="20220913 23:35:55.195" endtime="20220913 23:35:55.195"/>
</iter>
<status status="PASS" starttime="20220913 23:35:55.185" endtime="20220913 23:35:55.195"/>
</for>
<kw name="Open Workbook" library="RPA.Excel.Files">
<arg>${File}</arg>
<doc>Open an existing Excel workbook.</doc>
<msg timestamp="20220913 23:35:55.246" level="INFO">Opened workbook: &lt;RPA.Excel.Files.XlsxWorkbook object at 0x00000186652FE790&gt;</msg>
<status status="PASS" starttime="20220913 23:35:55.195" endtime="20220913 23:35:55.246"/>
</kw>
<kw name="Read Worksheet As Table" library="RPA.Excel.Files">
<var>${data2}</var>
<arg>Sheet3</arg>
<arg>header=${True}</arg>
<doc>Read the contents of a worksheet into a Table container. Allows
sorting/filtering/manipulating using the ``RPA.Tables`` library.</doc>
<msg timestamp="20220913 23:35:55.246" level="INFO">Created table: Table(columns=['Date', 'TestCase_Id', 'TestName', 'PageLoading_Text', 'UserName', 'Password'], rows=8)</msg>
<msg timestamp="20220913 23:35:55.246" level="INFO">${data2} = Table(columns=['Date', 'TestCase_Id', 'TestName', 'PageLoading_Text', 'UserName', 'Password'], rows=8)</msg>
<status status="PASS" starttime="20220913 23:35:55.246" endtime="20220913 23:35:55.246"/>
</kw>
<kw name="Close Workbook" library="RPA.Excel.Files">
<doc>Close the active workbook.</doc>
<msg timestamp="20220913 23:35:55.246" level="INFO">Closing workbook: &lt;RPA.Excel.Files.XlsxWorkbook object at 0x00000186652FE790&gt;</msg>
<status status="PASS" starttime="20220913 23:35:55.246" endtime="20220913 23:35:55.246"/>
</kw>
<kw name="Filter Table By Column" library="RPA.Tables">
<arg>${data2}</arg>
<arg>TestCase_Id</arg>
<arg>in</arg>
<arg>${alldata.keys()}</arg>
<doc>Remove all rows where column values don't match the
given condition.</doc>
<msg timestamp="20220913 23:35:55.246" level="INFO">Filtered 0 rows</msg>
<status status="PASS" starttime="20220913 23:35:55.246" endtime="20220913 23:35:55.246"/>
</kw>
<for flavor="IN">
<var>${row}</var>
<value>@{data2}</value>
<iter>
<var name="${row}">{'Date': datetime.datetime(2022, 9, 6, 0, 0), 'TestCase_Id': 'TC_01', 'TestName': 'Portal Launching', 'PageLoading_Text': 'Welcome To Manappuram Finance Limited Customer eService Portal\n', 'UserName'...</var>
<kw name="Set To Dictionary" library="Collections">
<arg>${alldata}[${row['TestCase_Id']}]</arg>
<arg>username</arg>
<arg>${row}[UserName]</arg>
<arg>password</arg>
<arg>${row}[Password]</arg>
<doc>Adds the given ``key_value_pairs`` and ``items`` to the ``dictionary``.</doc>
<status status="PASS" starttime="20220913 23:35:55.246" endtime="20220913 23:35:55.256"/>
</kw>
<status status="PASS" starttime="20220913 23:35:55.246" endtime="20220913 23:35:55.256"/>
</iter>
<iter>
<var name="${row}">{'Date': None, 'TestCase_Id': 'TC_02', 'TestName': 'Quick Pay in Portal', 'PageLoading_Text': None, 'UserName': None, 'Password': None}</var>
<kw name="Set To Dictionary" library="Collections">
<arg>${alldata}[${row['TestCase_Id']}]</arg>
<arg>username</arg>
<arg>${row}[UserName]</arg>
<arg>password</arg>
<arg>${row}[Password]</arg>
<doc>Adds the given ``key_value_pairs`` and ``items`` to the ``dictionary``.</doc>
<status status="PASS" starttime="20220913 23:35:55.256" endtime="20220913 23:35:55.256"/>
</kw>
<status status="PASS" starttime="20220913 23:35:55.256" endtime="20220913 23:35:55.256"/>
</iter>
<iter>
<var name="${row}">{'Date': None, 'TestCase_Id': 'TC_03', 'TestName': 'Portal Login', 'PageLoading_Text': None, 'UserName': 9496292627, 'Password': 'j9496292627'}</var>
<kw name="Set To Dictionary" library="Collections">
<arg>${alldata}[${row['TestCase_Id']}]</arg>
<arg>username</arg>
<arg>${row}[UserName]</arg>
<arg>password</arg>
<arg>${row}[Password]</arg>
<doc>Adds the given ``key_value_pairs`` and ``items`` to the ``dictionary``.</doc>
<status status="PASS" starttime="20220913 23:35:55.256" endtime="20220913 23:35:55.256"/>
</kw>
<status status="PASS" starttime="20220913 23:35:55.256" endtime="20220913 23:35:55.256"/>
</iter>
<iter>
<var name="${row}">{'Date': None, 'TestCase_Id': 'TC_04', 'TestName': 'Portal Login with Email Notification', 'PageLoading_Text': None, 'UserName': None, 'Password': None}</var>
<kw name="Set To Dictionary" library="Collections">
<arg>${alldata}[${row['TestCase_Id']}]</arg>
<arg>username</arg>
<arg>${row}[UserName]</arg>
<arg>password</arg>
<arg>${row}[Password]</arg>
<doc>Adds the given ``key_value_pairs`` and ``items`` to the ``dictionary``.</doc>
<status status="PASS" starttime="20220913 23:35:55.256" endtime="20220913 23:35:55.256"/>
</kw>
<status status="PASS" starttime="20220913 23:35:55.256" endtime="20220913 23:35:55.256"/>
</iter>
<iter>
<var name="${row}">{'Date': None, 'TestCase_Id': 'TC_05', 'TestName': 'Portal login with menus validation', 'PageLoading_Text': None, 'UserName': None, 'Password': None}</var>
<kw name="Set To Dictionary" library="Collections">
<arg>${alldata}[${row['TestCase_Id']}]</arg>
<arg>username</arg>
<arg>${row}[UserName]</arg>
<arg>password</arg>
<arg>${row}[Password]</arg>
<doc>Adds the given ``key_value_pairs`` and ``items`` to the ``dictionary``.</doc>
<status status="PASS" starttime="20220913 23:35:55.256" endtime="20220913 23:35:55.256"/>
</kw>
<status status="PASS" starttime="20220913 23:35:55.256" endtime="20220913 23:35:55.256"/>
</iter>
<iter>
<var name="${row}">{'Date': None, 'TestCase_Id': 'TC_06', 'TestName': 'Portal Login with the user verification', 'PageLoading_Text': None, 'UserName': 'JAYANTHI C V', 'Password': None}</var>
<kw name="Set To Dictionary" library="Collections">
<arg>${alldata}[${row['TestCase_Id']}]</arg>
<arg>username</arg>
<arg>${row}[UserName]</arg>
<arg>password</arg>
<arg>${row}[Password]</arg>
<doc>Adds the given ``key_value_pairs`` and ``items`` to the ``dictionary``.</doc>
<status status="PASS" starttime="20220913 23:35:55.256" endtime="20220913 23:35:55.256"/>
</kw>
<status status="PASS" starttime="20220913 23:35:55.256" endtime="20220913 23:35:55.256"/>
</iter>
<iter>
<var name="${row}">{'Date': None, 'TestCase_Id': 'TC_07', 'TestName': 'Portal sign out', 'PageLoading_Text': None, 'UserName': None, 'Password': None}</var>
<kw name="Set To Dictionary" library="Collections">
<arg>${alldata}[${row['TestCase_Id']}]</arg>
<arg>username</arg>
<arg>${row}[UserName]</arg>
<arg>password</arg>
<arg>${row}[Password]</arg>
<doc>Adds the given ``key_value_pairs`` and ``items`` to the ``dictionary``.</doc>
<status status="PASS" starttime="20220913 23:35:55.256" endtime="20220913 23:35:55.262"/>
</kw>
<status status="PASS" starttime="20220913 23:35:55.256" endtime="20220913 23:35:55.262"/>
</iter>
<iter>
<var name="${row}">{'Date': None, 'TestCase_Id': 'TC_08', 'TestName': 'PayTM Login', 'PageLoading_Text': None, 'UserName': None, 'Password': None}</var>
<kw name="Set To Dictionary" library="Collections">
<arg>${alldata}[${row['TestCase_Id']}]</arg>
<arg>username</arg>
<arg>${row}[UserName]</arg>
<arg>password</arg>
<arg>${row}[Password]</arg>
<doc>Adds the given ``key_value_pairs`` and ``items`` to the ``dictionary``.</doc>
<status status="PASS" starttime="20220913 23:35:55.262" endtime="20220913 23:35:55.262"/>
</kw>
<status status="PASS" starttime="20220913 23:35:55.262" endtime="20220913 23:35:55.262"/>
</iter>
<status status="PASS" starttime="20220913 23:35:55.246" endtime="20220913 23:35:55.262"/>
</for>
<kw name="Log To Console" library="BuiltIn">
<arg>${alldata}[TC_02][username]</arg>
<doc>Logs the given message to the console.</doc>
<status status="PASS" starttime="20220913 23:35:55.262" endtime="20220913 23:35:55.262"/>
</kw>
<kw name="Return From Keyword" library="BuiltIn">
<arg>${alldata}</arg>
<doc>Returns from the enclosing user keyword.</doc>
<msg timestamp="20220913 23:35:55.262" level="INFO">Returning from the enclosing user keyword.</msg>
<status status="PASS" starttime="20220913 23:35:55.262" endtime="20220913 23:35:55.262"/>
</kw>
<msg timestamp="20220913 23:35:55.262" level="INFO">${data} = {'TC_01': {'TEST CASE NAME': 'Portal Launching', 'Execute_Flag': 'YES', 'Scheduler': 2, 'username': None, 'password': None}, 'TC_02': {'TEST CASE NAME': 'Quick Pay in Portal', 'Execute_Flag': 'YES', '...</msg>
<status status="PASS" starttime="20220913 23:35:52.671" endtime="20220913 23:35:55.262"/>
</kw>
<kw name="Set Global Variable" library="BuiltIn">
<arg>${details}</arg>
<arg>${data}</arg>
<doc>Makes a variable available globally in all tests and suites.</doc>
<msg timestamp="20220913 23:35:55.266" level="INFO">${details} = {'TC_01': {'TEST CASE NAME': 'Portal Launching', 'Execute_Flag': 'YES', 'Scheduler': 2, 'username': None, 'password': None}, 'TC_02': {'TEST CASE NAME': 'Quick Pay in Portal', 'Execute_Flag': 'YES', '...</msg>
<status status="PASS" starttime="20220913 23:35:55.262" endtime="20220913 23:35:55.266"/>
</kw>
<status status="PASS" starttime="20220913 23:35:52.670" endtime="20220913 23:35:55.266"/>
</kw>
<kw name="Filtering Data" library="Filtering">
<var>${data}</var>
<kw name="Current Diectory" library="Data">
<var>${File}</var>
<msg timestamp="20220913 23:35:55.266" level="INFO">${File} = C:\Users\Q0041\Documents\Robots\Manapuram\input\Automation Test Case.xlsx</msg>
<status status="PASS" starttime="20220913 23:35:55.266" endtime="20220913 23:35:55.266"/>
</kw>
<kw name="Open Workbook" library="RPA.Excel.Files">
<arg>${File}</arg>
<doc>Open an existing Excel workbook.</doc>
<msg timestamp="20220913 23:35:55.310" level="INFO">Opened workbook: &lt;RPA.Excel.Files.XlsxWorkbook object at 0x0000018665E52E50&gt;</msg>
<status status="PASS" starttime="20220913 23:35:55.266" endtime="20220913 23:35:55.310"/>
</kw>
<kw name="Read Worksheet As Table" library="RPA.Excel.Files">
<var>${data}</var>
<arg>Sheet2</arg>
<arg>header=${True}</arg>
<doc>Read the contents of a worksheet into a Table container. Allows
sorting/filtering/manipulating using the ``RPA.Tables`` library.</doc>
<msg timestamp="20220913 23:35:55.310" level="INFO">Created table: Table(columns=['Date', 'TEST CASE ID', 'TEST CASE NAME', 'Execute_Flag', 'Status', 'Scheduler'], rows=8)</msg>
<msg timestamp="20220913 23:35:55.310" level="INFO">${data} = Table(columns=['Date', 'TEST CASE ID', 'TEST CASE NAME', 'Execute_Flag', 'Status', 'Scheduler'], rows=8)</msg>
<status status="PASS" starttime="20220913 23:35:55.310" endtime="20220913 23:35:55.310"/>
</kw>
<kw name="Close Workbook" library="RPA.Excel.Files">
<doc>Close the active workbook.</doc>
<msg timestamp="20220913 23:35:55.310" level="INFO">Closing workbook: &lt;RPA.Excel.Files.XlsxWorkbook object at 0x0000018665E52E50&gt;</msg>
<status status="PASS" starttime="20220913 23:35:55.310" endtime="20220913 23:35:55.310"/>
</kw>
<kw name="Filter Table By Column" library="RPA.Tables">
<arg>${data}</arg>
<arg>Execute_Flag</arg>
<arg>==</arg>
<arg>YES</arg>
<doc>Remove all rows where column values don't match the
given condition.</doc>
<msg timestamp="20220913 23:35:55.310" level="INFO">Filtered 0 rows</msg>
<status status="PASS" starttime="20220913 23:35:55.310" endtime="20220913 23:35:55.310"/>
</kw>
<kw name="Create List" library="BuiltIn">
<var>@{Menu_list}</var>
<doc>Returns a list containing given items.</doc>
<msg timestamp="20220913 23:35:55.310" level="INFO">@{Menu_list} = [ ]</msg>
<status status="PASS" starttime="20220913 23:35:55.310" endtime="20220913 23:35:55.310"/>
</kw>
<for flavor="IN">
<var>${element}</var>
<value>@{data}</value>
<iter>
<var name="${element}">{'Date': datetime.datetime(2022, 9, 6, 0, 0), 'TEST CASE ID': 'TC_01', 'TEST CASE NAME': 'Portal Launching', 'Execute_Flag': 'YES', 'Status': 'pass', 'Scheduler': 2}</var>
<kw name="Notebook Print" library="RPA.core.notebook">
<arg>${element}</arg>
<doc>Display IPython Markdown object in the notebook</doc>
<status status="PASS" starttime="20220913 23:35:55.310" endtime="20220913 23:35:55.310"/>
</kw>
<kw name="Append To List" library="Collections">
<arg>${Menu_list}</arg>
<arg>${element}[TEST CASE ID]</arg>
<doc>Adds ``values`` to the end of ``list``.</doc>
<status status="PASS" starttime="20220913 23:35:55.310" endtime="20220913 23:35:55.310"/>
</kw>
<status status="PASS" starttime="20220913 23:35:55.310" endtime="20220913 23:35:55.310"/>
</iter>
<iter>
<var name="${element}">{'Date': None, 'TEST CASE ID': 'TC_02', 'TEST CASE NAME': 'Quick Pay in Portal', 'Execute_Flag': 'YES', 'Status': 'pass', 'Scheduler': 2}</var>
<kw name="Notebook Print" library="RPA.core.notebook">
<arg>${element}</arg>
<doc>Display IPython Markdown object in the notebook</doc>
<status status="PASS" starttime="20220913 23:35:55.310" endtime="20220913 23:35:55.310"/>
</kw>
<kw name="Append To List" library="Collections">
<arg>${Menu_list}</arg>
<arg>${element}[TEST CASE ID]</arg>
<doc>Adds ``values`` to the end of ``list``.</doc>
<status status="PASS" starttime="20220913 23:35:55.310" endtime="20220913 23:35:55.310"/>
</kw>
<status status="PASS" starttime="20220913 23:35:55.310" endtime="20220913 23:35:55.310"/>
</iter>
<iter>
<var name="${element}">{'Date': None, 'TEST CASE ID': 'TC_03', 'TEST CASE NAME': 'Portal Login', 'Execute_Flag': 'YES', 'Status': 'pass', 'Scheduler': None}</var>
<kw name="Notebook Print" library="RPA.core.notebook">
<arg>${element}</arg>
<doc>Display IPython Markdown object in the notebook</doc>
<status status="PASS" starttime="20220913 23:35:55.310" endtime="20220913 23:35:55.310"/>
</kw>
<kw name="Append To List" library="Collections">
<arg>${Menu_list}</arg>
<arg>${element}[TEST CASE ID]</arg>
<doc>Adds ``values`` to the end of ``list``.</doc>
<status status="PASS" starttime="20220913 23:35:55.310" endtime="20220913 23:35:55.310"/>
</kw>
<status status="PASS" starttime="20220913 23:35:55.310" endtime="20220913 23:35:55.310"/>
</iter>
<iter>
<var name="${element}">{'Date': None, 'TEST CASE ID': 'TC_04', 'TEST CASE NAME': 'Portal Login with Email Notification', 'Execute_Flag': 'YES', 'Status': 'pass', 'Scheduler': 2}</var>
<kw name="Notebook Print" library="RPA.core.notebook">
<arg>${element}</arg>
<doc>Display IPython Markdown object in the notebook</doc>
<status status="PASS" starttime="20220913 23:35:55.310" endtime="20220913 23:35:55.310"/>
</kw>
<kw name="Append To List" library="Collections">
<arg>${Menu_list}</arg>
<arg>${element}[TEST CASE ID]</arg>
<doc>Adds ``values`` to the end of ``list``.</doc>
<status status="PASS" starttime="20220913 23:35:55.310" endtime="20220913 23:35:55.310"/>
</kw>
<status status="PASS" starttime="20220913 23:35:55.310" endtime="20220913 23:35:55.310"/>
</iter>
<iter>
<var name="${element}">{'Date': None, 'TEST CASE ID': 'TC_05', 'TEST CASE NAME': 'Portal login with menus validation', 'Execute_Flag': 'YES', 'Status': 'pass', 'Scheduler': None}</var>
<kw name="Notebook Print" library="RPA.core.notebook">
<arg>${element}</arg>
<doc>Display IPython Markdown object in the notebook</doc>
<status status="PASS" starttime="20220913 23:35:55.310" endtime="20220913 23:35:55.310"/>
</kw>
<kw name="Append To List" library="Collections">
<arg>${Menu_list}</arg>
<arg>${element}[TEST CASE ID]</arg>
<doc>Adds ``values`` to the end of ``list``.</doc>
<status status="PASS" starttime="20220913 23:35:55.310" endtime="20220913 23:35:55.310"/>
</kw>
<status status="PASS" starttime="20220913 23:35:55.310" endtime="20220913 23:35:55.310"/>
</iter>
<iter>
<var name="${element}">{'Date': None, 'TEST CASE ID': 'TC_06', 'TEST CASE NAME': 'Portal Login with the user verification', 'Execute_Flag': 'YES', 'Status': 'pass', 'Scheduler': 2}</var>
<kw name="Notebook Print" library="RPA.core.notebook">
<arg>${element}</arg>
<doc>Display IPython Markdown object in the notebook</doc>
<status status="PASS" starttime="20220913 23:35:55.310" endtime="20220913 23:35:55.310"/>
</kw>
<kw name="Append To List" library="Collections">
<arg>${Menu_list}</arg>
<arg>${element}[TEST CASE ID]</arg>
<doc>Adds ``values`` to the end of ``list``.</doc>
<status status="PASS" starttime="20220913 23:35:55.310" endtime="20220913 23:35:55.310"/>
</kw>
<status status="PASS" starttime="20220913 23:35:55.310" endtime="20220913 23:35:55.310"/>
</iter>
<iter>
<var name="${element}">{'Date': None, 'TEST CASE ID': 'TC_07', 'TEST CASE NAME': 'Portal sign out', 'Execute_Flag': 'YES', 'Status': 'pass', 'Scheduler': 2}</var>
<kw name="Notebook Print" library="RPA.core.notebook">
<arg>${element}</arg>
<doc>Display IPython Markdown object in the notebook</doc>
<status status="PASS" starttime="20220913 23:35:55.310" endtime="20220913 23:35:55.310"/>
</kw>
<kw name="Append To List" library="Collections">
<arg>${Menu_list}</arg>
<arg>${element}[TEST CASE ID]</arg>
<doc>Adds ``values`` to the end of ``list``.</doc>
<status status="PASS" starttime="20220913 23:35:55.326" endtime="20220913 23:35:55.326"/>
</kw>
<status status="PASS" starttime="20220913 23:35:55.310" endtime="20220913 23:35:55.326"/>
</iter>
<iter>
<var name="${element}">{'Date': None, 'TEST CASE ID': 'TC_08', 'TEST CASE NAME': 'PayTM Login', 'Execute_Flag': 'YES', 'Status': 'pass', 'Scheduler': 2}</var>
<kw name="Notebook Print" library="RPA.core.notebook">
<arg>${element}</arg>
<doc>Display IPython Markdown object in the notebook</doc>
<status status="PASS" starttime="20220913 23:35:55.326" endtime="20220913 23:35:55.326"/>
</kw>
<kw name="Append To List" library="Collections">
<arg>${Menu_list}</arg>
<arg>${element}[TEST CASE ID]</arg>
<doc>Adds ``values`` to the end of ``list``.</doc>
<status status="PASS" starttime="20220913 23:35:55.326" endtime="20220913 23:35:55.326"/>
</kw>
<status status="PASS" starttime="20220913 23:35:55.326" endtime="20220913 23:35:55.326"/>
</iter>
<status status="PASS" starttime="20220913 23:35:55.310" endtime="20220913 23:35:55.326"/>
</for>
<kw name="Notebook Print" library="RPA.core.notebook">
<arg>${Menu_list}</arg>
<doc>Display IPython Markdown object in the notebook</doc>
<status status="PASS" starttime="20220913 23:35:55.326" endtime="20220913 23:35:55.326"/>
</kw>
<kw name="Open Workbook" library="RPA.Excel.Files">
<arg>${File}</arg>
<doc>Open an existing Excel workbook.</doc>
<msg timestamp="20220913 23:35:55.374" level="INFO">Opened workbook: &lt;RPA.Excel.Files.XlsxWorkbook object at 0x0000018665A9E310&gt;</msg>
<status status="PASS" starttime="20220913 23:35:55.326" endtime="20220913 23:35:55.374"/>
</kw>
<kw name="Read Worksheet As Table" library="RPA.Excel.Files">
<var>${data2}</var>
<arg>Sheet3</arg>
<arg>header=${True}</arg>
<doc>Read the contents of a worksheet into a Table container. Allows
sorting/filtering/manipulating using the ``RPA.Tables`` library.</doc>
<msg timestamp="20220913 23:35:55.374" level="INFO">Created table: Table(columns=['Date', 'TestCase_Id', 'TestName', 'PageLoading_Text', 'UserName', 'Password'], rows=8)</msg>
<msg timestamp="20220913 23:35:55.374" level="INFO">${data2} = Table(columns=['Date', 'TestCase_Id', 'TestName', 'PageLoading_Text', 'UserName', 'Password'], rows=8)</msg>
<status status="PASS" starttime="20220913 23:35:55.374" endtime="20220913 23:35:55.374"/>
</kw>
<kw name="Close Workbook" library="RPA.Excel.Files">
<doc>Close the active workbook.</doc>
<msg timestamp="20220913 23:35:55.374" level="INFO">Closing workbook: &lt;RPA.Excel.Files.XlsxWorkbook object at 0x0000018665A9E310&gt;</msg>
<status status="PASS" starttime="20220913 23:35:55.374" endtime="20220913 23:35:55.374"/>
</kw>
<kw name="Filter Table By Column" library="RPA.Tables">
<arg>${data2}</arg>
<arg>TestCase_Id</arg>
<arg>in</arg>
<arg>${Menu_list}</arg>
<doc>Remove all rows where column values don't match the
given condition.</doc>
<msg timestamp="20220913 23:35:55.374" level="INFO">Filtered 0 rows</msg>
<status status="PASS" starttime="20220913 23:35:55.374" endtime="20220913 23:35:55.374"/>
</kw>
<kw name="Log To Console" library="BuiltIn">
<arg>${data2}</arg>
<doc>Logs the given message to the console.</doc>
<status status="PASS" starttime="20220913 23:35:55.374" endtime="20220913 23:35:55.374"/>
</kw>
<kw name="Return From Keyword" library="BuiltIn">
<arg>${data2}</arg>
<doc>Returns from the enclosing user keyword.</doc>
<msg timestamp="20220913 23:35:55.382" level="INFO">Returning from the enclosing user keyword.</msg>
<status status="PASS" starttime="20220913 23:35:55.382" endtime="20220913 23:35:55.382"/>
</kw>
<msg timestamp="20220913 23:35:55.382" level="INFO">${data} = Table(columns=['Date', 'TestCase_Id', 'TestName', 'PageLoading_Text', 'UserName', 'Password'], rows=8)</msg>
<status status="PASS" starttime="20220913 23:35:55.266" endtime="20220913 23:35:55.382"/>
</kw>
<for flavor="IN">
<var>${element}</var>
<value>@{data}</value>
<iter>
<var name="${element}">{'Date': datetime.datetime(2022, 9, 6, 0, 0), 'TestCase_Id': 'TC_01', 'TestName': 'Portal Launching', 'PageLoading_Text': 'Welcome To Manappuram Finance Limited Customer eService Portal\n', 'UserName'...</var>
<kw name="Log To Console" library="BuiltIn">
<arg>${element}[TestName]</arg>
<doc>Logs the given message to the console.</doc>
<status status="PASS" starttime="20220913 23:35:55.383" endtime="20220913 23:35:55.383"/>
</kw>
<kw name="Set Variable" library="BuiltIn">
<var>${TestCase_Id}</var>
<arg>${element}[TestCase_Id]</arg>
<doc>Returns the given values which can then be assigned to a variables.</doc>
<msg timestamp="20220913 23:35:55.383" level="INFO">${TestCase_Id} = TC_01</msg>
<status status="PASS" starttime="20220913 23:35:55.383" endtime="20220913 23:35:55.383"/>
</kw>
<kw name="Get Delay" library="Data">
<var>${Delay}</var>
<arg>${element}[TestName]</arg>
<msg timestamp="20220913 23:35:55.422" level="INFO">Portal Launching</msg>
<msg timestamp="20220913 23:35:55.422" level="INFO">${Delay} = 2.0</msg>
<status status="PASS" starttime="20220913 23:35:55.383" endtime="20220913 23:35:55.422"/>
</kw>
<kw name="Sleep" library="BuiltIn">
<arg>${Delay}</arg>
<doc>Pauses the test executed for the given time.</doc>
<msg timestamp="20220913 23:35:57.427" level="INFO">Slept 2 seconds</msg>
<status status="PASS" starttime="20220913 23:35:55.422" endtime="20220913 23:35:57.427"/>
</kw>
<kw name="Run Keyword" library="BuiltIn">
<var>${status}</var>
<arg>${element}[TestName]</arg>
<arg>${TestCase_Id}</arg>
<doc>Executes the given keyword with the given arguments.</doc>
<kw name="Portal Launching" library="tasks">
<arg>${TestCase_Id}</arg>
<kw name="Open Browser" library="RPA.Browser.Selenium">
<arg>${URL}</arg>
<arg>browser=Edge</arg>
<arg>executable_path=C:\\Users\\Q0041\\Documents\\Robots\\Manapuram\\msedgedriver.exe</arg>
<doc>Opens a new browser instance to the optional ``url``.</doc>
<msg timestamp="20220913 23:35:57.427" level="INFO">Opening browser 'Edge' to base url 'https://online.manappuram.com/'.</msg>
<status status="PASS" starttime="20220913 23:35:57.427" endtime="20220913 23:36:01.058"/>
</kw>
<kw name="Maximize Browser Window" library="RPA.Browser.Selenium">
<doc>Maximizes current browser window.</doc>
<status status="PASS" starttime="20220913 23:36:01.058" endtime="20220913 23:36:01.210"/>
</kw>
<kw name="Sleep" library="BuiltIn">
<arg>2s</arg>
<doc>Pauses the test executed for the given time.</doc>
<msg timestamp="20220913 23:36:03.217" level="INFO">Slept 2 seconds</msg>
<status status="PASS" starttime="20220913 23:36:01.211" endtime="20220913 23:36:03.218"/>
</kw>
<kw name="Is Element Visible" library="RPA.Browser.Selenium">
<var>${Text_Vis}</var>
<arg>//div[contains(text(),"Welcome To Manappuram Finance Limited Customer eService Portal")]</arg>
<doc>Is element visible</doc>
<msg timestamp="20220913 23:36:03.259" level="INFO">Element '//div[contains(text(),"Welcome To Manappuram Finance Limited Customer eService Portal")]' is displayed.</msg>
<msg timestamp="20220913 23:36:03.259" level="INFO">${Text_Vis} = True</msg>
<status status="PASS" starttime="20220913 23:36:03.219" endtime="20220913 23:36:03.259"/>
</kw>
<if>
<branch type="IF" condition="${Text_Vis}">
<kw name="Return From Keyword" library="BuiltIn">
<arg>pass</arg>
<doc>Returns from the enclosing user keyword.</doc>
<msg timestamp="20220913 23:36:03.259" level="INFO">Returning from the enclosing user keyword.</msg>
<status status="PASS" starttime="20220913 23:36:03.259" endtime="20220913 23:36:03.259"/>
</kw>
<status status="PASS" starttime="20220913 23:36:03.259" endtime="20220913 23:36:03.259"/>
</branch>
<branch type="ELSE">
<kw name="Return From Keyword" library="BuiltIn">
<arg>fail</arg>
<doc>Returns from the enclosing user keyword.</doc>
<status status="NOT RUN" starttime="20220913 23:36:03.259" endtime="20220913 23:36:03.259"/>
</kw>
<status status="NOT RUN" starttime="20220913 23:36:03.259" endtime="20220913 23:36:03.259"/>
</branch>
<status status="PASS" starttime="20220913 23:36:03.259" endtime="20220913 23:36:03.259"/>
</if>
<status status="PASS" starttime="20220913 23:35:57.427" endtime="20220913 23:36:03.259"/>
</kw>
<msg timestamp="20220913 23:36:03.261" level="INFO">${status} = pass</msg>
<status status="PASS" starttime="20220913 23:35:57.427" endtime="20220913 23:36:03.261"/>
</kw>
<kw name="Notebook Print" library="RPA.core.notebook">
<arg>${TestCase_Id}</arg>
<doc>Display IPython Markdown object in the notebook</doc>
<status status="PASS" starttime="20220913 23:36:03.261" endtime="20220913 23:36:03.262"/>
</kw>
<kw name="Update Excel Value" library="MyLibrary">
<arg>${File}</arg>
<arg>TEST CASE ID</arg>
<arg>${TestCase_Id}</arg>
<arg>Status</arg>
<arg>${status}</arg>
<doc>Updates the excel file with the given values.</doc>
<status status="PASS" starttime="20220913 23:36:03.262" endtime="20220913 23:36:03.448"/>
</kw>
<status status="PASS" starttime="20220913 23:35:55.382" endtime="20220913 23:36:03.448"/>
</iter>
<iter>
<var name="${element}">{'Date': None, 'TestCase_Id': 'TC_02', 'TestName': 'Quick Pay in Portal', 'PageLoading_Text': None, 'UserName': None, 'Password': None}</var>
<kw name="Log To Console" library="BuiltIn">
<arg>${element}[TestName]</arg>
<doc>Logs the given message to the console.</doc>
<status status="PASS" starttime="20220913 23:36:03.448" endtime="20220913 23:36:03.452"/>
</kw>
<kw name="Set Variable" library="BuiltIn">
<var>${TestCase_Id}</var>
<arg>${element}[TestCase_Id]</arg>
<doc>Returns the given values which can then be assigned to a variables.</doc>
<msg timestamp="20220913 23:36:03.453" level="INFO">${TestCase_Id} = TC_02</msg>
<status status="PASS" starttime="20220913 23:36:03.452" endtime="20220913 23:36:03.454"/>
</kw>
<kw name="Get Delay" library="Data">
<var>${Delay}</var>
<arg>${element}[TestName]</arg>
<msg timestamp="20220913 23:36:03.735" level="INFO">Portal Launching
Quick Pay in Portal</msg>
<msg timestamp="20220913 23:36:03.736" level="INFO">${Delay} = 2.0</msg>
<status status="PASS" starttime="20220913 23:36:03.454" endtime="20220913 23:36:03.736"/>
</kw>
<kw name="Sleep" library="BuiltIn">
<arg>${Delay}</arg>
<doc>Pauses the test executed for the given time.</doc>
<msg timestamp="20220913 23:36:05.743" level="INFO">Slept 2 seconds</msg>
<status status="PASS" starttime="20220913 23:36:03.737" endtime="20220913 23:36:05.743"/>
</kw>
<kw name="Run Keyword" library="BuiltIn">
<var>${status}</var>
<arg>${element}[TestName]</arg>
<arg>${TestCase_Id}</arg>
<doc>Executes the given keyword with the given arguments.</doc>
<kw name="Quick Pay in Portal" library="tasks">
<arg>${TestCase_Id}</arg>
<kw name="Is Element Visible" library="RPA.Browser.Selenium">
<var>${Bttn_Vis}</var>
<arg>//*[@id="expresspay"]</arg>
<doc>Is element visible</doc>
<msg timestamp="20220913 23:36:05.797" level="INFO">Element '//*[@id="expresspay"]' is displayed.</msg>
<msg timestamp="20220913 23:36:05.797" level="INFO">${Bttn_Vis} = True</msg>
<status status="PASS" starttime="20220913 23:36:05.746" endtime="20220913 23:36:05.797"/>
</kw>
<if>
<branch type="IF" condition="${Bttn_Vis}">
<kw name="Return From Keyword" library="BuiltIn">
<arg>pass</arg>
<doc>Returns from the enclosing user keyword.</doc>
<msg timestamp="20220913 23:36:05.800" level="INFO">Returning from the enclosing user keyword.</msg>
<status status="PASS" starttime="20220913 23:36:05.797" endtime="20220913 23:36:05.801"/>
</kw>
<status status="PASS" starttime="20220913 23:36:05.797" endtime="20220913 23:36:05.802"/>
</branch>
<status status="PASS" starttime="20220913 23:36:05.797" endtime="20220913 23:36:05.802"/>
</if>
<status status="PASS" starttime="20220913 23:36:05.744" endtime="20220913 23:36:05.802"/>
</kw>
<msg timestamp="20220913 23:36:05.803" level="INFO">${status} = pass</msg>
<status status="PASS" starttime="20220913 23:36:05.743" endtime="20220913 23:36:05.803"/>
</kw>
<kw name="Notebook Print" library="RPA.core.notebook">
<arg>${TestCase_Id}</arg>
<doc>Display IPython Markdown object in the notebook</doc>
<status status="PASS" starttime="20220913 23:36:05.804" endtime="20220913 23:36:05.804"/>
</kw>
<kw name="Update Excel Value" library="MyLibrary">
<arg>${File}</arg>
<arg>TEST CASE ID</arg>
<arg>${TestCase_Id}</arg>
<arg>Status</arg>
<arg>${status}</arg>
<doc>Updates the excel file with the given values.</doc>
<status status="PASS" starttime="20220913 23:36:05.804" endtime="20220913 23:36:06.175"/>
</kw>
<status status="PASS" starttime="20220913 23:36:03.448" endtime="20220913 23:36:06.176"/>
</iter>
<iter>
<var name="${element}">{'Date': None, 'TestCase_Id': 'TC_03', 'TestName': 'Portal Login', 'PageLoading_Text': None, 'UserName': 9496292627, 'Password': 'j9496292627'}</var>
<kw name="Log To Console" library="BuiltIn">
<arg>${element}[TestName]</arg>
<doc>Logs the given message to the console.</doc>
<status status="PASS" starttime="20220913 23:36:06.176" endtime="20220913 23:36:06.178"/>
</kw>
<kw name="Set Variable" library="BuiltIn">
<var>${TestCase_Id}</var>
<arg>${element}[TestCase_Id]</arg>
<doc>Returns the given values which can then be assigned to a variables.</doc>
<msg timestamp="20220913 23:36:06.180" level="INFO">${TestCase_Id} = TC_03</msg>
<status status="PASS" starttime="20220913 23:36:06.178" endtime="20220913 23:36:06.180"/>
</kw>
<kw name="Get Delay" library="Data">
<var>${Delay}</var>
<arg>${element}[TestName]</arg>
<msg timestamp="20220913 23:36:06.444" level="INFO">Portal Launching
Quick Pay in Portal
Portal Login</msg>
<msg timestamp="20220913 23:36:06.445" level="INFO">${Delay} = 0</msg>
<status status="PASS" starttime="20220913 23:36:06.180" endtime="20220913 23:36:06.445"/>
</kw>
<kw name="Sleep" library="BuiltIn">
<arg>${Delay}</arg>
<doc>Pauses the test executed for the given time.</doc>
<msg timestamp="20220913 23:36:06.447" level="INFO">Slept 0 seconds</msg>
<status status="PASS" starttime="20220913 23:36:06.446" endtime="20220913 23:36:06.447"/>
</kw>
<kw name="Run Keyword" library="BuiltIn">
<var>${status}</var>
<arg>${element}[TestName]</arg>
<arg>${TestCase_Id}</arg>
<doc>Executes the given keyword with the given arguments.</doc>
<kw name="Portal Login" library="tasks">
<arg>${TestCase_Id}</arg>
<kw name="Set Variable" library="BuiltIn">
<var>${UserName}</var>
<arg>${details}[${TestCase_Id}][username]</arg>
<doc>Returns the given values which can then be assigned to a variables.</doc>
<msg timestamp="20220913 23:36:06.450" level="INFO">${UserName} = 9496292627</msg>
<status status="PASS" starttime="20220913 23:36:06.450" endtime="20220913 23:36:06.450"/>
</kw>
<kw name="Set Variable" library="BuiltIn">
<var>${Password}</var>
<arg>${details}[${TestCase_Id}][password]</arg>
<doc>Returns the given values which can then be assigned to a variables.</doc>
<msg timestamp="20220913 23:36:06.452" level="INFO">${Password} = j9496292627</msg>
<status status="PASS" starttime="20220913 23:36:06.451" endtime="20220913 23:36:06.452"/>
</kw>
<kw name="Wait Until Keyword Succeeds" library="BuiltIn">
<arg>3x</arg>
<arg>5</arg>
<arg>Wait Until Element Is Visible</arg>
<arg>//*[@id="username"]</arg>
<doc>Runs the specified keyword and retries if it fails.</doc>
<kw name="Wait Until Element Is Visible" library="RPA.Browser.Selenium">
<arg>//*[@id="username"]</arg>
<doc>Waits until the element ``locator`` is visible.</doc>
<status status="PASS" starttime="20220913 23:36:06.454" endtime="20220913 23:36:06.487"/>
</kw>
<status status="PASS" starttime="20220913 23:36:06.452" endtime="20220913 23:36:06.490"/>
</kw>
<kw name="Input Text" library="RPA.Browser.Selenium">
<arg>//*[@id="username"]</arg>
<arg>${UserName}</arg>
<doc>Types the given ``text`` into the text field identified by ``locator``.</doc>
<msg timestamp="20220913 23:36:06.492" level="INFO">Typing text '9496292627' into text field '//*[@id="username"]'.</msg>
<status status="PASS" starttime="20220913 23:36:06.491" endtime="20220913 23:36:06.621"/>
</kw>
<kw name="Wait Until Keyword Succeeds" library="BuiltIn">
<arg>3x</arg>
<arg>5</arg>
<arg>Wait Until Element Is Visible</arg>
<arg>//*[@id="password"]</arg>
<doc>Runs the specified keyword and retries if it fails.</doc>
<kw name="Wait Until Element Is Visible" library="RPA.Browser.Selenium">
<arg>//*[@id="password"]</arg>
<doc>Waits until the element ``locator`` is visible.</doc>
<status status="PASS" starttime="20220913 23:36:06.621" endtime="20220913 23:36:06.660"/>
</kw>
<status status="PASS" starttime="20220913 23:36:06.621" endtime="20220913 23:36:06.660"/>
</kw>
<kw name="Input Password" library="RPA.Browser.Selenium">
<arg>//*[@id="password"]</arg>
<arg>${Password}</arg>
<doc>Types the given password into the text field identified by ``locator``.</doc>
<msg timestamp="20220913 23:36:06.662" level="INFO">Typing password into text field '//*[@id="password"]'.</msg>
<msg timestamp="20220913 23:36:06.710" level="INFO">Temporally setting log level to: NONE</msg>
<msg timestamp="20220913 23:36:06.783" level="INFO">Log level changed from NONE to INFO.</msg>
<status status="PASS" starttime="20220913 23:36:06.661" endtime="20220913 23:36:06.783"/>
</kw>
<kw name="Click Element If Visible" library="RPA.Browser.Selenium">
<arg>//*[@id="txt_login"]</arg>
<doc>Click element if it is visible</doc>
<msg timestamp="20220913 23:36:06.817" level="INFO">Element '//*[@id="txt_login"]' is displayed.</msg>
<msg timestamp="20220913 23:36:06.817" level="INFO">Clicking element '//*[@id="txt_login"]'.</msg>
<status status="PASS" starttime="20220913 23:36:06.785" endtime="20220913 23:36:07.455"/>
</kw>
<kw name="Sleep" library="BuiltIn">
<arg>2s</arg>
<doc>Pauses the test executed for the given time.</doc>
<msg timestamp="20220913 23:36:09.462" level="INFO">Slept 2 seconds</msg>
<status status="PASS" starttime="20220913 23:36:07.455" endtime="20220913 23:36:09.462"/>
</kw>
<kw name="Is Element Visible" library="RPA.Browser.Selenium">
<var>${Login_err}</var>
<arg>//*[contains(text(),"Sorry! you have tried to enter invalid credentials")]</arg>
<doc>Is element visible</doc>
<msg timestamp="20220913 23:36:09.652" level="INFO" html="true">Ran with keyword &lt;b&gt;Element Should Be Visible&lt;/b&gt; which returned error: &lt;i&gt;Element with locator '//*[contains(text(),"Sorry! you have tried to enter invalid credentials")]' not found.&lt;/i&gt;</msg>
<msg timestamp="20220913 23:36:09.653" level="INFO">${Login_err} = False</msg>
<status status="PASS" starttime="20220913 23:36:09.462" endtime="20220913 23:36:09.653"/>
</kw>
<if>
<branch type="IF" condition="${Login_err}">
<kw name="Return From Keyword" library="BuiltIn">
<arg>fail</arg>
<doc>Returns from the enclosing user keyword.</doc>
<status status="NOT RUN" starttime="20220913 23:36:09.653" endtime="20220913 23:36:09.653"/>
</kw>
<status status="NOT RUN" starttime="20220913 23:36:09.653" endtime="20220913 23:36:09.653"/>
</branch>
<branch type="ELSE">
<kw name="Return From Keyword" library="BuiltIn">
<arg>pass</arg>
<doc>Returns from the enclosing user keyword.</doc>
<msg timestamp="20220913 23:36:09.653" level="INFO">Returning from the enclosing user keyword.</msg>
<status status="PASS" starttime="20220913 23:36:09.653" endtime="20220913 23:36:09.653"/>
</kw>
<status status="PASS" starttime="20220913 23:36:09.653" endtime="20220913 23:36:09.653"/>
</branch>
<status status="PASS" starttime="20220913 23:36:09.653" endtime="20220913 23:36:09.653"/>
</if>
<status status="PASS" starttime="20220913 23:36:06.449" endtime="20220913 23:36:09.653"/>
</kw>
<msg timestamp="20220913 23:36:09.653" level="INFO">${status} = pass</msg>
<status status="PASS" starttime="20220913 23:36:06.448" endtime="20220913 23:36:09.653"/>
</kw>
<kw name="Notebook Print" library="RPA.core.notebook">
<arg>${TestCase_Id}</arg>
<doc>Display IPython Markdown object in the notebook</doc>
<status status="PASS" starttime="20220913 23:36:09.653" endtime="20220913 23:36:09.658"/>
</kw>
<kw name="Update Excel Value" library="MyLibrary">
<arg>${File}</arg>
<arg>TEST CASE ID</arg>
<arg>${TestCase_Id}</arg>
<arg>Status</arg>
<arg>${status}</arg>
<doc>Updates the excel file with the given values.</doc>
<status status="PASS" starttime="20220913 23:36:09.658" endtime="20220913 23:36:09.962"/>
</kw>
<status status="PASS" starttime="20220913 23:36:06.176" endtime="20220913 23:36:09.962"/>
</iter>
<iter>
<var name="${element}">{'Date': None, 'TestCase_Id': 'TC_04', 'TestName': 'Portal Login with Email Notification', 'PageLoading_Text': None, 'UserName': None, 'Password': None}</var>
<kw name="Log To Console" library="BuiltIn">
<arg>${element}[TestName]</arg>
<doc>Logs the given message to the console.</doc>
<status status="PASS" starttime="20220913 23:36:09.962" endtime="20220913 23:36:09.962"/>
</kw>
<kw name="Set Variable" library="BuiltIn">
<var>${TestCase_Id}</var>
<arg>${element}[TestCase_Id]</arg>
<doc>Returns the given values which can then be assigned to a variables.</doc>
<msg timestamp="20220913 23:36:09.962" level="INFO">${TestCase_Id} = TC_04</msg>
<status status="PASS" starttime="20220913 23:36:09.962" endtime="20220913 23:36:09.962"/>
</kw>
<kw name="Get Delay" library="Data">
<var>${Delay}</var>
<arg>${element}[TestName]</arg>
<msg timestamp="20220913 23:36:10.211" level="INFO">Portal Launching
Quick Pay in Portal
Portal Login
Portal Login with Email Notification</msg>
<msg timestamp="20220913 23:36:10.211" level="INFO">${Delay} = 2.0</msg>
<status status="PASS" starttime="20220913 23:36:09.966" endtime="20220913 23:36:10.211"/>
</kw>
<kw name="Sleep" library="BuiltIn">
<arg>${Delay}</arg>
<doc>Pauses the test executed for the given time.</doc>
<msg timestamp="20220913 23:36:12.224" level="INFO">Slept 2 seconds</msg>
<status status="PASS" starttime="20220913 23:36:10.211" endtime="20220913 23:36:12.224"/>
</kw>
<kw name="Run Keyword" library="BuiltIn">
<var>${status}</var>
<arg>${element}[TestName]</arg>
<arg>${TestCase_Id}</arg>
<doc>Executes the given keyword with the given arguments.</doc>
<kw name="Portal Login with Email Notification" library="tasks">
<arg>${TestCase_Id}</arg>
<kw name="Is Element Visible" library="RPA.Browser.Selenium">
<var>${Email_Vis}</var>
<arg>//*[@id="modal"]//*[@id="Img1"]</arg>
<doc>Is element visible</doc>
<msg timestamp="20220913 23:36:12.264" level="INFO">Element '//*[@id="modal"]//*[@id="Img1"]' is displayed.</msg>
<msg timestamp="20220913 23:36:12.265" level="INFO">${Email_Vis} = True</msg>
<status status="PASS" starttime="20220913 23:36:12.224" endtime="20220913 23:36:12.265"/>
</kw>
<if>
<branch type="IF" condition="${Email_Vis}">
<kw name="Click Element When Visible" library="RPA.Browser.Selenium">
<arg>//*[@id="modal"]//*[@id="Img1"]</arg>
<doc>Click element identified by ``locator``, once it becomes visible.</doc>
<msg timestamp="20220913 23:36:12.294" level="INFO">Clicking element '//*[@id="modal"]//*[@id="Img1"]'.</msg>
<status status="PASS" starttime="20220913 23:36:12.265" endtime="20220913 23:36:12.429"/>
</kw>
<kw name="Return From Keyword" library="BuiltIn">
<arg>pass</arg>
<doc>Returns from the enclosing user keyword.</doc>
<msg timestamp="20220913 23:36:12.429" level="INFO">Returning from the enclosing user keyword.</msg>
<status status="PASS" starttime="20220913 23:36:12.429" endtime="20220913 23:36:12.429"/>
</kw>
<status status="PASS" starttime="20220913 23:36:12.265" endtime="20220913 23:36:12.429"/>
</branch>
<status status="PASS" starttime="20220913 23:36:12.265" endtime="20220913 23:36:12.429"/>
</if>
<status status="PASS" starttime="20220913 23:36:12.224" endtime="20220913 23:36:12.429"/>
</kw>
<msg timestamp="20220913 23:36:12.429" level="INFO">${status} = pass</msg>
<status status="PASS" starttime="20220913 23:36:12.224" endtime="20220913 23:36:12.429"/>
</kw>
<kw name="Notebook Print" library="RPA.core.notebook">
<arg>${TestCase_Id}</arg>
<doc>Display IPython Markdown object in the notebook</doc>
<status status="PASS" starttime="20220913 23:36:12.429" endtime="20220913 23:36:12.429"/>
</kw>
<kw name="Update Excel Value" library="MyLibrary">
<arg>${File}</arg>
<arg>TEST CASE ID</arg>
<arg>${TestCase_Id}</arg>
<arg>Status</arg>
<arg>${status}</arg>
<doc>Updates the excel file with the given values.</doc>
<status status="PASS" starttime="20220913 23:36:12.429" endtime="20220913 23:36:12.716"/>
</kw>
<status status="PASS" starttime="20220913 23:36:09.962" endtime="20220913 23:36:12.716"/>
</iter>
<iter>
<var name="${element}">{'Date': None, 'TestCase_Id': 'TC_05', 'TestName': 'Portal login with menus validation', 'PageLoading_Text': None, 'UserName': None, 'Password': None}</var>
<kw name="Log To Console" library="BuiltIn">
<arg>${element}[TestName]</arg>
<doc>Logs the given message to the console.</doc>
<status status="PASS" starttime="20220913 23:36:12.716" endtime="20220913 23:36:12.716"/>
</kw>
<kw name="Set Variable" library="BuiltIn">
<var>${TestCase_Id}</var>
<arg>${element}[TestCase_Id]</arg>
<doc>Returns the given values which can then be assigned to a variables.</doc>
<msg timestamp="20220913 23:36:12.716" level="INFO">${TestCase_Id} = TC_05</msg>
<status status="PASS" starttime="20220913 23:36:12.716" endtime="20220913 23:36:12.716"/>
</kw>
<kw name="Get Delay" library="Data">
<var>${Delay}</var>
<arg>${element}[TestName]</arg>
<msg timestamp="20220913 23:36:13.030" level="INFO">Portal Launching
Quick Pay in Portal
Portal Login
Portal Login with Email Notification
Portal login with menus validation</msg>
<msg timestamp="20220913 23:36:13.030" level="INFO">${Delay} = 0</msg>
<status status="PASS" starttime="20220913 23:36:12.716" endtime="20220913 23:36:13.030"/>
</kw>
<kw name="Sleep" library="BuiltIn">
<arg>${Delay}</arg>
<doc>Pauses the test executed for the given time.</doc>
<msg timestamp="20220913 23:36:13.030" level="INFO">Slept 0 seconds</msg>
<status status="PASS" starttime="20220913 23:36:13.030" endtime="20220913 23:36:13.030"/>
</kw>
<kw name="Run Keyword" library="BuiltIn">
<var>${status}</var>
<arg>${element}[TestName]</arg>
<arg>${TestCase_Id}</arg>
<doc>Executes the given keyword with the given arguments.</doc>
<kw name="Portal login with menus validation" library="tasks">
<arg>${TestCase_Id}</arg>
<kw name="Create List" library="BuiltIn">
<var>@{Menu_list}</var>
<arg>Make Payment</arg>
<arg>Customer Profile</arg>
<arg>Online Gold Loan Disbursal</arg>
<arg>Support</arg>
<arg>Download Pawn Ticket</arg>
<doc>Returns a list containing given items.</doc>
<msg timestamp="20220913 23:36:13.030" level="INFO">@{Menu_list} = [ Make Payment | Customer Profile | Online Gold Loan Disbursal | Support | Download Pawn Ticket ]</msg>
<status status="PASS" starttime="20220913 23:36:13.030" endtime="20220913 23:36:13.030"/>
</kw>
<for flavor="IN">
<var>${element}</var>
<value>@{Menu_list}</value>
<iter>
<var name="${element}">Make Payment</var>
<kw name="Is Element Visible" library="RPA.Browser.Selenium">
<var>${Menu_Vis}</var>
<arg>//*[contains(text(),"${element}")]</arg>
<doc>Is element visible</doc>
<msg timestamp="20220913 23:36:13.071" level="INFO">Element '//*[contains(text(),"Make Payment")]' is displayed.</msg>
<msg timestamp="20220913 23:36:13.071" level="INFO">${Menu_Vis} = True</msg>
<status status="PASS" starttime="20220913 23:36:13.035" endtime="20220913 23:36:13.071"/>
</kw>
<if>
<branch type="IF" condition="${Menu_Vis}">
<kw name="Set Variable" library="BuiltIn">
<var>${status}</var>
<arg>pass</arg>
<doc>Returns the given values which can then be assigned to a variables.</doc>
<msg timestamp="20220913 23:36:13.071" level="INFO">${status} = pass</msg>
<status status="PASS" starttime="20220913 23:36:13.071" endtime="20220913 23:36:13.071"/>
</kw>
<status status="PASS" starttime="20220913 23:36:13.071" endtime="20220913 23:36:13.071"/>
</branch>
<branch type="ELSE">
<kw name="Return From Keyword" library="BuiltIn">
<arg>fail</arg>
<doc>Returns from the enclosing user keyword.</doc>
<status status="NOT RUN" starttime="20220913 23:36:13.071" endtime="20220913 23:36:13.075"/>
</kw>
<status status="NOT RUN" starttime="20220913 23:36:13.071" endtime="20220913 23:36:13.075"/>
</branch>
<status status="PASS" starttime="20220913 23:36:13.071" endtime="20220913 23:36:13.075"/>
</if>
<status status="PASS" starttime="20220913 23:36:13.035" endtime="20220913 23:36:13.075"/>
</iter>
<iter>
<var name="${element}">Customer Profile</var>
<kw name="Is Element Visible" library="RPA.Browser.Selenium">
<var>${Menu_Vis}</var>
<arg>//*[contains(text(),"${element}")]</arg>
<doc>Is element visible</doc>
<msg timestamp="20220913 23:36:13.116" level="INFO">Element '//*[contains(text(),"Customer Profile")]' is displayed.</msg>
<msg timestamp="20220913 23:36:13.116" level="INFO">${Menu_Vis} = True</msg>
<status status="PASS" starttime="20220913 23:36:13.075" endtime="20220913 23:36:13.116"/>
</kw>
<if>
<branch type="IF" condition="${Menu_Vis}">
<kw name="Set Variable" library="BuiltIn">
<var>${status}</var>
<arg>pass</arg>
<doc>Returns the given values which can then be assigned to a variables.</doc>
<msg timestamp="20220913 23:36:13.119" level="INFO">${status} = pass</msg>
<status status="PASS" starttime="20220913 23:36:13.119" endtime="20220913 23:36:13.119"/>
</kw>
<status status="PASS" starttime="20220913 23:36:13.116" endtime="20220913 23:36:13.119"/>
</branch>
<branch type="ELSE">
<kw name="Return From Keyword" library="BuiltIn">
<arg>fail</arg>
<doc>Returns from the enclosing user keyword.</doc>
<status status="NOT RUN" starttime="20220913 23:36:13.119" endtime="20220913 23:36:13.119"/>
</kw>
<status status="NOT RUN" starttime="20220913 23:36:13.119" endtime="20220913 23:36:13.119"/>
</branch>
<status status="PASS" starttime="20220913 23:36:13.116" endtime="20220913 23:36:13.119"/>
</if>
<status status="PASS" starttime="20220913 23:36:13.075" endtime="20220913 23:36:13.119"/>
</iter>
<iter>
<var name="${element}">Online Gold Loan Disbursal</var>
<kw name="Is Element Visible" library="RPA.Browser.Selenium">
<var>${Menu_Vis}</var>
<arg>//*[contains(text(),"${element}")]</arg>
<doc>Is element visible</doc>
<msg timestamp="20220913 23:36:13.160" level="INFO">Element '//*[contains(text(),"Online Gold Loan Disbursal")]' is displayed.</msg>
<msg timestamp="20220913 23:36:13.160" level="INFO">${Menu_Vis} = True</msg>
<status status="PASS" starttime="20220913 23:36:13.119" endtime="20220913 23:36:13.160"/>
</kw>
<if>
<branch type="IF" condition="${Menu_Vis}">
<kw name="Set Variable" library="BuiltIn">
<var>${status}</var>
<arg>pass</arg>
<doc>Returns the given values which can then be assigned to a variables.</doc>
<msg timestamp="20220913 23:36:13.160" level="INFO">${status} = pass</msg>
<status status="PASS" starttime="20220913 23:36:13.160" endtime="20220913 23:36:13.160"/>
</kw>
<status status="PASS" starttime="20220913 23:36:13.160" endtime="20220913 23:36:13.160"/>
</branch>
<branch type="ELSE">
<kw name="Return From Keyword" library="BuiltIn">
<arg>fail</arg>
<doc>Returns from the enclosing user keyword.</doc>
<status status="NOT RUN" starttime="20220913 23:36:13.160" endtime="20220913 23:36:13.160"/>
</kw>
<status status="NOT RUN" starttime="20220913 23:36:13.160" endtime="20220913 23:36:13.160"/>
</branch>
<status status="PASS" starttime="20220913 23:36:13.160" endtime="20220913 23:36:13.160"/>
</if>
<status status="PASS" starttime="20220913 23:36:13.119" endtime="20220913 23:36:13.160"/>
</iter>
<iter>
<var name="${element}">Support</var>
<kw name="Is Element Visible" library="RPA.Browser.Selenium">
<var>${Menu_Vis}</var>
<arg>//*[contains(text(),"${element}")]</arg>
<doc>Is element visible</doc>
<msg timestamp="20220913 23:36:13.209" level="INFO">Element '//*[contains(text(),"Support")]' is displayed.</msg>
<msg timestamp="20220913 23:36:13.209" level="INFO">${Menu_Vis} = True</msg>
<status status="PASS" starttime="20220913 23:36:13.160" endtime="20220913 23:36:13.209"/>
</kw>
<if>
<branch type="IF" condition="${Menu_Vis}">
<kw name="Set Variable" library="BuiltIn">
<var>${status}</var>
<arg>pass</arg>
<doc>Returns the given values which can then be assigned to a variables.</doc>
<msg timestamp="20220913 23:36:13.209" level="INFO">${status} = pass</msg>
<status status="PASS" starttime="20220913 23:36:13.209" endtime="20220913 23:36:13.209"/>
</kw>
<status status="PASS" starttime="20220913 23:36:13.209" endtime="20220913 23:36:13.209"/>
</branch>
<branch type="ELSE">
<kw name="Return From Keyword" library="BuiltIn">
<arg>fail</arg>
<doc>Returns from the enclosing user keyword.</doc>
<status status="NOT RUN" starttime="20220913 23:36:13.209" endtime="20220913 23:36:13.209"/>
</kw>
<status status="NOT RUN" starttime="20220913 23:36:13.209" endtime="20220913 23:36:13.209"/>
</branch>
<status status="PASS" starttime="20220913 23:36:13.209" endtime="20220913 23:36:13.209"/>
</if>
<status status="PASS" starttime="20220913 23:36:13.160" endtime="20220913 23:36:13.209"/>
</iter>
<iter>
<var name="${element}">Download Pawn Ticket</var>
<kw name="Is Element Visible" library="RPA.Browser.Selenium">
<var>${Menu_Vis}</var>
<arg>//*[contains(text(),"${element}")]</arg>
<doc>Is element visible</doc>
<msg timestamp="20220913 23:36:13.252" level="INFO">Element '//*[contains(text(),"Download Pawn Ticket")]' is displayed.</msg>
<msg timestamp="20220913 23:36:13.256" level="INFO">${Menu_Vis} = True</msg>
<status status="PASS" starttime="20220913 23:36:13.209" endtime="20220913 23:36:13.256"/>
</kw>
<if>
<branch type="IF" condition="${Menu_Vis}">
<kw name="Set Variable" library="BuiltIn">
<var>${status}</var>
<arg>pass</arg>
<doc>Returns the given values which can then be assigned to a variables.</doc>
<msg timestamp="20220913 23:36:13.256" level="INFO">${status} = pass</msg>
<status status="PASS" starttime="20220913 23:36:13.256" endtime="20220913 23:36:13.256"/>
</kw>
<status status="PASS" starttime="20220913 23:36:13.256" endtime="20220913 23:36:13.256"/>
</branch>
<branch type="ELSE">
<kw name="Return From Keyword" library="BuiltIn">
<arg>fail</arg>
<doc>Returns from the enclosing user keyword.</doc>
<status status="NOT RUN" starttime="20220913 23:36:13.256" endtime="20220913 23:36:13.256"/>
</kw>
<status status="NOT RUN" starttime="20220913 23:36:13.256" endtime="20220913 23:36:13.256"/>
</branch>
<status status="PASS" starttime="20220913 23:36:13.256" endtime="20220913 23:36:13.256"/>
</if>
<status status="PASS" starttime="20220913 23:36:13.209" endtime="20220913 23:36:13.256"/>
</iter>
<status status="PASS" starttime="20220913 23:36:13.030" endtime="20220913 23:36:13.256"/>
</for>
<kw name="Return From Keyword" library="BuiltIn">
<arg>${status}</arg>
<doc>Returns from the enclosing user keyword.</doc>
<msg timestamp="20220913 23:36:13.256" level="INFO">Returning from the enclosing user keyword.</msg>
<status status="PASS" starttime="20220913 23:36:13.256" endtime="20220913 23:36:13.256"/>
</kw>
<status status="PASS" starttime="20220913 23:36:13.030" endtime="20220913 23:36:13.256"/>
</kw>
<msg timestamp="20220913 23:36:13.256" level="INFO">${status} = pass</msg>
<status status="PASS" starttime="20220913 23:36:13.030" endtime="20220913 23:36:13.256"/>
</kw>
<kw name="Notebook Print" library="RPA.core.notebook">
<arg>${TestCase_Id}</arg>
<doc>Display IPython Markdown object in the notebook</doc>
<status status="PASS" starttime="20220913 23:36:13.260" endtime="20220913 23:36:13.261"/>
</kw>
<kw name="Update Excel Value" library="MyLibrary">
<arg>${File}</arg>
<arg>TEST CASE ID</arg>
<arg>${TestCase_Id}</arg>
<arg>Status</arg>
<arg>${status}</arg>
<doc>Updates the excel file with the given values.</doc>
<status status="PASS" starttime="20220913 23:36:13.261" endtime="20220913 23:36:13.518"/>
</kw>
<status status="PASS" starttime="20220913 23:36:12.716" endtime="20220913 23:36:13.518"/>
</iter>
<iter>
<var name="${element}">{'Date': None, 'TestCase_Id': 'TC_06', 'TestName': 'Portal Login with the user verification', 'PageLoading_Text': None, 'UserName': 'JAYANTHI C V', 'Password': None}</var>
<kw name="Log To Console" library="BuiltIn">
<arg>${element}[TestName]</arg>
<doc>Logs the given message to the console.</doc>
<status status="PASS" starttime="20220913 23:36:13.518" endtime="20220913 23:36:13.518"/>
</kw>
<kw name="Set Variable" library="BuiltIn">
<var>${TestCase_Id}</var>
<arg>${element}[TestCase_Id]</arg>
<doc>Returns the given values which can then be assigned to a variables.</doc>
<msg timestamp="20220913 23:36:13.518" level="INFO">${TestCase_Id} = TC_06</msg>
<status status="PASS" starttime="20220913 23:36:13.518" endtime="20220913 23:36:13.518"/>
</kw>
<kw name="Get Delay" library="Data">
<var>${Delay}</var>
<arg>${element}[TestName]</arg>
<msg timestamp="20220913 23:36:13.636" level="INFO">Portal Launching
Quick Pay in Portal
Portal Login
Portal Login with Email Notification
Portal login with menus validation
Portal Login with the user verification</msg>
<msg timestamp="20220913 23:36:13.636" level="INFO">${Delay} = 2.0</msg>
<status status="PASS" starttime="20220913 23:36:13.518" endtime="20220913 23:36:13.636"/>
</kw>
<kw name="Sleep" library="BuiltIn">
<arg>${Delay}</arg>
<doc>Pauses the test executed for the given time.</doc>
<msg timestamp="20220913 23:36:15.645" level="INFO">Slept 2 seconds</msg>
<status status="PASS" starttime="20220913 23:36:13.636" endtime="20220913 23:36:15.645"/>
</kw>
<kw name="Run Keyword" library="BuiltIn">
<var>${status}</var>
<arg>${element}[TestName]</arg>
<arg>${TestCase_Id}</arg>
<doc>Executes the given keyword with the given arguments.</doc>
<kw name="Portal Login with the user verification" library="tasks">
<arg>${TestCase_Id}</arg>
<kw name="Set Variable" library="BuiltIn">
<var>${User}</var>
<arg>${details}[${TestCase_Id}][username]</arg>
<doc>Returns the given values which can then be assigned to a variables.</doc>
<msg timestamp="20220913 23:36:15.647" level="INFO">${User} = JAYANTHI C V</msg>
<status status="PASS" starttime="20220913 23:36:15.647" endtime="20220913 23:36:15.647"/>
</kw>
<kw name="Wait Until Element Is Visible" library="RPA.Browser.Selenium">
<arg>//*[@id="lbl_user_id"]</arg>
<doc>Waits until the element ``locator`` is visible.</doc>
<status status="PASS" starttime="20220913 23:36:15.647" endtime="20220913 23:36:15.694"/>
</kw>
<kw name="Get Text" library="RPA.Browser.Selenium">
<var>${User_name}</var>
<arg>//*[@id="lbl_user_id"]</arg>
<doc>Returns the text value of the element identified by ``locator``.</doc>
<msg timestamp="20220913 23:36:15.739" level="INFO">${User_name} = JAYANTHI C V</msg>
<status status="PASS" starttime="20220913 23:36:15.694" endtime="20220913 23:36:15.743"/>
</kw>
<if>
<branch type="IF" condition="'${User_name}' == '${User}'">
<kw name="Return From Keyword" library="BuiltIn">
<arg>pass</arg>
<doc>Returns from the enclosing user keyword.</doc>
<msg timestamp="20220913 23:36:15.743" level="INFO">Returning from the enclosing user keyword.</msg>
<status status="PASS" starttime="20220913 23:36:15.743" endtime="20220913 23:36:15.743"/>
</kw>
<status status="PASS" starttime="20220913 23:36:15.743" endtime="20220913 23:36:15.743"/>
</branch>
<branch type="ELSE">
<kw name="Return From Keyword" library="BuiltIn">
<arg>fail</arg>
<doc>Returns from the enclosing user keyword.</doc>
<status status="NOT RUN" starttime="20220913 23:36:15.743" endtime="20220913 23:36:15.743"/>
</kw>
<status status="NOT RUN" starttime="20220913 23:36:15.743" endtime="20220913 23:36:15.743"/>
</branch>
<status status="PASS" starttime="20220913 23:36:15.743" endtime="20220913 23:36:15.743"/>
</if>
<status status="PASS" starttime="20220913 23:36:15.647" endtime="20220913 23:36:15.743"/>
</kw>
<msg timestamp="20220913 23:36:15.743" level="INFO">${status} = pass</msg>
<status status="PASS" starttime="20220913 23:36:15.645" endtime="20220913 23:36:15.743"/>
</kw>
<kw name="Notebook Print" library="RPA.core.notebook">
<arg>${TestCase_Id}</arg>
<doc>Display IPython Markdown object in the notebook</doc>
<status status="PASS" starttime="20220913 23:36:15.743" endtime="20220913 23:36:15.743"/>
</kw>
<kw name="Update Excel Value" library="MyLibrary">
<arg>${File}</arg>
<arg>TEST CASE ID</arg>
<arg>${TestCase_Id}</arg>
<arg>Status</arg>
<arg>${status}</arg>
<doc>Updates the excel file with the given values.</doc>
<status status="PASS" starttime="20220913 23:36:15.743" endtime="20220913 23:36:16.010"/>
</kw>
<status status="PASS" starttime="20220913 23:36:13.518" endtime="20220913 23:36:16.011"/>
</iter>
<iter>
<var name="${element}">{'Date': None, 'TestCase_Id': 'TC_07', 'TestName': 'Portal sign out', 'PageLoading_Text': None, 'UserName': None, 'Password': None}</var>
<kw name="Log To Console" library="BuiltIn">
<arg>${element}[TestName]</arg>
<doc>Logs the given message to the console.</doc>
<status status="PASS" starttime="20220913 23:36:16.011" endtime="20220913 23:36:16.011"/>
</kw>
<kw name="Set Variable" library="BuiltIn">
<var>${TestCase_Id}</var>
<arg>${element}[TestCase_Id]</arg>
<doc>Returns the given values which can then be assigned to a variables.</doc>
<msg timestamp="20220913 23:36:16.011" level="INFO">${TestCase_Id} = TC_07</msg>
<status status="PASS" starttime="20220913 23:36:16.011" endtime="20220913 23:36:16.011"/>
</kw>
<kw name="Get Delay" library="Data">
<var>${Delay}</var>
<arg>${element}[TestName]</arg>
<msg timestamp="20220913 23:36:16.232" level="INFO">Portal Launching
Quick Pay in Portal
Portal Login
Portal Login with Email Notification
Portal login with menus validation
Portal Login with the user verification
Portal sign out</msg>
<msg timestamp="20220913 23:36:16.232" level="INFO">${Delay} = 2.0</msg>
<status status="PASS" starttime="20220913 23:36:16.011" endtime="20220913 23:36:16.232"/>
</kw>
<kw name="Sleep" library="BuiltIn">
<arg>${Delay}</arg>
<doc>Pauses the test executed for the given time.</doc>
<msg timestamp="20220913 23:36:18.247" level="INFO">Slept 2 seconds</msg>
<status status="PASS" starttime="20220913 23:36:16.232" endtime="20220913 23:36:18.247"/>
</kw>
<kw name="Run Keyword" library="BuiltIn">
<var>${status}</var>
<arg>${element}[TestName]</arg>
<arg>${TestCase_Id}</arg>
<doc>Executes the given keyword with the given arguments.</doc>
<kw name="Portal sign out" library="tasks">
<arg>${TestCase_Id}</arg>
<kw name="Wait Until Page Contains Element" library="RPA.Browser.Selenium">
<arg>//*[@class="top-links"]//*[contains(text(),"Sign Out")]</arg>
<doc>Waits until the element ``locator`` appears on the current page.</doc>
<status status="PASS" starttime="20220913 23:36:18.247" endtime="20220913 23:36:18.267"/>
</kw>
<kw name="Click Element" library="RPA.Browser.Selenium">
<arg>//*[@class="top-links"]//*[contains(text(),"Sign Out")]</arg>
<doc>Click the element identified by ``locator``.</doc>
<msg timestamp="20220913 23:36:18.267" level="INFO">Clicking element '//*[@class="top-links"]//*[contains(text(),"Sign Out")]'.</msg>
<status status="PASS" starttime="20220913 23:36:18.267" endtime="20220913 23:36:19.077"/>
</kw>
<kw name="Return From Keyword" library="BuiltIn">
<arg>pass</arg>
<doc>Returns from the enclosing user keyword.</doc>
<msg timestamp="20220913 23:36:19.078" level="INFO">Returning from the enclosing user keyword.</msg>
<status status="PASS" starttime="20220913 23:36:19.077" endtime="20220913 23:36:19.079"/>
</kw>
<status status="PASS" starttime="20220913 23:36:18.247" endtime="20220913 23:36:19.080"/>
</kw>
<msg timestamp="20220913 23:36:19.080" level="INFO">${status} = pass</msg>
<status status="PASS" starttime="20220913 23:36:18.247" endtime="20220913 23:36:19.080"/>
</kw>
<kw name="Notebook Print" library="RPA.core.notebook">
<arg>${TestCase_Id}</arg>
<doc>Display IPython Markdown object in the notebook</doc>
<status status="PASS" starttime="20220913 23:36:19.082" endtime="20220913 23:36:19.082"/>
</kw>
<kw name="Update Excel Value" library="MyLibrary">
<arg>${File}</arg>
<arg>TEST CASE ID</arg>
<arg>${TestCase_Id}</arg>
<arg>Status</arg>
<arg>${status}</arg>
<doc>Updates the excel file with the given values.</doc>
<status status="PASS" starttime="20220913 23:36:19.082" endtime="20220913 23:36:19.445"/>
</kw>
<status status="PASS" starttime="20220913 23:36:16.011" endtime="20220913 23:36:19.445"/>
</iter>
<iter>
<var name="${element}">{'Date': None, 'TestCase_Id': 'TC_08', 'TestName': 'PayTM Login', 'PageLoading_Text': None, 'UserName': None, 'Password': None}</var>
<kw name="Log To Console" library="BuiltIn">
<arg>${element}[TestName]</arg>
<doc>Logs the given message to the console.</doc>
<status status="PASS" starttime="20220913 23:36:19.445" endtime="20220913 23:36:19.445"/>
</kw>
<kw name="Set Variable" library="BuiltIn">
<var>${TestCase_Id}</var>
<arg>${element}[TestCase_Id]</arg>
<doc>Returns the given values which can then be assigned to a variables.</doc>
<msg timestamp="20220913 23:36:19.445" level="INFO">${TestCase_Id} = TC_08</msg>
<status status="PASS" starttime="20220913 23:36:19.445" endtime="20220913 23:36:19.445"/>
</kw>
<kw name="Get Delay" library="Data">
<var>${Delay}</var>
<arg>${element}[TestName]</arg>
<msg timestamp="20220913 23:36:19.815" level="INFO">Portal Launching
Quick Pay in Portal
Portal Login
Portal Login with Email Notification
Portal login with menus validation
Portal Login with the user verification
Portal sign out
PayTM Login</msg>
<msg timestamp="20220913 23:36:19.815" level="INFO">${Delay} = 2.0</msg>
<status status="PASS" starttime="20220913 23:36:19.445" endtime="20220913 23:36:19.815"/>
</kw>
<kw name="Sleep" library="BuiltIn">
<arg>${Delay}</arg>
<doc>Pauses the test executed for the given time.</doc>
<msg timestamp="20220913 23:36:21.823" level="INFO">Slept 2 seconds</msg>
<status status="PASS" starttime="20220913 23:36:19.815" endtime="20220913 23:36:21.823"/>
</kw>
<kw name="Run Keyword" library="BuiltIn">
<var>${status}</var>
<arg>${element}[TestName]</arg>
<arg>${TestCase_Id}</arg>
<doc>Executes the given keyword with the given arguments.</doc>
<kw name="PayTM Login" library="tasks">
<arg>${TestCase_Id}</arg>
<kw name="Wait Until Keyword Succeeds" library="BuiltIn">
<arg>3x</arg>
<arg>5</arg>
<arg>Wait Until Page contains Element</arg>
<arg>//*[@class="form-block-3 w-clearfix w-form"]//*[@class="image-2 paytmbtn "]</arg>
<doc>Runs the specified keyword and retries if it fails.</doc>
<kw name="Wait Until Page Contains Element" library="RPA.Browser.Selenium">
<arg>//*[@class="form-block-3 w-clearfix w-form"]//*[@class="image-2 paytmbtn "]</arg>
<doc>Waits until the element ``locator`` appears on the current page.</doc>
<status status="PASS" starttime="20220913 23:36:21.823" endtime="20220913 23:36:22.944"/>
</kw>
<status status="PASS" starttime="20220913 23:36:21.823" endtime="20220913 23:36:22.944"/>
</kw>
<kw name="Click Element" library="RPA.Browser.Selenium">
<arg>//*[@class="form-block-3 w-clearfix w-form"]//*[@class="image-2 paytmbtn "]</arg>
<doc>Click the element identified by ``locator``.</doc>
<msg timestamp="20220913 23:36:22.949" level="INFO">Clicking element '//*[@class="form-block-3 w-clearfix w-form"]//*[@class="image-2 paytmbtn "]'.</msg>
<status status="PASS" starttime="20220913 23:36:22.944" endtime="20220913 23:36:23.114"/>
</kw>
<kw name="Return From Keyword" library="BuiltIn">
<arg>pass</arg>
<doc>Returns from the enclosing user keyword.</doc>
<msg timestamp="20220913 23:36:23.114" level="INFO">Returning from the enclosing user keyword.</msg>
<status status="PASS" starttime="20220913 23:36:23.114" endtime="20220913 23:36:23.114"/>
</kw>
<status status="PASS" starttime="20220913 23:36:21.823" endtime="20220913 23:36:23.114"/>
</kw>
<msg timestamp="20220913 23:36:23.114" level="INFO">${status} = pass</msg>
<status status="PASS" starttime="20220913 23:36:21.823" endtime="20220913 23:36:23.114"/>
</kw>
<kw name="Notebook Print" library="RPA.core.notebook">
<arg>${TestCase_Id}</arg>
<doc>Display IPython Markdown object in the notebook</doc>
<status status="PASS" starttime="20220913 23:36:23.114" endtime="20220913 23:36:23.114"/>
</kw>
<kw name="Update Excel Value" library="MyLibrary">
<arg>${File}</arg>
<arg>TEST CASE ID</arg>
<arg>${TestCase_Id}</arg>
<arg>Status</arg>
<arg>${status}</arg>
<doc>Updates the excel file with the given values.</doc>
<status status="PASS" starttime="20220913 23:36:23.119" endtime="20220913 23:36:23.383"/>
</kw>
<status status="PASS" starttime="20220913 23:36:19.445" endtime="20220913 23:36:23.384"/>
</iter>
<status status="PASS" starttime="20220913 23:35:55.382" endtime="20220913 23:36:23.384"/>
</for>
<kw name="Sleep" library="BuiltIn">
<arg>2s</arg>
<doc>Pauses the test executed for the given time.</doc>
<msg timestamp="20220913 23:36:25.397" level="INFO">Slept 2 seconds</msg>
<status status="PASS" starttime="20220913 23:36:23.384" endtime="20220913 23:36:25.397"/>
</kw>
<kw name="Close All Browsers" library="RPA.Browser.Selenium">
<doc>Closes all open browsers and resets the browser cache.</doc>
<status status="PASS" starttime="20220913 23:36:25.397" endtime="20220913 23:36:27.652"/>
</kw>
<status status="PASS" starttime="20220913 23:35:52.670" endtime="20220913 23:36:27.652"/>
</kw>
<status status="PASS" starttime="20220913 23:35:52.667" endtime="20220913 23:36:27.652"/>
</test>
<status status="PASS" starttime="20220913 23:35:45.702" endtime="20220913 23:36:27.652"/>
</suite>
<statistics>
<total>
<stat pass="1" fail="0" skip="0">All Tasks</stat>
</total>
<tag>
</tag>
<suite>
<stat pass="1" fail="0" skip="0" id="s1" name="Task1">Task1</stat>
</suite>
</statistics>
<errors>
</errors>
</robot>
