<?xml version="1.0" encoding="UTF-8"?>
<robot generator="Robot 5.0.1 (Python 3.9.13 on win32)" generated="20220913 21:39:19.449" rpa="true" schemaversion="3">
<suite id="s1" name="Tasks" source="c:\Users\Q0041\Documents\Robots\Manapuram\tasks.robot">
<test id="s1-t1" name="MAIN" line="128">
<kw name="Data Collection">
<kw name="Create Dict" library="Filtering">
<var>${data}</var>
<kw name="Open Workbook" library="RPA.Excel.Files">
<arg>${File}</arg>
<doc>Open an existing Excel workbook.</doc>
<msg timestamp="20220913 21:39:24.576" level="INFO">Opened workbook: &lt;RPA.Excel.Files.XlsxWorkbook object at 0x0000020F99D8F5B0&gt;</msg>
<status status="PASS" starttime="20220913 21:39:24.296" endtime="20220913 21:39:24.576"/>
</kw>
<kw name="Read Worksheet As Table" library="RPA.Excel.Files">
<var>${data}</var>
<arg>Sheet2</arg>
<arg>header=${True}</arg>
<doc>Read the contents of a worksheet into a Table container. Allows
sorting/filtering/manipulating using the ``RPA.Tables`` library.</doc>
<msg timestamp="20220913 21:39:24.576" level="INFO">Created table: Table(columns=['Date', 'TEST CASE ID', 'TEST CASE NAME', 'Execute_Flag', 'Status', 'Scheduler'], rows=8)</msg>
<msg timestamp="20220913 21:39:24.584" level="INFO">${data} = Table(columns=['Date', 'TEST CASE ID', 'TEST CASE NAME', 'Execute_Flag', 'Status', 'Scheduler'], rows=8)</msg>
<status status="PASS" starttime="20220913 21:39:24.576" endtime="20220913 21:39:24.584"/>
</kw>
<kw name="Close Workbook" library="RPA.Excel.Files">
<doc>Close the active workbook.</doc>
<msg timestamp="20220913 21:39:24.584" level="INFO">Closing workbook: &lt;RPA.Excel.Files.XlsxWorkbook object at 0x0000020F99D8F5B0&gt;</msg>
<status status="PASS" starttime="20220913 21:39:24.584" endtime="20220913 21:39:24.584"/>
</kw>
<kw name="Filter Table By Column" library="RPA.Tables">
<arg>${data}</arg>
<arg>Execute_Flag</arg>
<arg>==</arg>
<arg>YES</arg>
<doc>Remove all rows where column values don't match the
given condition.</doc>
<msg timestamp="20220913 21:39:24.584" level="INFO">Filtered 0 rows</msg>
<status status="PASS" starttime="20220913 21:39:24.584" endtime="20220913 21:39:24.584"/>
</kw>
<kw name="Create Dictionary" library="BuiltIn">
<var>&amp;{alldata}</var>
<doc>Creates and returns a dictionary based on the given ``items``.</doc>
<msg timestamp="20220913 21:39:24.584" level="INFO">&amp;{alldata} = { }</msg>
<status status="PASS" starttime="20220913 21:39:24.584" endtime="20220913 21:39:24.584"/>
</kw>
<for flavor="IN">
<var>${row}</var>
<value>@{data}</value>
<iter>
<var name="${row}">{'Date': datetime.datetime(2022, 9, 6, 0, 0), 'TEST CASE ID': 'TC_01', 'TEST CASE NAME': 'Portal Launching', 'Execute_Flag': 'YES', 'Status': 'pass', 'Scheduler': 2}</var>
<kw name="Create Dictionary" library="BuiltIn">
<var>&amp;{valuedata}</var>
<arg>TEST CASE NAME</arg>
<arg>${row}[TEST CASE NAME]</arg>
<arg>Execute_Flag</arg>
<arg>${row}[Execute_Flag]</arg>
<arg>Scheduler</arg>
<arg>${row}[Scheduler]</arg>
<doc>Creates and returns a dictionary based on the given ``items``.</doc>
<msg timestamp="20220913 21:39:24.584" level="INFO">&amp;{valuedata} = { TEST CASE NAME=Portal Launching | Execute_Flag=YES | Scheduler=2 }</msg>
<status status="PASS" starttime="20220913 21:39:24.584" endtime="20220913 21:39:24.584"/>
</kw>
<kw name="Set To Dictionary" library="Collections">
<arg>${alldata}</arg>
<arg>${row['TEST CASE ID']}</arg>
<arg>${valuedata}</arg>
<doc>Adds the given ``key_value_pairs`` and ``items`` to the ``dictionary``.</doc>
<status status="PASS" starttime="20220913 21:39:24.584" endtime="20220913 21:39:24.584"/>
</kw>
<status status="PASS" starttime="20220913 21:39:24.584" endtime="20220913 21:39:24.584"/>
</iter>
<iter>
<var name="${row}">{'Date': None, 'TEST CASE ID': 'TC_02', 'TEST CASE NAME': 'Quick Pay in Portal', 'Execute_Flag': 'YES', 'Status': 'pass', 'Scheduler': 2}</var>
<kw name="Create Dictionary" library="BuiltIn">
<var>&amp;{valuedata}</var>
<arg>TEST CASE NAME</arg>
<arg>${row}[TEST CASE NAME]</arg>
<arg>Execute_Flag</arg>
<arg>${row}[Execute_Flag]</arg>
<arg>Scheduler</arg>
<arg>${row}[Scheduler]</arg>
<doc>Creates and returns a dictionary based on the given ``items``.</doc>
<msg timestamp="20220913 21:39:24.584" level="INFO">&amp;{valuedata} = { TEST CASE NAME=Quick Pay in Portal | Execute_Flag=YES | Scheduler=2 }</msg>
<status status="PASS" starttime="20220913 21:39:24.584" endtime="20220913 21:39:24.584"/>
</kw>
<kw name="Set To Dictionary" library="Collections">
<arg>${alldata}</arg>
<arg>${row['TEST CASE ID']}</arg>
<arg>${valuedata}</arg>
<doc>Adds the given ``key_value_pairs`` and ``items`` to the ``dictionary``.</doc>
<status status="PASS" starttime="20220913 21:39:24.584" endtime="20220913 21:39:24.584"/>
</kw>
<status status="PASS" starttime="20220913 21:39:24.584" endtime="20220913 21:39:24.584"/>
</iter>
<iter>
<var name="${row}">{'Date': None, 'TEST CASE ID': 'TC_03', 'TEST CASE NAME': 'Portal Login', 'Execute_Flag': 'YES', 'Status': 'pass', 'Scheduler': None}</var>
<kw name="Create Dictionary" library="BuiltIn">
<var>&amp;{valuedata}</var>
<arg>TEST CASE NAME</arg>
<arg>${row}[TEST CASE NAME]</arg>
<arg>Execute_Flag</arg>
<arg>${row}[Execute_Flag]</arg>
<arg>Scheduler</arg>
<arg>${row}[Scheduler]</arg>
<doc>Creates and returns a dictionary based on the given ``items``.</doc>
<msg timestamp="20220913 21:39:24.584" level="INFO">&amp;{valuedata} = { TEST CASE NAME=Portal Login | Execute_Flag=YES | Scheduler=None }</msg>
<status status="PASS" starttime="20220913 21:39:24.584" endtime="20220913 21:39:24.584"/>
</kw>
<kw name="Set To Dictionary" library="Collections">
<arg>${alldata}</arg>
<arg>${row['TEST CASE ID']}</arg>
<arg>${valuedata}</arg>
<doc>Adds the given ``key_value_pairs`` and ``items`` to the ``dictionary``.</doc>
<status status="PASS" starttime="20220913 21:39:24.584" endtime="20220913 21:39:24.584"/>
</kw>
<status status="PASS" starttime="20220913 21:39:24.584" endtime="20220913 21:39:24.584"/>
</iter>
<iter>
<var name="${row}">{'Date': None, 'TEST CASE ID': 'TC_04', 'TEST CASE NAME': 'Portal Login with Email Notification', 'Execute_Flag': 'YES', 'Status': 'pass', 'Scheduler': 2}</var>
<kw name="Create Dictionary" library="BuiltIn">
<var>&amp;{valuedata}</var>
<arg>TEST CASE NAME</arg>
<arg>${row}[TEST CASE NAME]</arg>
<arg>Execute_Flag</arg>
<arg>${row}[Execute_Flag]</arg>
<arg>Scheduler</arg>
<arg>${row}[Scheduler]</arg>
<doc>Creates and returns a dictionary based on the given ``items``.</doc>
<msg timestamp="20220913 21:39:24.584" level="INFO">&amp;{valuedata} = { TEST CASE NAME=Portal Login with Email Notification | Execute_Flag=YES | Scheduler=2 }</msg>
<status status="PASS" starttime="20220913 21:39:24.584" endtime="20220913 21:39:24.584"/>
</kw>
<kw name="Set To Dictionary" library="Collections">
<arg>${alldata}</arg>
<arg>${row['TEST CASE ID']}</arg>
<arg>${valuedata}</arg>
<doc>Adds the given ``key_value_pairs`` and ``items`` to the ``dictionary``.</doc>
<status status="PASS" starttime="20220913 21:39:24.584" endtime="20220913 21:39:24.584"/>
</kw>
<status status="PASS" starttime="20220913 21:39:24.584" endtime="20220913 21:39:24.584"/>
</iter>
<iter>
<var name="${row}">{'Date': None, 'TEST CASE ID': 'TC_05', 'TEST CASE NAME': 'Portal login with menus validation', 'Execute_Flag': 'YES', 'Status': None, 'Scheduler': None}</var>
<kw name="Create Dictionary" library="BuiltIn">
<var>&amp;{valuedata}</var>
<arg>TEST CASE NAME</arg>
<arg>${row}[TEST CASE NAME]</arg>
<arg>Execute_Flag</arg>
<arg>${row}[Execute_Flag]</arg>
<arg>Scheduler</arg>
<arg>${row}[Scheduler]</arg>
<doc>Creates and returns a dictionary based on the given ``items``.</doc>
<msg timestamp="20220913 21:39:24.584" level="INFO">&amp;{valuedata} = { TEST CASE NAME=Portal login with menus validation | Execute_Flag=YES | Scheduler=None }</msg>
<status status="PASS" starttime="20220913 21:39:24.584" endtime="20220913 21:39:24.584"/>
</kw>
<kw name="Set To Dictionary" library="Collections">
<arg>${alldata}</arg>
<arg>${row['TEST CASE ID']}</arg>
<arg>${valuedata}</arg>
<doc>Adds the given ``key_value_pairs`` and ``items`` to the ``dictionary``.</doc>
<status status="PASS" starttime="20220913 21:39:24.584" endtime="20220913 21:39:24.584"/>
</kw>
<status status="PASS" starttime="20220913 21:39:24.584" endtime="20220913 21:39:24.584"/>
</iter>
<iter>
<var name="${row}">{'Date': None, 'TEST CASE ID': 'TC_06', 'TEST CASE NAME': 'Portal Login with the user verification', 'Execute_Flag': 'YES', 'Status': None, 'Scheduler': 2}</var>
<kw name="Create Dictionary" library="BuiltIn">
<var>&amp;{valuedata}</var>
<arg>TEST CASE NAME</arg>
<arg>${row}[TEST CASE NAME]</arg>
<arg>Execute_Flag</arg>
<arg>${row}[Execute_Flag]</arg>
<arg>Scheduler</arg>
<arg>${row}[Scheduler]</arg>
<doc>Creates and returns a dictionary based on the given ``items``.</doc>
<msg timestamp="20220913 21:39:24.584" level="INFO">&amp;{valuedata} = { TEST CASE NAME=Portal Login with the user verification | Execute_Flag=YES | Scheduler=2 }</msg>
<status status="PASS" starttime="20220913 21:39:24.584" endtime="20220913 21:39:24.584"/>
</kw>
<kw name="Set To Dictionary" library="Collections">
<arg>${alldata}</arg>
<arg>${row['TEST CASE ID']}</arg>
<arg>${valuedata}</arg>
<doc>Adds the given ``key_value_pairs`` and ``items`` to the ``dictionary``.</doc>
<status status="PASS" starttime="20220913 21:39:24.584" endtime="20220913 21:39:24.584"/>
</kw>
<status status="PASS" starttime="20220913 21:39:24.584" endtime="20220913 21:39:24.584"/>
</iter>
<iter>
<var name="${row}">{'Date': None, 'TEST CASE ID': 'TC_07', 'TEST CASE NAME': 'Portal sign out', 'Execute_Flag': 'YES', 'Status': None, 'Scheduler': 2}</var>
<kw name="Create Dictionary" library="BuiltIn">
<var>&amp;{valuedata}</var>
<arg>TEST CASE NAME</arg>
<arg>${row}[TEST CASE NAME]</arg>
<arg>Execute_Flag</arg>
<arg>${row}[Execute_Flag]</arg>
<arg>Scheduler</arg>
<arg>${row}[Scheduler]</arg>
<doc>Creates and returns a dictionary based on the given ``items``.</doc>
<msg timestamp="20220913 21:39:24.584" level="INFO">&amp;{valuedata} = { TEST CASE NAME=Portal sign out | Execute_Flag=YES | Scheduler=2 }</msg>
<status status="PASS" starttime="20220913 21:39:24.584" endtime="20220913 21:39:24.584"/>
</kw>
<kw name="Set To Dictionary" library="Collections">
<arg>${alldata}</arg>
<arg>${row['TEST CASE ID']}</arg>
<arg>${valuedata}</arg>
<doc>Adds the given ``key_value_pairs`` and ``items`` to the ``dictionary``.</doc>
<status status="PASS" starttime="20220913 21:39:24.584" endtime="20220913 21:39:24.584"/>
</kw>
<status status="PASS" starttime="20220913 21:39:24.584" endtime="20220913 21:39:24.584"/>
</iter>
<iter>
<var name="${row}">{'Date': None, 'TEST CASE ID': 'TC_08', 'TEST CASE NAME': 'PayTM Login', 'Execute_Flag': 'YES', 'Status': None, 'Scheduler': 2}</var>
<kw name="Create Dictionary" library="BuiltIn">
<var>&amp;{valuedata}</var>
<arg>TEST CASE NAME</arg>
<arg>${row}[TEST CASE NAME]</arg>
<arg>Execute_Flag</arg>
<arg>${row}[Execute_Flag]</arg>
<arg>Scheduler</arg>
<arg>${row}[Scheduler]</arg>
<doc>Creates and returns a dictionary based on the given ``items``.</doc>
<msg timestamp="20220913 21:39:24.584" level="INFO">&amp;{valuedata} = { TEST CASE NAME=PayTM Login | Execute_Flag=YES | Scheduler=2 }</msg>
<status status="PASS" starttime="20220913 21:39:24.584" endtime="20220913 21:39:24.584"/>
</kw>
<kw name="Set To Dictionary" library="Collections">
<arg>${alldata}</arg>
<arg>${row['TEST CASE ID']}</arg>
<arg>${valuedata}</arg>
<doc>Adds the given ``key_value_pairs`` and ``items`` to the ``dictionary``.</doc>
<status status="PASS" starttime="20220913 21:39:24.584" endtime="20220913 21:39:24.584"/>
</kw>
<status status="PASS" starttime="20220913 21:39:24.584" endtime="20220913 21:39:24.584"/>
</iter>
<status status="PASS" starttime="20220913 21:39:24.584" endtime="20220913 21:39:24.584"/>
</for>
<kw name="Open Workbook" library="RPA.Excel.Files">
<arg>${File}</arg>
<doc>Open an existing Excel workbook.</doc>
<msg timestamp="20220913 21:39:24.632" level="INFO">Opened workbook: &lt;RPA.Excel.Files.XlsxWorkbook object at 0x0000020F99CABAC0&gt;</msg>
<status status="PASS" starttime="20220913 21:39:24.584" endtime="20220913 21:39:24.632"/>
</kw>
<kw name="Read Worksheet As Table" library="RPA.Excel.Files">
<var>${data2}</var>
<arg>Sheet3</arg>
<arg>header=${True}</arg>
<doc>Read the contents of a worksheet into a Table container. Allows
sorting/filtering/manipulating using the ``RPA.Tables`` library.</doc>
<msg timestamp="20220913 21:39:24.632" level="INFO">Created table: Table(columns=['Date', 'TestCase_Id', 'TestName', 'PageLoading_Text', 'UserName', 'Password'], rows=8)</msg>
<msg timestamp="20220913 21:39:24.632" level="INFO">${data2} = Table(columns=['Date', 'TestCase_Id', 'TestName', 'PageLoading_Text', 'UserName', 'Password'], rows=8)</msg>
<status status="PASS" starttime="20220913 21:39:24.632" endtime="20220913 21:39:24.632"/>
</kw>
<kw name="Close Workbook" library="RPA.Excel.Files">
<doc>Close the active workbook.</doc>
<msg timestamp="20220913 21:39:24.647" level="INFO">Closing workbook: &lt;RPA.Excel.Files.XlsxWorkbook object at 0x0000020F99CABAC0&gt;</msg>
<status status="PASS" starttime="20220913 21:39:24.632" endtime="20220913 21:39:24.647"/>
</kw>
<kw name="Filter Table By Column" library="RPA.Tables">
<arg>${data2}</arg>
<arg>TestCase_Id</arg>
<arg>in</arg>
<arg>${alldata.keys()}</arg>
<doc>Remove all rows where column values don't match the
given condition.</doc>
<msg timestamp="20220913 21:39:24.647" level="INFO">Filtered 0 rows</msg>
<status status="PASS" starttime="20220913 21:39:24.647" endtime="20220913 21:39:24.647"/>
</kw>
<for flavor="IN">
<var>${row}</var>
<value>@{data2}</value>
<iter>
<var name="${row}">{'Date': datetime.datetime(2022, 9, 6, 0, 0), 'TestCase_Id': 'TC_01', 'TestName': 'Portal Launching', 'PageLoading_Text': 'Welcome To Manappuram Finance Limited Customer eService Portal\n', 'UserName'...</var>
<kw name="Set To Dictionary" library="Collections">
<arg>${alldata}[${row['TestCase_Id']}]</arg>
<arg>username</arg>
<arg>${row}[UserName]</arg>
<arg>password</arg>
<arg>${row}[Password]</arg>
<doc>Adds the given ``key_value_pairs`` and ``items`` to the ``dictionary``.</doc>
<status status="PASS" starttime="20220913 21:39:24.647" endtime="20220913 21:39:24.647"/>
</kw>
<status status="PASS" starttime="20220913 21:39:24.647" endtime="20220913 21:39:24.647"/>
</iter>
<iter>
<var name="${row}">{'Date': None, 'TestCase_Id': 'TC_02', 'TestName': 'Quick Pay in Portal', 'PageLoading_Text': None, 'UserName': None, 'Password': None}</var>
<kw name="Set To Dictionary" library="Collections">
<arg>${alldata}[${row['TestCase_Id']}]</arg>
<arg>username</arg>
<arg>${row}[UserName]</arg>
<arg>password</arg>
<arg>${row}[Password]</arg>
<doc>Adds the given ``key_value_pairs`` and ``items`` to the ``dictionary``.</doc>
<status status="PASS" starttime="20220913 21:39:24.647" endtime="20220913 21:39:24.647"/>
</kw>
<status status="PASS" starttime="20220913 21:39:24.647" endtime="20220913 21:39:24.647"/>
</iter>
<iter>
<var name="${row}">{'Date': None, 'TestCase_Id': 'TC_03', 'TestName': 'Portal Login', 'PageLoading_Text': None, 'UserName': 9496292627, 'Password': 'j9496292627'}</var>
<kw name="Set To Dictionary" library="Collections">
<arg>${alldata}[${row['TestCase_Id']}]</arg>
<arg>username</arg>
<arg>${row}[UserName]</arg>
<arg>password</arg>
<arg>${row}[Password]</arg>
<doc>Adds the given ``key_value_pairs`` and ``items`` to the ``dictionary``.</doc>
<status status="PASS" starttime="20220913 21:39:24.647" endtime="20220913 21:39:24.647"/>
</kw>
<status status="PASS" starttime="20220913 21:39:24.647" endtime="20220913 21:39:24.647"/>
</iter>
<iter>
<var name="${row}">{'Date': None, 'TestCase_Id': 'TC_04', 'TestName': 'Portal Login with Email Notification', 'PageLoading_Text': None, 'UserName': None, 'Password': None}</var>
<kw name="Set To Dictionary" library="Collections">
<arg>${alldata}[${row['TestCase_Id']}]</arg>
<arg>username</arg>
<arg>${row}[UserName]</arg>
<arg>password</arg>
<arg>${row}[Password]</arg>
<doc>Adds the given ``key_value_pairs`` and ``items`` to the ``dictionary``.</doc>
<status status="PASS" starttime="20220913 21:39:24.647" endtime="20220913 21:39:24.647"/>
</kw>
<status status="PASS" starttime="20220913 21:39:24.647" endtime="20220913 21:39:24.647"/>
</iter>
<iter>
<var name="${row}">{'Date': None, 'TestCase_Id': 'TC_05', 'TestName': 'Portal login with menus validation', 'PageLoading_Text': None, 'UserName': None, 'Password': None}</var>
<kw name="Set To Dictionary" library="Collections">
<arg>${alldata}[${row['TestCase_Id']}]</arg>
<arg>username</arg>
<arg>${row}[UserName]</arg>
<arg>password</arg>
<arg>${row}[Password]</arg>
<doc>Adds the given ``key_value_pairs`` and ``items`` to the ``dictionary``.</doc>
<status status="PASS" starttime="20220913 21:39:24.647" endtime="20220913 21:39:24.647"/>
</kw>
<status status="PASS" starttime="20220913 21:39:24.647" endtime="20220913 21:39:24.647"/>
</iter>
<iter>
<var name="${row}">{'Date': None, 'TestCase_Id': 'TC_06', 'TestName': 'Portal Login with the user verification', 'PageLoading_Text': None, 'UserName': 'JAYANTHI C V', 'Password': None}</var>
<kw name="Set To Dictionary" library="Collections">
<arg>${alldata}[${row['TestCase_Id']}]</arg>
<arg>username</arg>
<arg>${row}[UserName]</arg>
<arg>password</arg>
<arg>${row}[Password]</arg>
<doc>Adds the given ``key_value_pairs`` and ``items`` to the ``dictionary``.</doc>
<status status="PASS" starttime="20220913 21:39:24.647" endtime="20220913 21:39:24.647"/>
</kw>
<status status="PASS" starttime="20220913 21:39:24.647" endtime="20220913 21:39:24.647"/>
</iter>
<iter>
<var name="${row}">{'Date': None, 'TestCase_Id': 'TC_07', 'TestName': 'Portal sign out', 'PageLoading_Text': None, 'UserName': None, 'Password': None}</var>
<kw name="Set To Dictionary" library="Collections">
<arg>${alldata}[${row['TestCase_Id']}]</arg>
<arg>username</arg>
<arg>${row}[UserName]</arg>
<arg>password</arg>
<arg>${row}[Password]</arg>
<doc>Adds the given ``key_value_pairs`` and ``items`` to the ``dictionary``.</doc>
<status status="PASS" starttime="20220913 21:39:24.647" endtime="20220913 21:39:24.647"/>
</kw>
<status status="PASS" starttime="20220913 21:39:24.647" endtime="20220913 21:39:24.647"/>
</iter>
<iter>
<var name="${row}">{'Date': None, 'TestCase_Id': 'TC_08', 'TestName': 'PayTM Login', 'PageLoading_Text': None, 'UserName': None, 'Password': None}</var>
<kw name="Set To Dictionary" library="Collections">
<arg>${alldata}[${row['TestCase_Id']}]</arg>
<arg>username</arg>
<arg>${row}[UserName]</arg>
<arg>password</arg>
<arg>${row}[Password]</arg>
<doc>Adds the given ``key_value_pairs`` and ``items`` to the ``dictionary``.</doc>
<status status="PASS" starttime="20220913 21:39:24.647" endtime="20220913 21:39:24.647"/>
</kw>
<status status="PASS" starttime="20220913 21:39:24.647" endtime="20220913 21:39:24.647"/>
</iter>
<status status="PASS" starttime="20220913 21:39:24.647" endtime="20220913 21:39:24.647"/>
</for>
<kw name="Log To Console" library="BuiltIn">
<arg>${alldata}[TC_02][username]</arg>
<doc>Logs the given message to the console.</doc>
<status status="PASS" starttime="20220913 21:39:24.647" endtime="20220913 21:39:24.647"/>
</kw>
<kw name="Return From Keyword" library="BuiltIn">
<arg>${alldata}</arg>
<doc>Returns from the enclosing user keyword.</doc>
<msg timestamp="20220913 21:39:24.647" level="INFO">Returning from the enclosing user keyword.</msg>
<status status="PASS" starttime="20220913 21:39:24.647" endtime="20220913 21:39:24.647"/>
</kw>
<msg timestamp="20220913 21:39:24.656" level="INFO">${data} = {'TC_01': {'TEST CASE NAME': 'Portal Launching', 'Execute_Flag': 'YES', 'Scheduler': 2, 'username': None, 'password': None}, 'TC_02': {'TEST CASE NAME': 'Quick Pay in Portal', 'Execute_Flag': 'YES', '...</msg>
<status status="PASS" starttime="20220913 21:39:24.296" endtime="20220913 21:39:24.656"/>
</kw>
<kw name="Set Global Variable" library="BuiltIn">
<arg>${details}</arg>
<arg>${data}</arg>
<doc>Makes a variable available globally in all tests and suites.</doc>
<msg timestamp="20220913 21:39:24.656" level="INFO">${details} = {'TC_01': {'TEST CASE NAME': 'Portal Launching', 'Execute_Flag': 'YES', 'Scheduler': 2, 'username': None, 'password': None}, 'TC_02': {'TEST CASE NAME': 'Quick Pay in Portal', 'Execute_Flag': 'YES', '...</msg>
<status status="PASS" starttime="20220913 21:39:24.656" endtime="20220913 21:39:24.656"/>
</kw>
<status status="PASS" starttime="20220913 21:39:24.296" endtime="20220913 21:39:24.657"/>
</kw>
<kw name="Filtering Data" library="Filtering">
<var>${data}</var>
<kw name="Open Workbook" library="RPA.Excel.Files">
<arg>${File}</arg>
<doc>Open an existing Excel workbook.</doc>
<msg timestamp="20220913 21:39:24.736" level="INFO">Opened workbook: &lt;RPA.Excel.Files.XlsxWorkbook object at 0x0000020F99F71B20&gt;</msg>
<status status="PASS" starttime="20220913 21:39:24.658" endtime="20220913 21:39:24.736"/>
</kw>
<kw name="Read Worksheet As Table" library="RPA.Excel.Files">
<var>${data}</var>
<arg>Sheet2</arg>
<arg>header=${True}</arg>
<doc>Read the contents of a worksheet into a Table container. Allows
sorting/filtering/manipulating using the ``RPA.Tables`` library.</doc>
<msg timestamp="20220913 21:39:24.736" level="INFO">Created table: Table(columns=['Date', 'TEST CASE ID', 'TEST CASE NAME', 'Execute_Flag', 'Status', 'Scheduler'], rows=8)</msg>
<msg timestamp="20220913 21:39:24.736" level="INFO">${data} = Table(columns=['Date', 'TEST CASE ID', 'TEST CASE NAME', 'Execute_Flag', 'Status', 'Scheduler'], rows=8)</msg>
<status status="PASS" starttime="20220913 21:39:24.736" endtime="20220913 21:39:24.736"/>
</kw>
<kw name="Close Workbook" library="RPA.Excel.Files">
<doc>Close the active workbook.</doc>
<msg timestamp="20220913 21:39:24.736" level="INFO">Closing workbook: &lt;RPA.Excel.Files.XlsxWorkbook object at 0x0000020F99F71B20&gt;</msg>
<status status="PASS" starttime="20220913 21:39:24.736" endtime="20220913 21:39:24.736"/>
</kw>
<kw name="Filter Table By Column" library="RPA.Tables">
<arg>${data}</arg>
<arg>Execute_Flag</arg>
<arg>==</arg>
<arg>YES</arg>
<doc>Remove all rows where column values don't match the
given condition.</doc>
<msg timestamp="20220913 21:39:24.736" level="INFO">Filtered 0 rows</msg>
<status status="PASS" starttime="20220913 21:39:24.736" endtime="20220913 21:39:24.736"/>
</kw>
<kw name="Create List" library="BuiltIn">
<var>@{Menu_list}</var>
<doc>Returns a list containing given items.</doc>
<msg timestamp="20220913 21:39:24.736" level="INFO">@{Menu_list} = [ ]</msg>
<status status="PASS" starttime="20220913 21:39:24.736" endtime="20220913 21:39:24.736"/>
</kw>
<for flavor="IN">
<var>${element}</var>
<value>@{data}</value>
<iter>
<var name="${element}">{'Date': datetime.datetime(2022, 9, 6, 0, 0), 'TEST CASE ID': 'TC_01', 'TEST CASE NAME': 'Portal Launching', 'Execute_Flag': 'YES', 'Status': 'pass', 'Scheduler': 2}</var>
<kw name="Notebook Print" library="RPA.core.notebook">
<arg>${element}</arg>
<doc>Display IPython Markdown object in the notebook</doc>
<status status="PASS" starttime="20220913 21:39:24.736" endtime="20220913 21:39:24.736"/>
</kw>
<kw name="Append To List" library="Collections">
<arg>${Menu_list}</arg>
<arg>${element}[TEST CASE ID]</arg>
<doc>Adds ``values`` to the end of ``list``.</doc>
<status status="PASS" starttime="20220913 21:39:24.736" endtime="20220913 21:39:24.736"/>
</kw>
<status status="PASS" starttime="20220913 21:39:24.736" endtime="20220913 21:39:24.736"/>
</iter>
<iter>
<var name="${element}">{'Date': None, 'TEST CASE ID': 'TC_02', 'TEST CASE NAME': 'Quick Pay in Portal', 'Execute_Flag': 'YES', 'Status': 'pass', 'Scheduler': 2}</var>
<kw name="Notebook Print" library="RPA.core.notebook">
<arg>${element}</arg>
<doc>Display IPython Markdown object in the notebook</doc>
<status status="PASS" starttime="20220913 21:39:24.736" endtime="20220913 21:39:24.736"/>
</kw>
<kw name="Append To List" library="Collections">
<arg>${Menu_list}</arg>
<arg>${element}[TEST CASE ID]</arg>
<doc>Adds ``values`` to the end of ``list``.</doc>
<status status="PASS" starttime="20220913 21:39:24.736" endtime="20220913 21:39:24.736"/>
</kw>
<status status="PASS" starttime="20220913 21:39:24.736" endtime="20220913 21:39:24.736"/>
</iter>
<iter>
<var name="${element}">{'Date': None, 'TEST CASE ID': 'TC_03', 'TEST CASE NAME': 'Portal Login', 'Execute_Flag': 'YES', 'Status': 'pass', 'Scheduler': None}</var>
<kw name="Notebook Print" library="RPA.core.notebook">
<arg>${element}</arg>
<doc>Display IPython Markdown object in the notebook</doc>
<status status="PASS" starttime="20220913 21:39:24.736" endtime="20220913 21:39:24.736"/>
</kw>
<kw name="Append To List" library="Collections">
<arg>${Menu_list}</arg>
<arg>${element}[TEST CASE ID]</arg>
<doc>Adds ``values`` to the end of ``list``.</doc>
<status status="PASS" starttime="20220913 21:39:24.736" endtime="20220913 21:39:24.736"/>
</kw>
<status status="PASS" starttime="20220913 21:39:24.736" endtime="20220913 21:39:24.736"/>
</iter>
<iter>
<var name="${element}">{'Date': None, 'TEST CASE ID': 'TC_04', 'TEST CASE NAME': 'Portal Login with Email Notification', 'Execute_Flag': 'YES', 'Status': 'pass', 'Scheduler': 2}</var>
<kw name="Notebook Print" library="RPA.core.notebook">
<arg>${element}</arg>
<doc>Display IPython Markdown object in the notebook</doc>
<status status="PASS" starttime="20220913 21:39:24.736" endtime="20220913 21:39:24.736"/>
</kw>
<kw name="Append To List" library="Collections">
<arg>${Menu_list}</arg>
<arg>${element}[TEST CASE ID]</arg>
<doc>Adds ``values`` to the end of ``list``.</doc>
<status status="PASS" starttime="20220913 21:39:24.736" endtime="20220913 21:39:24.736"/>
</kw>
<status status="PASS" starttime="20220913 21:39:24.736" endtime="20220913 21:39:24.736"/>
</iter>
<iter>
<var name="${element}">{'Date': None, 'TEST CASE ID': 'TC_05', 'TEST CASE NAME': 'Portal login with menus validation', 'Execute_Flag': 'YES', 'Status': None, 'Scheduler': None}</var>
<kw name="Notebook Print" library="RPA.core.notebook">
<arg>${element}</arg>
<doc>Display IPython Markdown object in the notebook</doc>
<status status="PASS" starttime="20220913 21:39:24.736" endtime="20220913 21:39:24.736"/>
</kw>
<kw name="Append To List" library="Collections">
<arg>${Menu_list}</arg>
<arg>${element}[TEST CASE ID]</arg>
<doc>Adds ``values`` to the end of ``list``.</doc>
<status status="PASS" starttime="20220913 21:39:24.736" endtime="20220913 21:39:24.736"/>
</kw>
<status status="PASS" starttime="20220913 21:39:24.736" endtime="20220913 21:39:24.736"/>
</iter>
<iter>
<var name="${element}">{'Date': None, 'TEST CASE ID': 'TC_06', 'TEST CASE NAME': 'Portal Login with the user verification', 'Execute_Flag': 'YES', 'Status': None, 'Scheduler': 2}</var>
<kw name="Notebook Print" library="RPA.core.notebook">
<arg>${element}</arg>
<doc>Display IPython Markdown object in the notebook</doc>
<status status="PASS" starttime="20220913 21:39:24.736" endtime="20220913 21:39:24.736"/>
</kw>
<kw name="Append To List" library="Collections">
<arg>${Menu_list}</arg>
<arg>${element}[TEST CASE ID]</arg>
<doc>Adds ``values`` to the end of ``list``.</doc>
<status status="PASS" starttime="20220913 21:39:24.736" endtime="20220913 21:39:24.736"/>
</kw>
<status status="PASS" starttime="20220913 21:39:24.736" endtime="20220913 21:39:24.736"/>
</iter>
<iter>
<var name="${element}">{'Date': None, 'TEST CASE ID': 'TC_07', 'TEST CASE NAME': 'Portal sign out', 'Execute_Flag': 'YES', 'Status': None, 'Scheduler': 2}</var>
<kw name="Notebook Print" library="RPA.core.notebook">
<arg>${element}</arg>
<doc>Display IPython Markdown object in the notebook</doc>
<status status="PASS" starttime="20220913 21:39:24.736" endtime="20220913 21:39:24.736"/>
</kw>
<kw name="Append To List" library="Collections">
<arg>${Menu_list}</arg>
<arg>${element}[TEST CASE ID]</arg>
<doc>Adds ``values`` to the end of ``list``.</doc>
<status status="PASS" starttime="20220913 21:39:24.736" endtime="20220913 21:39:24.736"/>
</kw>
<status status="PASS" starttime="20220913 21:39:24.736" endtime="20220913 21:39:24.736"/>
</iter>
<iter>
<var name="${element}">{'Date': None, 'TEST CASE ID': 'TC_08', 'TEST CASE NAME': 'PayTM Login', 'Execute_Flag': 'YES', 'Status': None, 'Scheduler': 2}</var>
<kw name="Notebook Print" library="RPA.core.notebook">
<arg>${element}</arg>
<doc>Display IPython Markdown object in the notebook</doc>
<status status="PASS" starttime="20220913 21:39:24.736" endtime="20220913 21:39:24.736"/>
</kw>
<kw name="Append To List" library="Collections">
<arg>${Menu_list}</arg>
<arg>${element}[TEST CASE ID]</arg>
<doc>Adds ``values`` to the end of ``list``.</doc>
<status status="PASS" starttime="20220913 21:39:24.736" endtime="20220913 21:39:24.736"/>
</kw>
<status status="PASS" starttime="20220913 21:39:24.736" endtime="20220913 21:39:24.736"/>
</iter>
<status status="PASS" starttime="20220913 21:39:24.736" endtime="20220913 21:39:24.736"/>
</for>
<kw name="Notebook Print" library="RPA.core.notebook">
<arg>${Menu_list}</arg>
<doc>Display IPython Markdown object in the notebook</doc>
<status status="PASS" starttime="20220913 21:39:24.736" endtime="20220913 21:39:24.736"/>
</kw>
<kw name="Open Workbook" library="RPA.Excel.Files">
<arg>${File}</arg>
<doc>Open an existing Excel workbook.</doc>
<msg timestamp="20220913 21:39:24.800" level="INFO">Opened workbook: &lt;RPA.Excel.Files.XlsxWorkbook object at 0x0000020F99F64940&gt;</msg>
<status status="PASS" starttime="20220913 21:39:24.736" endtime="20220913 21:39:24.800"/>
</kw>
<kw name="Read Worksheet As Table" library="RPA.Excel.Files">
<var>${data2}</var>
<arg>Sheet3</arg>
<arg>header=${True}</arg>
<doc>Read the contents of a worksheet into a Table container. Allows
sorting/filtering/manipulating using the ``RPA.Tables`` library.</doc>
<msg timestamp="20220913 21:39:24.800" level="INFO">Created table: Table(columns=['Date', 'TestCase_Id', 'TestName', 'PageLoading_Text', 'UserName', 'Password'], rows=8)</msg>
<msg timestamp="20220913 21:39:24.800" level="INFO">${data2} = Table(columns=['Date', 'TestCase_Id', 'TestName', 'PageLoading_Text', 'UserName', 'Password'], rows=8)</msg>
<status status="PASS" starttime="20220913 21:39:24.800" endtime="20220913 21:39:24.800"/>
</kw>
<kw name="Close Workbook" library="RPA.Excel.Files">
<doc>Close the active workbook.</doc>
<msg timestamp="20220913 21:39:24.800" level="INFO">Closing workbook: &lt;RPA.Excel.Files.XlsxWorkbook object at 0x0000020F99F64940&gt;</msg>
<status status="PASS" starttime="20220913 21:39:24.800" endtime="20220913 21:39:24.800"/>
</kw>
<kw name="Filter Table By Column" library="RPA.Tables">
<arg>${data2}</arg>
<arg>TestCase_Id</arg>
<arg>in</arg>
<arg>${Menu_list}</arg>
<doc>Remove all rows where column values don't match the
given condition.</doc>
<msg timestamp="20220913 21:39:24.800" level="INFO">Filtered 0 rows</msg>
<status status="PASS" starttime="20220913 21:39:24.800" endtime="20220913 21:39:24.800"/>
</kw>
<kw name="Log To Console" library="BuiltIn">
<arg>${data2}</arg>
<doc>Logs the given message to the console.</doc>
<status status="PASS" starttime="20220913 21:39:24.800" endtime="20220913 21:39:24.800"/>
</kw>
<kw name="Return From Keyword" library="BuiltIn">
<arg>${data2}</arg>
<doc>Returns from the enclosing user keyword.</doc>
<msg timestamp="20220913 21:39:24.800" level="INFO">Returning from the enclosing user keyword.</msg>
<status status="PASS" starttime="20220913 21:39:24.800" endtime="20220913 21:39:24.800"/>
</kw>
<msg timestamp="20220913 21:39:24.800" level="INFO">${data} = Table(columns=['Date', 'TestCase_Id', 'TestName', 'PageLoading_Text', 'UserName', 'Password'], rows=8)</msg>
<status status="PASS" starttime="20220913 21:39:24.658" endtime="20220913 21:39:24.800"/>
</kw>
<for flavor="IN">
<var>${element}</var>
<value>@{data}</value>
<iter>
<var name="${element}">{'Date': datetime.datetime(2022, 9, 6, 0, 0), 'TestCase_Id': 'TC_01', 'TestName': 'Portal Launching', 'PageLoading_Text': 'Welcome To Manappuram Finance Limited Customer eService Portal\n', 'UserName'...</var>
<kw name="Log To Console" library="BuiltIn">
<arg>${element}[TestName]</arg>
<doc>Logs the given message to the console.</doc>
<status status="PASS" starttime="20220913 21:39:24.804" endtime="20220913 21:39:24.805"/>
</kw>
<kw name="Set Variable" library="BuiltIn">
<var>${TestCase_Id}</var>
<arg>${element}[TestCase_Id]</arg>
<doc>Returns the given values which can then be assigned to a variables.</doc>
<msg timestamp="20220913 21:39:24.806" level="INFO">${TestCase_Id} = TC_01</msg>
<status status="PASS" starttime="20220913 21:39:24.805" endtime="20220913 21:39:24.806"/>
</kw>
<kw name="Get Delay" library="Data">
<var>${Delay}</var>
<arg>${element}[TestName]</arg>
<msg timestamp="20220913 21:39:24.857" level="INFO">Portal Launching</msg>
<msg timestamp="20220913 21:39:24.857" level="INFO">${Delay} = 2.0</msg>
<status status="PASS" starttime="20220913 21:39:24.806" endtime="20220913 21:39:24.857"/>
</kw>
<kw name="Sleep" library="BuiltIn">
<arg>${Delay}</arg>
<doc>Pauses the test executed for the given time.</doc>
<msg timestamp="20220913 21:39:26.867" level="INFO">Slept 2 seconds</msg>
<status status="PASS" starttime="20220913 21:39:24.857" endtime="20220913 21:39:26.867"/>
</kw>
<kw name="Run Keyword" library="BuiltIn">
<var>${status}</var>
<arg>${element}[TestName]</arg>
<arg>${TestCase_Id}</arg>
<doc>Executes the given keyword with the given arguments.</doc>
<kw name="Portal Launching">
<arg>${TestCase_Id}</arg>
<kw name="Open Browser" library="RPA.Browser.Selenium">
<arg>${URL}</arg>
<arg>browser=Edge</arg>
<arg>executable_path=C:\\Users\\Q0041\\Documents\\Robots\\Manapuram\\msedgedriver.exe</arg>
<doc>Opens a new browser instance to the optional ``url``.</doc>
<msg timestamp="20220913 21:39:26.867" level="INFO">Opening browser 'Edge' to base url 'https://online.manappuram.com/'.</msg>
<status status="PASS" starttime="20220913 21:39:26.867" endtime="20220913 21:39:31.981"/>
</kw>
<kw name="Maximize Browser Window" library="RPA.Browser.Selenium">
<doc>Maximizes current browser window.</doc>
<status status="PASS" starttime="20220913 21:39:31.982" endtime="20220913 21:39:32.114"/>
</kw>
<kw name="Sleep" library="BuiltIn">
<arg>2s</arg>
<doc>Pauses the test executed for the given time.</doc>
<msg timestamp="20220913 21:39:34.115" level="INFO">Slept 2 seconds</msg>
<status status="PASS" starttime="20220913 21:39:32.114" endtime="20220913 21:39:34.115"/>
</kw>
<kw name="Is Element Visible" library="RPA.Browser.Selenium">
<var>${Text_Vis}</var>
<arg>//div[contains(text(),"Welcome To Manappuram Finance Limited Customer eService Portal")]</arg>
<doc>Is element visible</doc>
<msg timestamp="20220913 21:39:34.136" level="INFO">Element '//div[contains(text(),"Welcome To Manappuram Finance Limited Customer eService Portal")]' is displayed.</msg>
<msg timestamp="20220913 21:39:34.136" level="INFO">${Text_Vis} = True</msg>
<status status="PASS" starttime="20220913 21:39:34.115" endtime="20220913 21:39:34.136"/>
</kw>
<if>
<branch type="IF" condition="${Text_Vis}">
<kw name="Return From Keyword" library="BuiltIn">
<arg>pass</arg>
<doc>Returns from the enclosing user keyword.</doc>
<msg timestamp="20220913 21:39:34.136" level="INFO">Returning from the enclosing user keyword.</msg>
<status status="PASS" starttime="20220913 21:39:34.136" endtime="20220913 21:39:34.139"/>
</kw>
<status status="PASS" starttime="20220913 21:39:34.136" endtime="20220913 21:39:34.139"/>
</branch>
<branch type="ELSE">
<kw name="Return From Keyword" library="BuiltIn">
<arg>fail</arg>
<doc>Returns from the enclosing user keyword.</doc>
<status status="NOT RUN" starttime="20220913 21:39:34.139" endtime="20220913 21:39:34.139"/>
</kw>
<status status="NOT RUN" starttime="20220913 21:39:34.139" endtime="20220913 21:39:34.139"/>
</branch>
<status status="PASS" starttime="20220913 21:39:34.136" endtime="20220913 21:39:34.139"/>
</if>
<status status="PASS" starttime="20220913 21:39:26.867" endtime="20220913 21:39:34.139"/>
</kw>
<msg timestamp="20220913 21:39:34.139" level="INFO">${status} = pass</msg>
<status status="PASS" starttime="20220913 21:39:26.867" endtime="20220913 21:39:34.139"/>
</kw>
<kw name="Notebook Print" library="RPA.core.notebook">
<arg>${TestCase_Id}</arg>
<doc>Display IPython Markdown object in the notebook</doc>
<status status="PASS" starttime="20220913 21:39:34.139" endtime="20220913 21:39:34.139"/>
</kw>
<kw name="Update Excel Value" library="MyLibrary">
<arg>${File}</arg>
<arg>TEST CASE ID</arg>
<arg>${TestCase_Id}</arg>
<arg>Status</arg>
<arg>${status}</arg>
<doc>Updates the excel file with the given values.</doc>
<status status="PASS" starttime="20220913 21:39:34.139" endtime="20220913 21:39:34.227"/>
</kw>
<status status="PASS" starttime="20220913 21:39:24.804" endtime="20220913 21:39:34.227"/>
</iter>
<iter>
<var name="${element}">{'Date': None, 'TestCase_Id': 'TC_02', 'TestName': 'Quick Pay in Portal', 'PageLoading_Text': None, 'UserName': None, 'Password': None}</var>
<kw name="Log To Console" library="BuiltIn">
<arg>${element}[TestName]</arg>
<doc>Logs the given message to the console.</doc>
<status status="PASS" starttime="20220913 21:39:34.227" endtime="20220913 21:39:34.227"/>
</kw>
<kw name="Set Variable" library="BuiltIn">
<var>${TestCase_Id}</var>
<arg>${element}[TestCase_Id]</arg>
<doc>Returns the given values which can then be assigned to a variables.</doc>
<msg timestamp="20220913 21:39:34.227" level="INFO">${TestCase_Id} = TC_02</msg>
<status status="PASS" starttime="20220913 21:39:34.227" endtime="20220913 21:39:34.227"/>
</kw>
<kw name="Get Delay" library="Data">
<var>${Delay}</var>
<arg>${element}[TestName]</arg>
<msg timestamp="20220913 21:39:34.367" level="INFO">Portal Launching
Quick Pay in Portal</msg>
<msg timestamp="20220913 21:39:34.367" level="INFO">${Delay} = 2.0</msg>
<status status="PASS" starttime="20220913 21:39:34.227" endtime="20220913 21:39:34.367"/>
</kw>
<kw name="Sleep" library="BuiltIn">
<arg>${Delay}</arg>
<doc>Pauses the test executed for the given time.</doc>
<msg timestamp="20220913 21:39:36.381" level="INFO">Slept 2 seconds</msg>
<status status="PASS" starttime="20220913 21:39:34.367" endtime="20220913 21:39:36.381"/>
</kw>
<kw name="Run Keyword" library="BuiltIn">
<var>${status}</var>
<arg>${element}[TestName]</arg>
<arg>${TestCase_Id}</arg>
<doc>Executes the given keyword with the given arguments.</doc>
<kw name="Quick Pay in Portal">
<arg>${TestCase_Id}</arg>
<kw name="Is Element Visible" library="RPA.Browser.Selenium">
<var>${Bttn_Vis}</var>
<arg>//*[@id="expresspay"]</arg>
<doc>Is element visible</doc>
<msg timestamp="20220913 21:39:36.412" level="INFO">Element '//*[@id="expresspay"]' is displayed.</msg>
<msg timestamp="20220913 21:39:36.412" level="INFO">${Bttn_Vis} = True</msg>
<status status="PASS" starttime="20220913 21:39:36.381" endtime="20220913 21:39:36.412"/>
</kw>
<if>
<branch type="IF" condition="${Bttn_Vis}">
<kw name="Return From Keyword" library="BuiltIn">
<arg>pass</arg>
<doc>Returns from the enclosing user keyword.</doc>
<msg timestamp="20220913 21:39:36.412" level="INFO">Returning from the enclosing user keyword.</msg>
<status status="PASS" starttime="20220913 21:39:36.412" endtime="20220913 21:39:36.412"/>
</kw>
<status status="PASS" starttime="20220913 21:39:36.412" endtime="20220913 21:39:36.412"/>
</branch>
<status status="PASS" starttime="20220913 21:39:36.412" endtime="20220913 21:39:36.412"/>
</if>
<status status="PASS" starttime="20220913 21:39:36.381" endtime="20220913 21:39:36.412"/>
</kw>
<msg timestamp="20220913 21:39:36.412" level="INFO">${status} = pass</msg>
<status status="PASS" starttime="20220913 21:39:36.381" endtime="20220913 21:39:36.412"/>
</kw>
<kw name="Notebook Print" library="RPA.core.notebook">
<arg>${TestCase_Id}</arg>
<doc>Display IPython Markdown object in the notebook</doc>
<status status="PASS" starttime="20220913 21:39:36.412" endtime="20220913 21:39:36.412"/>
</kw>
<kw name="Update Excel Value" library="MyLibrary">
<arg>${File}</arg>
<arg>TEST CASE ID</arg>
<arg>${TestCase_Id}</arg>
<arg>Status</arg>
<arg>${status}</arg>
<doc>Updates the excel file with the given values.</doc>
<status status="PASS" starttime="20220913 21:39:36.412" endtime="20220913 21:39:36.523"/>
</kw>
<status status="PASS" starttime="20220913 21:39:34.227" endtime="20220913 21:39:36.523"/>
</iter>
<iter>
<var name="${element}">{'Date': None, 'TestCase_Id': 'TC_03', 'TestName': 'Portal Login', 'PageLoading_Text': None, 'UserName': 9496292627, 'Password': 'j9496292627'}</var>
<kw name="Log To Console" library="BuiltIn">
<arg>${element}[TestName]</arg>
<doc>Logs the given message to the console.</doc>
<status status="PASS" starttime="20220913 21:39:36.523" endtime="20220913 21:39:36.523"/>
</kw>
<kw name="Set Variable" library="BuiltIn">
<var>${TestCase_Id}</var>
<arg>${element}[TestCase_Id]</arg>
<doc>Returns the given values which can then be assigned to a variables.</doc>
<msg timestamp="20220913 21:39:36.523" level="INFO">${TestCase_Id} = TC_03</msg>
<status status="PASS" starttime="20220913 21:39:36.523" endtime="20220913 21:39:36.523"/>
</kw>
<kw name="Get Delay" library="Data">
<var>${Delay}</var>
<arg>${element}[TestName]</arg>
<msg timestamp="20220913 21:39:36.724" level="INFO">Portal Launching
Quick Pay in Portal
Portal Login</msg>
<msg timestamp="20220913 21:39:36.724" level="INFO">${Delay} = 0</msg>
<status status="PASS" starttime="20220913 21:39:36.539" endtime="20220913 21:39:36.724"/>
</kw>
<kw name="Sleep" library="BuiltIn">
<arg>${Delay}</arg>
<doc>Pauses the test executed for the given time.</doc>
<msg timestamp="20220913 21:39:36.724" level="INFO">Slept 0 seconds</msg>
<status status="PASS" starttime="20220913 21:39:36.724" endtime="20220913 21:39:36.724"/>
</kw>
<kw name="Run Keyword" library="BuiltIn">
<var>${status}</var>
<arg>${element}[TestName]</arg>
<arg>${TestCase_Id}</arg>
<doc>Executes the given keyword with the given arguments.</doc>
<kw name="Portal Login">
<arg>${TestCase_Id}</arg>
<kw name="Set Variable" library="BuiltIn">
<var>${UserName}</var>
<arg>${details}[${TestCase_Id}][username]</arg>
<doc>Returns the given values which can then be assigned to a variables.</doc>
<msg timestamp="20220913 21:39:36.724" level="INFO">${UserName} = 9496292627</msg>
<status status="PASS" starttime="20220913 21:39:36.724" endtime="20220913 21:39:36.724"/>
</kw>
<kw name="Set Variable" library="BuiltIn">
<var>${Password}</var>
<arg>${details}[${TestCase_Id}][password]</arg>
<doc>Returns the given values which can then be assigned to a variables.</doc>
<msg timestamp="20220913 21:39:36.724" level="INFO">${Password} = j9496292627</msg>
<status status="PASS" starttime="20220913 21:39:36.724" endtime="20220913 21:39:36.724"/>
</kw>
<kw name="Wait Until Keyword Succeeds" library="BuiltIn">
<arg>3x</arg>
<arg>5</arg>
<arg>Wait Until Element Is Visible</arg>
<arg>//*[@id="username"]</arg>
<doc>Runs the specified keyword and retries if it fails.</doc>
<kw name="Wait Until Element Is Visible" library="RPA.Browser.Selenium">
<arg>//*[@id="username"]</arg>
<doc>Waits until the element ``locator`` is visible.</doc>
<status status="PASS" starttime="20220913 21:39:36.724" endtime="20220913 21:39:36.740"/>
</kw>
<status status="PASS" starttime="20220913 21:39:36.724" endtime="20220913 21:39:36.740"/>
</kw>
<kw name="Input Text" library="RPA.Browser.Selenium">
<arg>//*[@id="username"]</arg>
<arg>${UserName}</arg>
<doc>Types the given ``text`` into the text field identified by ``locator``.</doc>
<msg timestamp="20220913 21:39:36.740" level="INFO">Typing text '9496292627' into text field '//*[@id="username"]'.</msg>
<status status="PASS" starttime="20220913 21:39:36.740" endtime="20220913 21:39:36.846"/>
</kw>
<kw name="Wait Until Keyword Succeeds" library="BuiltIn">
<arg>3x</arg>
<arg>5</arg>
<arg>Wait Until Element Is Visible</arg>
<arg>//*[@id="password"]</arg>
<doc>Runs the specified keyword and retries if it fails.</doc>
<kw name="Wait Until Element Is Visible" library="RPA.Browser.Selenium">
<arg>//*[@id="password"]</arg>
<doc>Waits until the element ``locator`` is visible.</doc>
<status status="PASS" starttime="20220913 21:39:36.847" endtime="20220913 21:39:36.865"/>
</kw>
<status status="PASS" starttime="20220913 21:39:36.846" endtime="20220913 21:39:36.865"/>
</kw>
<kw name="Input Password" library="RPA.Browser.Selenium">
<arg>//*[@id="password"]</arg>
<arg>${Password}</arg>
<doc>Types the given password into the text field identified by ``locator``.</doc>
<msg timestamp="20220913 21:39:36.866" level="INFO">Typing password into text field '//*[@id="password"]'.</msg>
<msg timestamp="20220913 21:39:36.885" level="INFO">Temporally setting log level to: NONE</msg>
<msg timestamp="20220913 21:39:36.950" level="INFO">Log level changed from NONE to INFO.</msg>
<status status="PASS" starttime="20220913 21:39:36.866" endtime="20220913 21:39:36.950"/>
</kw>
<kw name="Click Element If Visible" library="RPA.Browser.Selenium">
<arg>//*[@id="txt_login"]</arg>
<doc>Click element if it is visible</doc>
<msg timestamp="20220913 21:39:36.970" level="INFO">Element '//*[@id="txt_login"]' is displayed.</msg>
<msg timestamp="20220913 21:39:36.970" level="INFO">Clicking element '//*[@id="txt_login"]'.</msg>
<status status="PASS" starttime="20220913 21:39:36.950" endtime="20220913 21:39:37.262"/>
</kw>
<kw name="Sleep" library="BuiltIn">
<arg>2s</arg>
<doc>Pauses the test executed for the given time.</doc>
<msg timestamp="20220913 21:39:39.263" level="INFO">Slept 2 seconds</msg>
<status status="PASS" starttime="20220913 21:39:37.263" endtime="20220913 21:39:39.263"/>
</kw>
<kw name="Is Element Visible" library="RPA.Browser.Selenium">
<var>${Login_err}</var>
<arg>//*[contains(text(),"Sorry! you have tried to enter invalid credentials")]</arg>
<doc>Is element visible</doc>
<msg timestamp="20220913 21:39:39.268" level="INFO" html="true">Ran with keyword &lt;b&gt;Element Should Be Visible&lt;/b&gt; which returned error: &lt;i&gt;Element with locator '//*[contains(text(),"Sorry! you have tried to enter invalid credentials")]' not found.&lt;/i&gt;</msg>
<msg timestamp="20220913 21:39:39.268" level="INFO">${Login_err} = False</msg>
<status status="PASS" starttime="20220913 21:39:39.263" endtime="20220913 21:39:39.268"/>
</kw>
<if>
<branch type="IF" condition="${Login_err}">
<kw name="Return From Keyword" library="BuiltIn">
<arg>fail</arg>
<doc>Returns from the enclosing user keyword.</doc>
<status status="NOT RUN" starttime="20220913 21:39:39.268" endtime="20220913 21:39:39.268"/>
</kw>
<status status="NOT RUN" starttime="20220913 21:39:39.268" endtime="20220913 21:39:39.268"/>
</branch>
<branch type="ELSE">
<kw name="Return From Keyword" library="BuiltIn">
<arg>pass</arg>
<doc>Returns from the enclosing user keyword.</doc>
<msg timestamp="20220913 21:39:39.268" level="INFO">Returning from the enclosing user keyword.</msg>
<status status="PASS" starttime="20220913 21:39:39.268" endtime="20220913 21:39:39.268"/>
</kw>
<status status="PASS" starttime="20220913 21:39:39.268" endtime="20220913 21:39:39.268"/>
</branch>
<status status="PASS" starttime="20220913 21:39:39.268" endtime="20220913 21:39:39.268"/>
</if>
<status status="PASS" starttime="20220913 21:39:36.724" endtime="20220913 21:39:39.268"/>
</kw>
<msg timestamp="20220913 21:39:39.268" level="INFO">${status} = pass</msg>
<status status="PASS" starttime="20220913 21:39:36.724" endtime="20220913 21:39:39.268"/>
</kw>
<kw name="Notebook Print" library="RPA.core.notebook">
<arg>${TestCase_Id}</arg>
<doc>Display IPython Markdown object in the notebook</doc>
<status status="PASS" starttime="20220913 21:39:39.268" endtime="20220913 21:39:39.268"/>
</kw>
<kw name="Update Excel Value" library="MyLibrary">
<arg>${File}</arg>
<arg>TEST CASE ID</arg>
<arg>${TestCase_Id}</arg>
<arg>Status</arg>
<arg>${status}</arg>
<doc>Updates the excel file with the given values.</doc>
<status status="PASS" starttime="20220913 21:39:39.268" endtime="20220913 21:39:39.443"/>
</kw>
<status status="PASS" starttime="20220913 21:39:36.523" endtime="20220913 21:39:39.443"/>
</iter>
<iter>
<var name="${element}">{'Date': None, 'TestCase_Id': 'TC_04', 'TestName': 'Portal Login with Email Notification', 'PageLoading_Text': None, 'UserName': None, 'Password': None}</var>
<kw name="Log To Console" library="BuiltIn">
<arg>${element}[TestName]</arg>
<doc>Logs the given message to the console.</doc>
<status status="PASS" starttime="20220913 21:39:39.443" endtime="20220913 21:39:39.443"/>
</kw>
<kw name="Set Variable" library="BuiltIn">
<var>${TestCase_Id}</var>
<arg>${element}[TestCase_Id]</arg>
<doc>Returns the given values which can then be assigned to a variables.</doc>
<msg timestamp="20220913 21:39:39.443" level="INFO">${TestCase_Id} = TC_04</msg>
<status status="PASS" starttime="20220913 21:39:39.443" endtime="20220913 21:39:39.443"/>
</kw>
<kw name="Get Delay" library="Data">
<var>${Delay}</var>
<arg>${element}[TestName]</arg>
<msg timestamp="20220913 21:39:39.598" level="INFO">Portal Launching
Quick Pay in Portal
Portal Login
Portal Login with Email Notification</msg>
<msg timestamp="20220913 21:39:39.598" level="INFO">${Delay} = 2.0</msg>
<status status="PASS" starttime="20220913 21:39:39.443" endtime="20220913 21:39:39.598"/>
</kw>
<kw name="Sleep" library="BuiltIn">
<arg>${Delay}</arg>
<doc>Pauses the test executed for the given time.</doc>
<msg timestamp="20220913 21:39:41.611" level="INFO">Slept 2 seconds</msg>
<status status="PASS" starttime="20220913 21:39:39.598" endtime="20220913 21:39:41.611"/>
</kw>
<kw name="Run Keyword" library="BuiltIn">
<var>${status}</var>
<arg>${element}[TestName]</arg>
<arg>${TestCase_Id}</arg>
<doc>Executes the given keyword with the given arguments.</doc>
<kw name="Portal Login with Email Notification">
<arg>${TestCase_Id}</arg>
<kw name="Is Element Visible" library="RPA.Browser.Selenium">
<var>${Email_Vis}</var>
<arg>//*[@id="modal"]//*[@id="Img1"]</arg>
<doc>Is element visible</doc>
<msg timestamp="20220913 21:39:41.642" level="INFO">Element '//*[@id="modal"]//*[@id="Img1"]' is displayed.</msg>
<msg timestamp="20220913 21:39:41.642" level="INFO">${Email_Vis} = True</msg>
<status status="PASS" starttime="20220913 21:39:41.613" endtime="20220913 21:39:41.642"/>
</kw>
<if>
<branch type="IF" condition="${Email_Vis}">
<kw name="Click Element When Visible" library="RPA.Browser.Selenium">
<arg>//*[@id="modal"]//*[@id="Img1"]</arg>
<doc>Click element identified by ``locator``, once it becomes visible.</doc>
<msg timestamp="20220913 21:39:41.667" level="INFO">Clicking element '//*[@id="modal"]//*[@id="Img1"]'.</msg>
<status status="PASS" starttime="20220913 21:39:41.642" endtime="20220913 21:39:41.791"/>
</kw>
<kw name="Return From Keyword" library="BuiltIn">
<arg>pass</arg>
<doc>Returns from the enclosing user keyword.</doc>
<msg timestamp="20220913 21:39:41.792" level="INFO">Returning from the enclosing user keyword.</msg>
<status status="PASS" starttime="20220913 21:39:41.791" endtime="20220913 21:39:41.792"/>
</kw>
<status status="PASS" starttime="20220913 21:39:41.642" endtime="20220913 21:39:41.792"/>
</branch>
<status status="PASS" starttime="20220913 21:39:41.642" endtime="20220913 21:39:41.792"/>
</if>
<status status="PASS" starttime="20220913 21:39:41.611" endtime="20220913 21:39:41.792"/>
</kw>
<msg timestamp="20220913 21:39:41.793" level="INFO">${status} = pass</msg>
<status status="PASS" starttime="20220913 21:39:41.611" endtime="20220913 21:39:41.793"/>
</kw>
<kw name="Notebook Print" library="RPA.core.notebook">
<arg>${TestCase_Id}</arg>
<doc>Display IPython Markdown object in the notebook</doc>
<status status="PASS" starttime="20220913 21:39:41.793" endtime="20220913 21:39:41.794"/>
</kw>
<kw name="Update Excel Value" library="MyLibrary">
<arg>${File}</arg>
<arg>TEST CASE ID</arg>
<arg>${TestCase_Id}</arg>
<arg>Status</arg>
<arg>${status}</arg>
<doc>Updates the excel file with the given values.</doc>
<status status="PASS" starttime="20220913 21:39:41.794" endtime="20220913 21:39:41.914"/>
</kw>
<status status="PASS" starttime="20220913 21:39:39.443" endtime="20220913 21:39:41.914"/>
</iter>
<iter>
<var name="${element}">{'Date': None, 'TestCase_Id': 'TC_05', 'TestName': 'Portal login with menus validation', 'PageLoading_Text': None, 'UserName': None, 'Password': None}</var>
<kw name="Log To Console" library="BuiltIn">
<arg>${element}[TestName]</arg>
<doc>Logs the given message to the console.</doc>
<status status="PASS" starttime="20220913 21:39:41.914" endtime="20220913 21:39:41.914"/>
</kw>
<kw name="Set Variable" library="BuiltIn">
<var>${TestCase_Id}</var>
<arg>${element}[TestCase_Id]</arg>
<doc>Returns the given values which can then be assigned to a variables.</doc>
<msg timestamp="20220913 21:39:41.914" level="INFO">${TestCase_Id} = TC_05</msg>
<status status="PASS" starttime="20220913 21:39:41.914" endtime="20220913 21:39:41.914"/>
</kw>
<kw name="Get Delay" library="Data">
<var>${Delay}</var>
<arg>${element}[TestName]</arg>
<msg timestamp="20220913 21:39:42.065" level="INFO">Portal Launching
Quick Pay in Portal
Portal Login
Portal Login with Email Notification
Portal login with menus validation</msg>
<msg timestamp="20220913 21:39:42.066" level="INFO">${Delay} = 0</msg>
<status status="PASS" starttime="20220913 21:39:41.914" endtime="20220913 21:39:42.066"/>
</kw>
<kw name="Sleep" library="BuiltIn">
<arg>${Delay}</arg>
<doc>Pauses the test executed for the given time.</doc>
<msg timestamp="20220913 21:39:42.066" level="INFO">Slept 0 seconds</msg>
<status status="PASS" starttime="20220913 21:39:42.066" endtime="20220913 21:39:42.067"/>
</kw>
<kw name="Run Keyword" library="BuiltIn">
<var>${status}</var>
<arg>${element}[TestName]</arg>
<arg>${TestCase_Id}</arg>
<doc>Executes the given keyword with the given arguments.</doc>
<kw name="Portal login with menus validation">
<arg>${TestCase_Id}</arg>
<kw name="Create List" library="BuiltIn">
<var>@{Menu_list}</var>
<arg>Make Payment</arg>
<arg>Customer Profile</arg>
<arg>Online Gold Loan Disbursal</arg>
<arg>Support</arg>
<arg>Download Pawn Ticket</arg>
<doc>Returns a list containing given items.</doc>
<msg timestamp="20220913 21:39:42.069" level="INFO">@{Menu_list} = [ Make Payment | Customer Profile | Online Gold Loan Disbursal | Support | Download Pawn Ticket ]</msg>
<status status="PASS" starttime="20220913 21:39:42.068" endtime="20220913 21:39:42.069"/>
</kw>
<for flavor="IN">
<var>${element}</var>
<value>@{Menu_list}</value>
<iter>
<var name="${element}">Make Payment</var>
<kw name="Is Element Visible" library="RPA.Browser.Selenium">
<var>${Menu_Vis}</var>
<arg>//*[contains(text(),"${element}")]</arg>
<doc>Is element visible</doc>
<msg timestamp="20220913 21:39:42.084" level="INFO">Element '//*[contains(text(),"Make Payment")]' is displayed.</msg>
<msg timestamp="20220913 21:39:42.084" level="INFO">${Menu_Vis} = True</msg>
<status status="PASS" starttime="20220913 21:39:42.070" endtime="20220913 21:39:42.084"/>
</kw>
<if>
<branch type="IF" condition="${Menu_Vis}">
<kw name="Set Variable" library="BuiltIn">
<var>${status}</var>
<arg>pass</arg>
<doc>Returns the given values which can then be assigned to a variables.</doc>
<msg timestamp="20220913 21:39:42.084" level="INFO">${status} = pass</msg>
<status status="PASS" starttime="20220913 21:39:42.084" endtime="20220913 21:39:42.084"/>
</kw>
<status status="PASS" starttime="20220913 21:39:42.084" endtime="20220913 21:39:42.084"/>
</branch>
<branch type="ELSE">
<kw name="Return From Keyword" library="BuiltIn">
<arg>fail</arg>
<doc>Returns from the enclosing user keyword.</doc>
<status status="NOT RUN" starttime="20220913 21:39:42.084" endtime="20220913 21:39:42.084"/>
</kw>
<status status="NOT RUN" starttime="20220913 21:39:42.084" endtime="20220913 21:39:42.084"/>
</branch>
<status status="PASS" starttime="20220913 21:39:42.084" endtime="20220913 21:39:42.084"/>
</if>
<status status="PASS" starttime="20220913 21:39:42.070" endtime="20220913 21:39:42.084"/>
</iter>
<iter>
<var name="${element}">Customer Profile</var>
<kw name="Is Element Visible" library="RPA.Browser.Selenium">
<var>${Menu_Vis}</var>
<arg>//*[contains(text(),"${element}")]</arg>
<doc>Is element visible</doc>
<msg timestamp="20220913 21:39:42.116" level="INFO">Element '//*[contains(text(),"Customer Profile")]' is displayed.</msg>
<msg timestamp="20220913 21:39:42.116" level="INFO">${Menu_Vis} = True</msg>
<status status="PASS" starttime="20220913 21:39:42.084" endtime="20220913 21:39:42.116"/>
</kw>
<if>
<branch type="IF" condition="${Menu_Vis}">
<kw name="Set Variable" library="BuiltIn">
<var>${status}</var>
<arg>pass</arg>
<doc>Returns the given values which can then be assigned to a variables.</doc>
<msg timestamp="20220913 21:39:42.116" level="INFO">${status} = pass</msg>
<status status="PASS" starttime="20220913 21:39:42.116" endtime="20220913 21:39:42.116"/>
</kw>
<status status="PASS" starttime="20220913 21:39:42.116" endtime="20220913 21:39:42.116"/>
</branch>
<branch type="ELSE">
<kw name="Return From Keyword" library="BuiltIn">
<arg>fail</arg>
<doc>Returns from the enclosing user keyword.</doc>
<status status="NOT RUN" starttime="20220913 21:39:42.116" endtime="20220913 21:39:42.116"/>
</kw>
<status status="NOT RUN" starttime="20220913 21:39:42.116" endtime="20220913 21:39:42.116"/>
</branch>
<status status="PASS" starttime="20220913 21:39:42.116" endtime="20220913 21:39:42.116"/>
</if>
<status status="PASS" starttime="20220913 21:39:42.084" endtime="20220913 21:39:42.116"/>
</iter>
<iter>
<var name="${element}">Online Gold Loan Disbursal</var>
<kw name="Is Element Visible" library="RPA.Browser.Selenium">
<var>${Menu_Vis}</var>
<arg>//*[contains(text(),"${element}")]</arg>
<doc>Is element visible</doc>
<msg timestamp="20220913 21:39:42.144" level="INFO">Element '//*[contains(text(),"Online Gold Loan Disbursal")]' is displayed.</msg>
<msg timestamp="20220913 21:39:42.145" level="INFO">${Menu_Vis} = True</msg>
<status status="PASS" starttime="20220913 21:39:42.116" endtime="20220913 21:39:42.145"/>
</kw>
<if>
<branch type="IF" condition="${Menu_Vis}">
<kw name="Set Variable" library="BuiltIn">
<var>${status}</var>
<arg>pass</arg>
<doc>Returns the given values which can then be assigned to a variables.</doc>
<msg timestamp="20220913 21:39:42.145" level="INFO">${status} = pass</msg>
<status status="PASS" starttime="20220913 21:39:42.145" endtime="20220913 21:39:42.145"/>
</kw>
<status status="PASS" starttime="20220913 21:39:42.145" endtime="20220913 21:39:42.145"/>
</branch>
<branch type="ELSE">
<kw name="Return From Keyword" library="BuiltIn">
<arg>fail</arg>
<doc>Returns from the enclosing user keyword.</doc>
<status status="NOT RUN" starttime="20220913 21:39:42.145" endtime="20220913 21:39:42.145"/>
</kw>
<status status="NOT RUN" starttime="20220913 21:39:42.145" endtime="20220913 21:39:42.145"/>
</branch>
<status status="PASS" starttime="20220913 21:39:42.145" endtime="20220913 21:39:42.145"/>
</if>
<status status="PASS" starttime="20220913 21:39:42.116" endtime="20220913 21:39:42.145"/>
</iter>
<iter>
<var name="${element}">Support</var>
<kw name="Is Element Visible" library="RPA.Browser.Selenium">
<var>${Menu_Vis}</var>
<arg>//*[contains(text(),"${element}")]</arg>
<doc>Is element visible</doc>
<msg timestamp="20220913 21:39:42.166" level="INFO">Element '//*[contains(text(),"Support")]' is displayed.</msg>
<msg timestamp="20220913 21:39:42.166" level="INFO">${Menu_Vis} = True</msg>
<status status="PASS" starttime="20220913 21:39:42.145" endtime="20220913 21:39:42.166"/>
</kw>
<if>
<branch type="IF" condition="${Menu_Vis}">
<kw name="Set Variable" library="BuiltIn">
<var>${status}</var>
<arg>pass</arg>
<doc>Returns the given values which can then be assigned to a variables.</doc>
<msg timestamp="20220913 21:39:42.167" level="INFO">${status} = pass</msg>
<status status="PASS" starttime="20220913 21:39:42.166" endtime="20220913 21:39:42.167"/>
</kw>
<status status="PASS" starttime="20220913 21:39:42.166" endtime="20220913 21:39:42.167"/>
</branch>
<branch type="ELSE">
<kw name="Return From Keyword" library="BuiltIn">
<arg>fail</arg>
<doc>Returns from the enclosing user keyword.</doc>
<status status="NOT RUN" starttime="20220913 21:39:42.167" endtime="20220913 21:39:42.167"/>
</kw>
<status status="NOT RUN" starttime="20220913 21:39:42.167" endtime="20220913 21:39:42.167"/>
</branch>
<status status="PASS" starttime="20220913 21:39:42.166" endtime="20220913 21:39:42.167"/>
</if>
<status status="PASS" starttime="20220913 21:39:42.145" endtime="20220913 21:39:42.167"/>
</iter>
<iter>
<var name="${element}">Download Pawn Ticket</var>
<kw name="Is Element Visible" library="RPA.Browser.Selenium">
<var>${Menu_Vis}</var>
<arg>//*[contains(text(),"${element}")]</arg>
<doc>Is element visible</doc>
<msg timestamp="20220913 21:39:42.183" level="INFO">Element '//*[contains(text(),"Download Pawn Ticket")]' is displayed.</msg>
<msg timestamp="20220913 21:39:42.183" level="INFO">${Menu_Vis} = True</msg>
<status status="PASS" starttime="20220913 21:39:42.167" endtime="20220913 21:39:42.183"/>
</kw>
<if>
<branch type="IF" condition="${Menu_Vis}">
<kw name="Set Variable" library="BuiltIn">
<var>${status}</var>
<arg>pass</arg>
<doc>Returns the given values which can then be assigned to a variables.</doc>
<msg timestamp="20220913 21:39:42.183" level="INFO">${status} = pass</msg>
<status status="PASS" starttime="20220913 21:39:42.183" endtime="20220913 21:39:42.183"/>
</kw>
<status status="PASS" starttime="20220913 21:39:42.183" endtime="20220913 21:39:42.183"/>
</branch>
<branch type="ELSE">
<kw name="Return From Keyword" library="BuiltIn">
<arg>fail</arg>
<doc>Returns from the enclosing user keyword.</doc>
<status status="NOT RUN" starttime="20220913 21:39:42.183" endtime="20220913 21:39:42.183"/>
</kw>
<status status="NOT RUN" starttime="20220913 21:39:42.183" endtime="20220913 21:39:42.183"/>
</branch>
<status status="PASS" starttime="20220913 21:39:42.183" endtime="20220913 21:39:42.183"/>
</if>
<status status="PASS" starttime="20220913 21:39:42.167" endtime="20220913 21:39:42.183"/>
</iter>
<status status="PASS" starttime="20220913 21:39:42.069" endtime="20220913 21:39:42.183"/>
</for>
<kw name="Return From Keyword" library="BuiltIn">
<arg>${status}</arg>
<doc>Returns from the enclosing user keyword.</doc>
<msg timestamp="20220913 21:39:42.183" level="INFO">Returning from the enclosing user keyword.</msg>
<status status="PASS" starttime="20220913 21:39:42.183" endtime="20220913 21:39:42.183"/>
</kw>
<status status="PASS" starttime="20220913 21:39:42.067" endtime="20220913 21:39:42.183"/>
</kw>
<msg timestamp="20220913 21:39:42.183" level="INFO">${status} = pass</msg>
<status status="PASS" starttime="20220913 21:39:42.067" endtime="20220913 21:39:42.183"/>
</kw>
<kw name="Notebook Print" library="RPA.core.notebook">
<arg>${TestCase_Id}</arg>
<doc>Display IPython Markdown object in the notebook</doc>
<status status="PASS" starttime="20220913 21:39:42.183" endtime="20220913 21:39:42.183"/>
</kw>
<kw name="Update Excel Value" library="MyLibrary">
<arg>${File}</arg>
<arg>TEST CASE ID</arg>
<arg>${TestCase_Id}</arg>
<arg>Status</arg>
<arg>${status}</arg>
<doc>Updates the excel file with the given values.</doc>
<status status="PASS" starttime="20220913 21:39:42.183" endtime="20220913 21:39:42.327"/>
</kw>
<status status="PASS" starttime="20220913 21:39:41.914" endtime="20220913 21:39:42.327"/>
</iter>
<iter>
<var name="${element}">{'Date': None, 'TestCase_Id': 'TC_06', 'TestName': 'Portal Login with the user verification', 'PageLoading_Text': None, 'UserName': 'JAYANTHI C V', 'Password': None}</var>
<kw name="Log To Console" library="BuiltIn">
<arg>${element}[TestName]</arg>
<doc>Logs the given message to the console.</doc>
<status status="PASS" starttime="20220913 21:39:42.327" endtime="20220913 21:39:42.343"/>
</kw>
<kw name="Set Variable" library="BuiltIn">
<var>${TestCase_Id}</var>
<arg>${element}[TestCase_Id]</arg>
<doc>Returns the given values which can then be assigned to a variables.</doc>
<msg timestamp="20220913 21:39:42.343" level="INFO">${TestCase_Id} = TC_06</msg>
<status status="PASS" starttime="20220913 21:39:42.343" endtime="20220913 21:39:42.343"/>
</kw>
<kw name="Get Delay" library="Data">
<var>${Delay}</var>
<arg>${element}[TestName]</arg>
<msg timestamp="20220913 21:39:42.499" level="INFO">Portal Launching
Quick Pay in Portal
Portal Login
Portal Login with Email Notification
Portal login with menus validation
Portal Login with the user verification</msg>
<msg timestamp="20220913 21:39:42.499" level="INFO">${Delay} = 2.0</msg>
<status status="PASS" starttime="20220913 21:39:42.343" endtime="20220913 21:39:42.499"/>
</kw>
<kw name="Sleep" library="BuiltIn">
<arg>${Delay}</arg>
<doc>Pauses the test executed for the given time.</doc>
<msg timestamp="20220913 21:39:44.505" level="INFO">Slept 2 seconds</msg>
<status status="PASS" starttime="20220913 21:39:42.499" endtime="20220913 21:39:44.505"/>
</kw>
<kw name="Run Keyword" library="BuiltIn">
<var>${status}</var>
<arg>${element}[TestName]</arg>
<arg>${TestCase_Id}</arg>
<doc>Executes the given keyword with the given arguments.</doc>
<kw name="Portal Login with the user verification">
<arg>${TestCase_Id}</arg>
<kw name="Set Variable" library="BuiltIn">
<var>${User}</var>
<arg>${details}[${TestCase_Id}][username]</arg>
<doc>Returns the given values which can then be assigned to a variables.</doc>
<msg timestamp="20220913 21:39:44.505" level="INFO">${User} = JAYANTHI C V</msg>
<status status="PASS" starttime="20220913 21:39:44.505" endtime="20220913 21:39:44.505"/>
</kw>
<kw name="Wait Until Element Is Visible" library="RPA.Browser.Selenium">
<arg>//*[@id="lbl_user_id"]</arg>
<doc>Waits until the element ``locator`` is visible.</doc>
<status status="PASS" starttime="20220913 21:39:44.505" endtime="20220913 21:39:44.536"/>
</kw>
<kw name="Get Text" library="RPA.Browser.Selenium">
<var>${User_name}</var>
<arg>//*[@id="lbl_user_id"]</arg>
<doc>Returns the text value of the element identified by ``locator``.</doc>
<msg timestamp="20220913 21:39:44.554" level="INFO">${User_name} = JAYANTHI C V</msg>
<status status="PASS" starttime="20220913 21:39:44.536" endtime="20220913 21:39:44.554"/>
</kw>
<if>
<branch type="IF" condition="'${User_name}' == '${User}'">
<kw name="Return From Keyword" library="BuiltIn">
<arg>pass</arg>
<doc>Returns from the enclosing user keyword.</doc>
<msg timestamp="20220913 21:39:44.555" level="INFO">Returning from the enclosing user keyword.</msg>
<status status="PASS" starttime="20220913 21:39:44.555" endtime="20220913 21:39:44.555"/>
</kw>
<status status="PASS" starttime="20220913 21:39:44.555" endtime="20220913 21:39:44.555"/>
</branch>
<branch type="ELSE">
<kw name="Return From Keyword" library="BuiltIn">
<arg>fail</arg>
<doc>Returns from the enclosing user keyword.</doc>
<status status="NOT RUN" starttime="20220913 21:39:44.555" endtime="20220913 21:39:44.555"/>
</kw>
<status status="NOT RUN" starttime="20220913 21:39:44.555" endtime="20220913 21:39:44.555"/>
</branch>
<status status="PASS" starttime="20220913 21:39:44.554" endtime="20220913 21:39:44.555"/>
</if>
<status status="PASS" starttime="20220913 21:39:44.505" endtime="20220913 21:39:44.556"/>
</kw>
<msg timestamp="20220913 21:39:44.556" level="INFO">${status} = pass</msg>
<status status="PASS" starttime="20220913 21:39:44.505" endtime="20220913 21:39:44.556"/>
</kw>
<kw name="Notebook Print" library="RPA.core.notebook">
<arg>${TestCase_Id}</arg>
<doc>Display IPython Markdown object in the notebook</doc>
<status status="PASS" starttime="20220913 21:39:44.556" endtime="20220913 21:39:44.556"/>
</kw>
<kw name="Update Excel Value" library="MyLibrary">
<arg>${File}</arg>
<arg>TEST CASE ID</arg>
<arg>${TestCase_Id}</arg>
<arg>Status</arg>
<arg>${status}</arg>
<doc>Updates the excel file with the given values.</doc>
<status status="PASS" starttime="20220913 21:39:44.556" endtime="20220913 21:39:44.646"/>
</kw>
<status status="PASS" starttime="20220913 21:39:42.327" endtime="20220913 21:39:44.646"/>
</iter>
<iter>
<var name="${element}">{'Date': None, 'TestCase_Id': 'TC_07', 'TestName': 'Portal sign out', 'PageLoading_Text': None, 'UserName': None, 'Password': None}</var>
<kw name="Log To Console" library="BuiltIn">
<arg>${element}[TestName]</arg>
<doc>Logs the given message to the console.</doc>
<status status="PASS" starttime="20220913 21:39:44.646" endtime="20220913 21:39:44.646"/>
</kw>
<kw name="Set Variable" library="BuiltIn">
<var>${TestCase_Id}</var>
<arg>${element}[TestCase_Id]</arg>
<doc>Returns the given values which can then be assigned to a variables.</doc>
<msg timestamp="20220913 21:39:44.646" level="INFO">${TestCase_Id} = TC_07</msg>
<status status="PASS" starttime="20220913 21:39:44.646" endtime="20220913 21:39:44.646"/>
</kw>
<kw name="Get Delay" library="Data">
<var>${Delay}</var>
<arg>${element}[TestName]</arg>
<msg timestamp="20220913 21:39:44.784" level="INFO">Portal Launching
Quick Pay in Portal
Portal Login
Portal Login with Email Notification
Portal login with menus validation
Portal Login with the user verification
Portal sign out</msg>
<msg timestamp="20220913 21:39:44.784" level="INFO">${Delay} = 2.0</msg>
<status status="PASS" starttime="20220913 21:39:44.646" endtime="20220913 21:39:44.784"/>
</kw>
<kw name="Sleep" library="BuiltIn">
<arg>${Delay}</arg>
<doc>Pauses the test executed for the given time.</doc>
<msg timestamp="20220913 21:39:46.789" level="INFO">Slept 2 seconds</msg>
<status status="PASS" starttime="20220913 21:39:44.784" endtime="20220913 21:39:46.789"/>
</kw>
<kw name="Run Keyword" library="BuiltIn">
<var>${status}</var>
<arg>${element}[TestName]</arg>
<arg>${TestCase_Id}</arg>
<doc>Executes the given keyword with the given arguments.</doc>
<kw name="Portal sign out">
<arg>${TestCase_Id}</arg>
<kw name="Wait Until Page Contains Element" library="RPA.Browser.Selenium">
<arg>//*[@class="top-links"]//*[contains(text(),"Sign Out")]</arg>
<doc>Waits until the element ``locator`` appears on the current page.</doc>
<status status="PASS" starttime="20220913 21:39:46.789" endtime="20220913 21:39:46.805"/>
</kw>
<kw name="Click Element" library="RPA.Browser.Selenium">
<arg>//*[@class="top-links"]//*[contains(text(),"Sign Out")]</arg>
<doc>Click the element identified by ``locator``.</doc>
<msg timestamp="20220913 21:39:46.805" level="INFO">Clicking element '//*[@class="top-links"]//*[contains(text(),"Sign Out")]'.</msg>
<status status="PASS" starttime="20220913 21:39:46.805" endtime="20220913 21:39:47.081"/>
</kw>
<kw name="Return From Keyword" library="BuiltIn">
<arg>pass</arg>
<doc>Returns from the enclosing user keyword.</doc>
<msg timestamp="20220913 21:39:47.086" level="INFO">Returning from the enclosing user keyword.</msg>
<status status="PASS" starttime="20220913 21:39:47.082" endtime="20220913 21:39:47.088"/>
</kw>
<status status="PASS" starttime="20220913 21:39:46.789" endtime="20220913 21:39:47.089"/>
</kw>
<msg timestamp="20220913 21:39:47.089" level="INFO">${status} = pass</msg>
<status status="PASS" starttime="20220913 21:39:46.789" endtime="20220913 21:39:47.089"/>
</kw>
<kw name="Notebook Print" library="RPA.core.notebook">
<arg>${TestCase_Id}</arg>
<doc>Display IPython Markdown object in the notebook</doc>
<status status="PASS" starttime="20220913 21:39:47.090" endtime="20220913 21:39:47.091"/>
</kw>
<kw name="Update Excel Value" library="MyLibrary">
<arg>${File}</arg>
<arg>TEST CASE ID</arg>
<arg>${TestCase_Id}</arg>
<arg>Status</arg>
<arg>${status}</arg>
<doc>Updates the excel file with the given values.</doc>
<status status="PASS" starttime="20220913 21:39:47.091" endtime="20220913 21:39:47.315"/>
</kw>
<status status="PASS" starttime="20220913 21:39:44.646" endtime="20220913 21:39:47.315"/>
</iter>
<iter>
<var name="${element}">{'Date': None, 'TestCase_Id': 'TC_08', 'TestName': 'PayTM Login', 'PageLoading_Text': None, 'UserName': None, 'Password': None}</var>
<kw name="Log To Console" library="BuiltIn">
<arg>${element}[TestName]</arg>
<doc>Logs the given message to the console.</doc>
<status status="PASS" starttime="20220913 21:39:47.315" endtime="20220913 21:39:47.318"/>
</kw>
<kw name="Set Variable" library="BuiltIn">
<var>${TestCase_Id}</var>
<arg>${element}[TestCase_Id]</arg>
<doc>Returns the given values which can then be assigned to a variables.</doc>
<msg timestamp="20220913 21:39:47.325" level="INFO">${TestCase_Id} = TC_08</msg>
<status status="PASS" starttime="20220913 21:39:47.321" endtime="20220913 21:39:47.326"/>
</kw>
<kw name="Get Delay" library="Data">
<var>${Delay}</var>
<arg>${element}[TestName]</arg>
<msg timestamp="20220913 21:39:47.648" level="INFO">Portal Launching
Quick Pay in Portal
Portal Login
Portal Login with Email Notification
Portal login with menus validation
Portal Login with the user verification
Portal sign out
PayTM Login</msg>
<msg timestamp="20220913 21:39:47.649" level="INFO">${Delay} = 2.0</msg>
<status status="PASS" starttime="20220913 21:39:47.328" endtime="20220913 21:39:47.649"/>
</kw>
<kw name="Sleep" library="BuiltIn">
<arg>${Delay}</arg>
<doc>Pauses the test executed for the given time.</doc>
<msg timestamp="20220913 21:39:49.654" level="INFO">Slept 2 seconds</msg>
<status status="PASS" starttime="20220913 21:39:47.649" endtime="20220913 21:39:49.654"/>
</kw>
<kw name="Run Keyword" library="BuiltIn">
<var>${status}</var>
<arg>${element}[TestName]</arg>
<arg>${TestCase_Id}</arg>
<doc>Executes the given keyword with the given arguments.</doc>
<kw name="PayTM Login">
<arg>${TestCase_Id}</arg>
<kw name="Wait Until Keyword Succeeds" library="BuiltIn">
<arg>3x</arg>
<arg>5</arg>
<arg>Wait Until Page contains Element</arg>
<arg>//*[@class="form-block-3 w-clearfix w-form"]//*[@class="image-2 paytmbtn "]</arg>
<doc>Runs the specified keyword and retries if it fails.</doc>
<kw name="Wait Until Page Contains Element" library="RPA.Browser.Selenium">
<arg>//*[@class="form-block-3 w-clearfix w-form"]//*[@class="image-2 paytmbtn "]</arg>
<doc>Waits until the element ``locator`` appears on the current page.</doc>
<status status="PASS" starttime="20220913 21:39:49.659" endtime="20220913 21:39:50.741"/>
</kw>
<status status="PASS" starttime="20220913 21:39:49.658" endtime="20220913 21:39:50.741"/>
</kw>
<kw name="Click Element" library="RPA.Browser.Selenium">
<arg>//*[@class="form-block-3 w-clearfix w-form"]//*[@class="image-2 paytmbtn "]</arg>
<doc>Click the element identified by ``locator``.</doc>
<msg timestamp="20220913 21:39:50.742" level="INFO">Clicking element '//*[@class="form-block-3 w-clearfix w-form"]//*[@class="image-2 paytmbtn "]'.</msg>
<status status="PASS" starttime="20220913 21:39:50.741" endtime="20220913 21:39:50.807"/>
</kw>
<kw name="Return From Keyword" library="BuiltIn">
<arg>pass</arg>
<doc>Returns from the enclosing user keyword.</doc>
<msg timestamp="20220913 21:39:50.808" level="INFO">Returning from the enclosing user keyword.</msg>
<status status="PASS" starttime="20220913 21:39:50.808" endtime="20220913 21:39:50.809"/>
</kw>
<status status="PASS" starttime="20220913 21:39:49.657" endtime="20220913 21:39:50.809"/>
</kw>
<msg timestamp="20220913 21:39:50.809" level="INFO">${status} = pass</msg>
<status status="PASS" starttime="20220913 21:39:49.655" endtime="20220913 21:39:50.810"/>
</kw>
<kw name="Notebook Print" library="RPA.core.notebook">
<arg>${TestCase_Id}</arg>
<doc>Display IPython Markdown object in the notebook</doc>
<status status="PASS" starttime="20220913 21:39:50.810" endtime="20220913 21:39:50.810"/>
</kw>
<kw name="Update Excel Value" library="MyLibrary">
<arg>${File}</arg>
<arg>TEST CASE ID</arg>
<arg>${TestCase_Id}</arg>
<arg>Status</arg>
<arg>${status}</arg>
<doc>Updates the excel file with the given values.</doc>
<status status="PASS" starttime="20220913 21:39:50.811" endtime="20220913 21:39:50.953"/>
</kw>
<status status="PASS" starttime="20220913 21:39:47.315" endtime="20220913 21:39:50.953"/>
</iter>
<status status="PASS" starttime="20220913 21:39:24.804" endtime="20220913 21:39:50.953"/>
</for>
<kw name="Sleep" library="BuiltIn">
<arg>2s</arg>
<doc>Pauses the test executed for the given time.</doc>
<msg timestamp="20220913 21:39:52.966" level="INFO">Slept 2 seconds</msg>
<status status="PASS" starttime="20220913 21:39:50.955" endtime="20220913 21:39:52.966"/>
</kw>
<kw name="Close All Browsers" library="RPA.Browser.Selenium">
<doc>Closes all open browsers and resets the browser cache.</doc>
<status status="PASS" starttime="20220913 21:39:52.967" endtime="20220913 21:39:55.261"/>
</kw>
<status status="PASS" starttime="20220913 21:39:24.295" endtime="20220913 21:39:55.261"/>
</test>
<doc>Template robot main suite.</doc>
<status status="PASS" starttime="20220913 21:39:19.449" endtime="20220913 21:39:55.261"/>
</suite>
<statistics>
<total>
<stat pass="1" fail="0" skip="0">All Tasks</stat>
</total>
<tag>
</tag>
<suite>
<stat pass="1" fail="0" skip="0" id="s1" name="Tasks">Tasks</stat>
</suite>
</statistics>
<errors>
</errors>
</robot>
