<?xml version="1.0" encoding="UTF-8"?>
<robot generator="Robot 5.0.1 (Python 3.9.13 on win32)" generated="20220913 10:32:40.102" rpa="true" schemaversion="3">
<suite id="s1" name="Tasks" source="c:\Users\Q0041\Documents\Robots\Manapuram\tasks.robot">
<test id="s1-t1" name="TC01" line="129">
<kw name="Portal Launching">
<kw name="Open Browser" library="RPA.Browser.Selenium">
<arg>${URL}</arg>
<arg>browser=Edge</arg>
<arg>executable_path=C:\\Users\\Q0041\\Documents\\Robots\\Manapuram\\msedgedriver.exe</arg>
<doc>Opens a new browser instance to the optional ``url``.</doc>
<msg timestamp="20220913 10:32:44.276" level="INFO">Opening browser 'Edge' to base url 'https://online.manappuram.com/'.</msg>
<status status="PASS" starttime="20220913 10:32:44.275" endtime="20220913 10:32:48.364"/>
</kw>
<kw name="Maximize Browser Window" library="RPA.Browser.Selenium">
<doc>Maximizes current browser window.</doc>
<status status="PASS" starttime="20220913 10:32:48.364" endtime="20220913 10:32:48.527"/>
</kw>
<kw name="Sleep" library="BuiltIn">
<arg>3s</arg>
<doc>Pauses the test executed for the given time.</doc>
<msg timestamp="20220913 10:32:51.548" level="INFO">Slept 3 seconds</msg>
<status status="PASS" starttime="20220913 10:32:48.527" endtime="20220913 10:32:51.548"/>
</kw>
<kw name="Is Element Visible" library="RPA.Browser.Selenium">
<var>${Text_Vis}</var>
<arg>//div[contains(text(),"Welcome To Manappuram Finance Limited Customer eService Portal")]</arg>
<doc>Is element visible</doc>
<msg timestamp="20220913 10:32:51.585" level="INFO">Element '//div[contains(text(),"Welcome To Manappuram Finance Limited Customer eService Portal")]' is displayed.</msg>
<msg timestamp="20220913 10:32:51.585" level="INFO">${Text_Vis} = True</msg>
<status status="PASS" starttime="20220913 10:32:51.549" endtime="20220913 10:32:51.585"/>
</kw>
<if>
<branch type="IF" condition="${Text_Vis}">
<kw name="Return From Keyword" library="BuiltIn">
<arg>pass</arg>
<doc>Returns from the enclosing user keyword.</doc>
<msg timestamp="20220913 10:32:51.585" level="INFO">Returning from the enclosing user keyword.</msg>
<status status="PASS" starttime="20220913 10:32:51.585" endtime="20220913 10:32:51.601"/>
</kw>
<status status="PASS" starttime="20220913 10:32:51.585" endtime="20220913 10:32:51.601"/>
</branch>
<branch type="ELSE">
<kw name="Return From Keyword" library="BuiltIn">
<arg>fail</arg>
<doc>Returns from the enclosing user keyword.</doc>
<status status="NOT RUN" starttime="20220913 10:32:51.601" endtime="20220913 10:32:51.601"/>
</kw>
<status status="NOT RUN" starttime="20220913 10:32:51.601" endtime="20220913 10:32:51.601"/>
</branch>
<status status="PASS" starttime="20220913 10:32:51.585" endtime="20220913 10:32:51.601"/>
</if>
<status status="PASS" starttime="20220913 10:32:44.275" endtime="20220913 10:32:51.601"/>
</kw>
<status status="PASS" starttime="20220913 10:32:44.274" endtime="20220913 10:32:51.601"/>
</test>
<test id="s1-t2" name="TC02" line="131">
<kw name="Portal Login">
<arg>9496292627</arg>
<arg>j9496292627</arg>
<kw name="Wait Until Keyword Succeeds" library="BuiltIn">
<arg>3x</arg>
<arg>5</arg>
<arg>Wait Until Element Is Visible</arg>
<arg>//*[@id="username"]</arg>
<doc>Runs the specified keyword and retries if it fails.</doc>
<kw name="Wait Until Element Is Visible" library="RPA.Browser.Selenium">
<arg>//*[@id="username"]</arg>
<doc>Waits until the element ``locator`` is visible.</doc>
<status status="PASS" starttime="20220913 10:32:51.607" endtime="20220913 10:32:51.640"/>
</kw>
<status status="PASS" starttime="20220913 10:32:51.607" endtime="20220913 10:32:51.640"/>
</kw>
<kw name="Input Text" library="RPA.Browser.Selenium">
<arg>//*[@id="username"]</arg>
<arg>${UserName}</arg>
<doc>Types the given ``text`` into the text field identified by ``locator``.</doc>
<msg timestamp="20220913 10:32:51.640" level="INFO">Typing text '9496292627' into text field '//*[@id="username"]'.</msg>
<status status="PASS" starttime="20220913 10:32:51.640" endtime="20220913 10:32:51.799"/>
</kw>
<kw name="Wait Until Keyword Succeeds" library="BuiltIn">
<arg>3x</arg>
<arg>5</arg>
<arg>Wait Until Element Is Visible</arg>
<arg>//*[@id="password"]</arg>
<doc>Runs the specified keyword and retries if it fails.</doc>
<kw name="Wait Until Element Is Visible" library="RPA.Browser.Selenium">
<arg>//*[@id="password"]</arg>
<doc>Waits until the element ``locator`` is visible.</doc>
<status status="PASS" starttime="20220913 10:32:51.799" endtime="20220913 10:32:51.831"/>
</kw>
<status status="PASS" starttime="20220913 10:32:51.799" endtime="20220913 10:32:51.831"/>
</kw>
<kw name="Input Password" library="RPA.Browser.Selenium">
<arg>//*[@id="password"]</arg>
<arg>${Password}</arg>
<doc>Types the given password into the text field identified by ``locator``.</doc>
<msg timestamp="20220913 10:32:51.831" level="INFO">Typing password into text field '//*[@id="password"]'.</msg>
<msg timestamp="20220913 10:32:51.883" level="INFO">Temporally setting log level to: NONE</msg>
<msg timestamp="20220913 10:32:51.946" level="INFO">Log level changed from NONE to INFO.</msg>
<status status="PASS" starttime="20220913 10:32:51.831" endtime="20220913 10:32:51.946"/>
</kw>
<kw name="Click Element If Visible" library="RPA.Browser.Selenium">
<arg>//*[@id="txt_login"]</arg>
<doc>Click element if it is visible</doc>
<msg timestamp="20220913 10:32:51.987" level="INFO">Element '//*[@id="txt_login"]' is displayed.</msg>
<msg timestamp="20220913 10:32:51.987" level="INFO">Clicking element '//*[@id="txt_login"]'.</msg>
<status status="PASS" starttime="20220913 10:32:51.954" endtime="20220913 10:32:52.372"/>
</kw>
<kw name="Sleep" library="BuiltIn">
<arg>2s</arg>
<doc>Pauses the test executed for the given time.</doc>
<msg timestamp="20220913 10:32:54.380" level="INFO">Slept 2 seconds</msg>
<status status="PASS" starttime="20220913 10:32:52.372" endtime="20220913 10:32:54.380"/>
</kw>
<kw name="Is Element Visible" library="RPA.Browser.Selenium">
<var>${Login_err}</var>
<arg>//*[contains(text(),"Sorry! you have tried to enter invalid credentials")]</arg>
<doc>Is element visible</doc>
<msg timestamp="20220913 10:32:54.404" level="INFO" html="true">Ran with keyword &lt;b&gt;Element Should Be Visible&lt;/b&gt; which returned error: &lt;i&gt;Element with locator '//*[contains(text(),"Sorry! you have tried to enter invalid credentials")]' not found.&lt;/i&gt;</msg>
<msg timestamp="20220913 10:32:54.404" level="INFO">${Login_err} = False</msg>
<status status="PASS" starttime="20220913 10:32:54.380" endtime="20220913 10:32:54.404"/>
</kw>
<if>
<branch type="IF" condition="${Login_err}">
<kw name="Return From Keyword" library="BuiltIn">
<arg>fail</arg>
<doc>Returns from the enclosing user keyword.</doc>
<status status="NOT RUN" starttime="20220913 10:32:54.404" endtime="20220913 10:32:54.404"/>
</kw>
<status status="NOT RUN" starttime="20220913 10:32:54.404" endtime="20220913 10:32:54.404"/>
</branch>
<branch type="ELSE">
<kw name="Return From Keyword" library="BuiltIn">
<arg>pass</arg>
<doc>Returns from the enclosing user keyword.</doc>
<msg timestamp="20220913 10:32:54.404" level="INFO">Returning from the enclosing user keyword.</msg>
<status status="PASS" starttime="20220913 10:32:54.404" endtime="20220913 10:32:54.404"/>
</kw>
<status status="PASS" starttime="20220913 10:32:54.404" endtime="20220913 10:32:54.404"/>
</branch>
<status status="PASS" starttime="20220913 10:32:54.404" endtime="20220913 10:32:54.404"/>
</if>
<status status="PASS" starttime="20220913 10:32:51.606" endtime="20220913 10:32:54.404"/>
</kw>
<status status="PASS" starttime="20220913 10:32:51.605" endtime="20220913 10:32:54.404"/>
</test>
<doc>Template robot main suite.</doc>
<status status="PASS" starttime="20220913 10:32:40.105" endtime="20220913 10:32:54.413"/>
</suite>
<statistics>
<total>
<stat pass="2" fail="0" skip="0">All Tasks</stat>
</total>
<tag>
</tag>
<suite>
<stat pass="2" fail="0" skip="0" id="s1" name="Tasks">Tasks</stat>
</suite>
</statistics>
<errors>
</errors>
</robot>
